<?xml version="1.0" encoding="UTF-8"?>
<!-- Generated by org.testng.reporters.JUnitXMLReporter -->
<testsuite hostname="DESKTOP-N8UCBGL" name="NonLogin" tests="946" failures="15" timestamp="18 Apr 2017 16:31:55 GMT" time="17961.521" errors="0">
  <testcase name="runAdd" time="64.289" classname="swiftpass.testcase.runners.MerchantTestCaseRunner"/>
  <testcase name="runAdd" time="24.001" classname="swiftpass.testcase.runners.MerchantTestCaseRunner"/>
  <testcase name="runAdd" time="23.886" classname="swiftpass.testcase.runners.MerchantTestCaseRunner"/>
  <testcase name="runAdd" time="23.926" classname="swiftpass.testcase.runners.MerchantTestCaseRunner"/>
  <testcase name="runAdd" time="21.791" classname="swiftpass.testcase.runners.MerchantTestCaseRunner"/>
  <testcase name="runAdd" time="23.918" classname="swiftpass.testcase.runners.MerchantTestCaseRunner"/>
  <testcase name="runAdd" time="15.502" classname="swiftpass.testcase.runners.MerchantTestCaseRunner"/>
  <testcase name="runAdd" time="19.685" classname="swiftpass.testcase.runners.MerchantTestCaseRunner"/>
  <testcase name="runAdd" time="23.822" classname="swiftpass.testcase.runners.MerchantTestCaseRunner"/>
  <testcase name="runAdd" time="23.932" classname="swiftpass.testcase.runners.MerchantTestCaseRunner"/>
  <testcase name="runAdd" time="24.002" classname="swiftpass.testcase.runners.MerchantTestCaseRunner"/>
  <testcase name="runAdd" time="23.849" classname="swiftpass.testcase.runners.MerchantTestCaseRunner"/>
  <testcase name="runAdd" time="23.921" classname="swiftpass.testcase.runners.MerchantTestCaseRunner"/>
  <testcase name="runAdd" time="23.941" classname="swiftpass.testcase.runners.MerchantTestCaseRunner"/>
  <testcase name="runAdd" time="21.643" classname="swiftpass.testcase.runners.MerchantTestCaseRunner"/>
  <testcase name="runAdd" time="24.029" classname="swiftpass.testcase.runners.MerchantTestCaseRunner"/>
  <testcase name="runAdd" time="24.007" classname="swiftpass.testcase.runners.MerchantTestCaseRunner"/>
  <testcase name="runAdd" time="23.837" classname="swiftpass.testcase.runners.MerchantTestCaseRunner"/>
  <testcase name="runAdd" time="23.831" classname="swiftpass.testcase.runners.MerchantTestCaseRunner"/>
  <testcase name="runAdd" time="23.96" classname="swiftpass.testcase.runners.MerchantTestCaseRunner"/>
  <testcase name="runAdd" time="23.824" classname="swiftpass.testcase.runners.MerchantTestCaseRunner"/>
  <testcase name="runAdd" time="23.959" classname="swiftpass.testcase.runners.MerchantTestCaseRunner"/>
  <testcase name="runAdd" time="23.867" classname="swiftpass.testcase.runners.MerchantTestCaseRunner"/>
  <testcase name="runAdd" time="23.841" classname="swiftpass.testcase.runners.MerchantTestCaseRunner"/>
  <testcase name="runAdd" time="33.442" classname="swiftpass.testcase.runners.MerchantTestCaseRunner"/>
  <testcase name="runAdd" time="35.154" classname="swiftpass.testcase.runners.MerchantTestCaseRunner"/>
  <testcase name="runAdd" time="24.477" classname="swiftpass.testcase.runners.MerchantTestCaseRunner"/>
  <testcase name="runAdd" time="63.621" classname="swiftpass.testcase.runners.MerchantTestCaseRunner"/>
  <testcase name="runAdd" time="23.82" classname="swiftpass.testcase.runners.MerchantTestCaseRunner"/>
  <testcase name="runAdd" time="23.924" classname="swiftpass.testcase.runners.MerchantTestCaseRunner"/>
  <testcase name="runAdd" time="23.91" classname="swiftpass.testcase.runners.MerchantTestCaseRunner"/>
  <testcase name="runAdd" time="21.715" classname="swiftpass.testcase.runners.MerchantTestCaseRunner"/>
  <testcase name="runAdd" time="23.884" classname="swiftpass.testcase.runners.MerchantTestCaseRunner"/>
  <testcase name="runAdd" time="15.306" classname="swiftpass.testcase.runners.MerchantTestCaseRunner"/>
  <testcase name="runAdd" time="19.591" classname="swiftpass.testcase.runners.MerchantTestCaseRunner"/>
  <testcase name="runAdd" time="23.686" classname="swiftpass.testcase.runners.MerchantTestCaseRunner"/>
  <testcase name="runAdd" time="23.713" classname="swiftpass.testcase.runners.MerchantTestCaseRunner"/>
  <testcase name="runAdd" time="23.758" classname="swiftpass.testcase.runners.MerchantTestCaseRunner"/>
  <testcase name="runAdd" time="23.826" classname="swiftpass.testcase.runners.MerchantTestCaseRunner"/>
  <testcase name="runAdd" time="23.719" classname="swiftpass.testcase.runners.MerchantTestCaseRunner"/>
  <testcase name="runAdd" time="23.925" classname="swiftpass.testcase.runners.MerchantTestCaseRunner"/>
  <testcase name="runAdd" time="21.676" classname="swiftpass.testcase.runners.MerchantTestCaseRunner"/>
  <testcase name="runAdd" time="23.884" classname="swiftpass.testcase.runners.MerchantTestCaseRunner"/>
  <testcase name="runAdd" time="23.785" classname="swiftpass.testcase.runners.MerchantTestCaseRunner"/>
  <testcase name="runAdd" time="23.815" classname="swiftpass.testcase.runners.MerchantTestCaseRunner"/>
  <testcase name="runAdd" time="23.803" classname="swiftpass.testcase.runners.MerchantTestCaseRunner"/>
  <testcase name="runAdd" time="23.872" classname="swiftpass.testcase.runners.MerchantTestCaseRunner"/>
  <testcase name="runAdd" time="23.842" classname="swiftpass.testcase.runners.MerchantTestCaseRunner"/>
  <testcase name="runAdd" time="23.772" classname="swiftpass.testcase.runners.MerchantTestCaseRunner"/>
  <testcase name="runAdd" time="23.767" classname="swiftpass.testcase.runners.MerchantTestCaseRunner"/>
  <testcase name="runAdd" time="23.919" classname="swiftpass.testcase.runners.MerchantTestCaseRunner"/>
  <testcase name="runAdd" time="33.373" classname="swiftpass.testcase.runners.MerchantTestCaseRunner"/>
  <testcase name="runAdd" time="35.16" classname="swiftpass.testcase.runners.MerchantTestCaseRunner"/>
  <testcase name="runAdd" time="24.495" classname="swiftpass.testcase.runners.MerchantTestCaseRunner"/>
  <testcase name="runEdit" time="46.046" classname="swiftpass.testcase.runners.MerchantTestCaseRunner"/>
  <testcase name="runEdit" time="45.435" classname="swiftpass.testcase.runners.MerchantTestCaseRunner"/>
  <testcase name="runEdit" time="11.357" classname="swiftpass.testcase.runners.MerchantTestCaseRunner"/>
  <testcase name="runEdit" time="19.178" classname="swiftpass.testcase.runners.MerchantTestCaseRunner"/>
  <testcase name="runEdit" time="19.19" classname="swiftpass.testcase.runners.MerchantTestCaseRunner"/>
  <testcase name="runEdit" time="19.155" classname="swiftpass.testcase.runners.MerchantTestCaseRunner"/>
  <testcase name="runEdit" time="19.18" classname="swiftpass.testcase.runners.MerchantTestCaseRunner"/>
  <testcase name="runEdit" time="19.21" classname="swiftpass.testcase.runners.MerchantTestCaseRunner"/>
  <testcase name="runEdit" time="19.149" classname="swiftpass.testcase.runners.MerchantTestCaseRunner"/>
  <testcase name="runEdit" time="19.308" classname="swiftpass.testcase.runners.MerchantTestCaseRunner"/>
  <testcase name="runEdit" time="45.523" classname="swiftpass.testcase.runners.MerchantTestCaseRunner"/>
  <testcase name="runEdit" time="19.255" classname="swiftpass.testcase.runners.MerchantTestCaseRunner"/>
  <testcase name="runEdit" time="19.183" classname="swiftpass.testcase.runners.MerchantTestCaseRunner"/>
  <testcase name="runEdit" time="19.183" classname="swiftpass.testcase.runners.MerchantTestCaseRunner"/>
  <testcase name="runEdit" time="19.114" classname="swiftpass.testcase.runners.MerchantTestCaseRunner"/>
  <testcase name="runEdit" time="19.214" classname="swiftpass.testcase.runners.MerchantTestCaseRunner"/>
  <testcase name="runEdit" time="19.208" classname="swiftpass.testcase.runners.MerchantTestCaseRunner"/>
  <testcase name="runEdit" time="19.233" classname="swiftpass.testcase.runners.MerchantTestCaseRunner"/>
  <testcase name="runEdit" time="19.243" classname="swiftpass.testcase.runners.MerchantTestCaseRunner"/>
  <testcase name="runEdit" time="28.699" classname="swiftpass.testcase.runners.MerchantTestCaseRunner"/>
  <testcase name="runEdit" time="30.433" classname="swiftpass.testcase.runners.MerchantTestCaseRunner"/>
  <testcase name="runAudit" time="17.642" classname="swiftpass.testcase.runners.MerchantTestCaseRunner"/>
  <testcase name="runAudit" time="17.583" classname="swiftpass.testcase.runners.MerchantTestCaseRunner"/>
  <testcase name="runAudit" time="17.63" classname="swiftpass.testcase.runners.MerchantTestCaseRunner"/>
  <testcase name="runAudit" time="17.638" classname="swiftpass.testcase.runners.MerchantTestCaseRunner"/>
  <testcase name="runAudit" time="17.669" classname="swiftpass.testcase.runners.MerchantTestCaseRunner"/>
  <testcase name="runAudit" time="17.579" classname="swiftpass.testcase.runners.MerchantTestCaseRunner"/>
  <testcase name="runAudit" time="5.748" classname="swiftpass.testcase.runners.MerchantTestCaseRunner"/>
  <testcase name="runAudit" time="17.539" classname="swiftpass.testcase.runners.MerchantTestCaseRunner"/>
  <testcase name="runAudit" time="17.701" classname="swiftpass.testcase.runners.MerchantTestCaseRunner"/>
  <testcase name="runAudit" time="17.663" classname="swiftpass.testcase.runners.MerchantTestCaseRunner"/>
  <testcase name="runAudit" time="17.703" classname="swiftpass.testcase.runners.MerchantTestCaseRunner"/>
  <testcase name="runAudit" time="19.762" classname="swiftpass.testcase.runners.MerchantTestCaseRunner"/>
  <testcase name="runAudit" time="17.698" classname="swiftpass.testcase.runners.MerchantTestCaseRunner"/>
  <testcase name="runAudit" time="5.827" classname="swiftpass.testcase.runners.MerchantTestCaseRunner"/>
  <testcase name="runAudit" time="16.973" classname="swiftpass.testcase.runners.MerchantTestCaseRunner"/>
  <testcase name="runAudit" time="17.617" classname="swiftpass.testcase.runners.MerchantTestCaseRunner"/>
  <testcase name="runAudit" time="17.094" classname="swiftpass.testcase.runners.MerchantTestCaseRunner"/>
  <testcase name="runAudit" time="17.564" classname="swiftpass.testcase.runners.MerchantTestCaseRunner"/>
  <testcase name="runAudit" time="17.765" classname="swiftpass.testcase.runners.MerchantTestCaseRunner"/>
  <testcase name="runAudit" time="17.516" classname="swiftpass.testcase.runners.MerchantTestCaseRunner"/>
  <testcase name="runAudit" time="5.805" classname="swiftpass.testcase.runners.MerchantTestCaseRunner"/>
  <testcase name="runAudit" time="17.51" classname="swiftpass.testcase.runners.MerchantTestCaseRunner"/>
  <testcase name="runAudit" time="17.573" classname="swiftpass.testcase.runners.MerchantTestCaseRunner"/>
  <testcase name="runAudit" time="17.661" classname="swiftpass.testcase.runners.MerchantTestCaseRunner"/>
  <testcase name="runAudit" time="17.612" classname="swiftpass.testcase.runners.MerchantTestCaseRunner"/>
  <testcase name="runAudit" time="18.756" classname="swiftpass.testcase.runners.MerchantTestCaseRunner"/>
  <testcase name="runAudit" time="17.621" classname="swiftpass.testcase.runners.MerchantTestCaseRunner"/>
  <testcase name="runAudit" time="17.674" classname="swiftpass.testcase.runners.MerchantTestCaseRunner"/>
  <testcase name="runAudit" time="17.69" classname="swiftpass.testcase.runners.MerchantTestCaseRunner"/>
  <testcase name="runAudit" time="17.741" classname="swiftpass.testcase.runners.MerchantTestCaseRunner"/>
  <testcase name="runAudit" time="17.653" classname="swiftpass.testcase.runners.MerchantTestCaseRunner"/>
  <testcase name="runAudit" time="5.831" classname="swiftpass.testcase.runners.MerchantTestCaseRunner"/>
  <testcase name="runAudit" time="17.557" classname="swiftpass.testcase.runners.MerchantTestCaseRunner"/>
  <testcase name="runAudit" time="17.601" classname="swiftpass.testcase.runners.MerchantTestCaseRunner"/>
  <testcase name="runAudit" time="17.695" classname="swiftpass.testcase.runners.MerchantTestCaseRunner"/>
  <testcase name="runAudit" time="17.621" classname="swiftpass.testcase.runners.MerchantTestCaseRunner"/>
  <testcase name="runAudit" time="17.547" classname="swiftpass.testcase.runners.MerchantTestCaseRunner"/>
  <testcase name="runAudit" time="17.658" classname="swiftpass.testcase.runners.MerchantTestCaseRunner"/>
  <testcase name="runAudit" time="5.824" classname="swiftpass.testcase.runners.MerchantTestCaseRunner"/>
  <testcase name="runAudit" time="17.592" classname="swiftpass.testcase.runners.MerchantTestCaseRunner"/>
  <testcase name="runAudit" time="17.664" classname="swiftpass.testcase.runners.MerchantTestCaseRunner"/>
  <testcase name="runAudit" time="17.606" classname="swiftpass.testcase.runners.MerchantTestCaseRunner"/>
  <testcase name="runAudit" time="17.608" classname="swiftpass.testcase.runners.MerchantTestCaseRunner"/>
  <testcase name="runAudit" time="17.681" classname="swiftpass.testcase.runners.MerchantTestCaseRunner"/>
  <testcase name="runAudit" time="17.583" classname="swiftpass.testcase.runners.MerchantTestCaseRunner"/>
  <testcase name="runAudit" time="5.791" classname="swiftpass.testcase.runners.MerchantTestCaseRunner"/>
  <testcase name="runAudit" time="17.564" classname="swiftpass.testcase.runners.MerchantTestCaseRunner"/>
  <testcase name="runAudit" time="17.672" classname="swiftpass.testcase.runners.MerchantTestCaseRunner"/>
  <testcase name="runAudit" time="17.624" classname="swiftpass.testcase.runners.MerchantTestCaseRunner"/>
  <testcase name="runAudit" time="17.661" classname="swiftpass.testcase.runners.MerchantTestCaseRunner"/>
  <testcase name="runAudit" time="11.37" classname="swiftpass.testcase.runners.MerchantTestCaseRunner"/>
  <testcase name="runAudit" time="26.049" classname="swiftpass.testcase.runners.MerchantTestCaseRunner"/>
  <testcase name="runAudit" time="27.776" classname="swiftpass.testcase.runners.MerchantTestCaseRunner"/>
  <testcase name="runActive" time="17.63" classname="swiftpass.testcase.runners.MerchantTestCaseRunner"/>
  <testcase name="runActive" time="17.615" classname="swiftpass.testcase.runners.MerchantTestCaseRunner"/>
  <testcase name="runActive" time="17.61" classname="swiftpass.testcase.runners.MerchantTestCaseRunner"/>
  <testcase name="runActive" time="17.685" classname="swiftpass.testcase.runners.MerchantTestCaseRunner"/>
  <testcase name="runActive" time="17.706" classname="swiftpass.testcase.runners.MerchantTestCaseRunner"/>
  <testcase name="runActive" time="17.677" classname="swiftpass.testcase.runners.MerchantTestCaseRunner"/>
  <testcase name="runActive" time="17.632" classname="swiftpass.testcase.runners.MerchantTestCaseRunner"/>
  <testcase name="runActive" time="17.718" classname="swiftpass.testcase.runners.MerchantTestCaseRunner"/>
  <testcase name="runActive" time="17.595" classname="swiftpass.testcase.runners.MerchantTestCaseRunner"/>
  <testcase name="runActive" time="17.62" classname="swiftpass.testcase.runners.MerchantTestCaseRunner"/>
  <testcase name="runActive" time="17.611" classname="swiftpass.testcase.runners.MerchantTestCaseRunner"/>
  <testcase name="runActive" time="17.691" classname="swiftpass.testcase.runners.MerchantTestCaseRunner"/>
  <testcase name="runActive" time="37.751" classname="swiftpass.testcase.runners.MerchantTestCaseRunner"/>
  <testcase name="runActive" time="17.648" classname="swiftpass.testcase.runners.MerchantTestCaseRunner"/>
  <testcase name="runActive" time="17.704" classname="swiftpass.testcase.runners.MerchantTestCaseRunner"/>
  <testcase name="runActive" time="17.165" classname="swiftpass.testcase.runners.MerchantTestCaseRunner"/>
  <testcase name="runActive" time="17.598" classname="swiftpass.testcase.runners.MerchantTestCaseRunner"/>
  <testcase name="runActive" time="17.653" classname="swiftpass.testcase.runners.MerchantTestCaseRunner"/>
  <testcase name="runActive" time="17.665" classname="swiftpass.testcase.runners.MerchantTestCaseRunner"/>
  <testcase name="runActive" time="17.647" classname="swiftpass.testcase.runners.MerchantTestCaseRunner"/>
  <testcase name="runActive" time="17.756" classname="swiftpass.testcase.runners.MerchantTestCaseRunner"/>
  <testcase name="runActive" time="17.539" classname="swiftpass.testcase.runners.MerchantTestCaseRunner"/>
  <testcase name="runActive" time="37.674" classname="swiftpass.testcase.runners.MerchantTestCaseRunner"/>
  <testcase name="runActive" time="17.57" classname="swiftpass.testcase.runners.MerchantTestCaseRunner"/>
  <testcase name="runActive" time="17.723" classname="swiftpass.testcase.runners.MerchantTestCaseRunner"/>
  <testcase name="runActive" time="17.626" classname="swiftpass.testcase.runners.MerchantTestCaseRunner"/>
  <testcase name="runActive" time="17.633" classname="swiftpass.testcase.runners.MerchantTestCaseRunner"/>
  <testcase name="runActive" time="17.545" classname="swiftpass.testcase.runners.MerchantTestCaseRunner"/>
  <testcase name="runActive" time="17.578" classname="swiftpass.testcase.runners.MerchantTestCaseRunner"/>
  <testcase name="runActive" time="17.757" classname="swiftpass.testcase.runners.MerchantTestCaseRunner"/>
  <testcase name="runActive" time="18.574" classname="swiftpass.testcase.runners.MerchantTestCaseRunner"/>
  <testcase name="runActive" time="17.775" classname="swiftpass.testcase.runners.MerchantTestCaseRunner"/>
  <testcase name="runActive" time="37.72" classname="swiftpass.testcase.runners.MerchantTestCaseRunner"/>
  <testcase name="runActive" time="17.665" classname="swiftpass.testcase.runners.MerchantTestCaseRunner"/>
  <testcase name="runActive" time="17.698" classname="swiftpass.testcase.runners.MerchantTestCaseRunner"/>
  <testcase name="runActive" time="17.146" classname="swiftpass.testcase.runners.MerchantTestCaseRunner"/>
  <testcase name="runActive" time="17.683" classname="swiftpass.testcase.runners.MerchantTestCaseRunner"/>
  <testcase name="runActive" time="17.585" classname="swiftpass.testcase.runners.MerchantTestCaseRunner"/>
  <testcase name="runActive" time="17.599" classname="swiftpass.testcase.runners.MerchantTestCaseRunner"/>
  <testcase name="runActive" time="17.637" classname="swiftpass.testcase.runners.MerchantTestCaseRunner"/>
  <testcase name="runActive" time="17.638" classname="swiftpass.testcase.runners.MerchantTestCaseRunner"/>
  <testcase name="runActive" time="17.588" classname="swiftpass.testcase.runners.MerchantTestCaseRunner"/>
  <testcase name="runActive" time="17.717" classname="swiftpass.testcase.runners.MerchantTestCaseRunner"/>
  <testcase name="runActive" time="17.622" classname="swiftpass.testcase.runners.MerchantTestCaseRunner"/>
  <testcase name="runActive" time="17.561" classname="swiftpass.testcase.runners.MerchantTestCaseRunner"/>
  <testcase name="runActive" time="17.624" classname="swiftpass.testcase.runners.MerchantTestCaseRunner"/>
  <testcase name="runActive" time="17.648" classname="swiftpass.testcase.runners.MerchantTestCaseRunner"/>
  <testcase name="runActive" time="17.677" classname="swiftpass.testcase.runners.MerchantTestCaseRunner"/>
  <testcase name="runActive" time="17.541" classname="swiftpass.testcase.runners.MerchantTestCaseRunner"/>
  <testcase name="runActive" time="17.65" classname="swiftpass.testcase.runners.MerchantTestCaseRunner"/>
  <testcase name="runActive" time="17.649" classname="swiftpass.testcase.runners.MerchantTestCaseRunner"/>
  <testcase name="runActive" time="37.889" classname="swiftpass.testcase.runners.MerchantTestCaseRunner"/>
  <testcase name="runActive" time="17.682" classname="swiftpass.testcase.runners.MerchantTestCaseRunner"/>
  <testcase name="runActive" time="17.666" classname="swiftpass.testcase.runners.MerchantTestCaseRunner"/>
  <testcase name="runActive" time="17.643" classname="swiftpass.testcase.runners.MerchantTestCaseRunner"/>
  <testcase name="runActive" time="17.489" classname="swiftpass.testcase.runners.MerchantTestCaseRunner"/>
  <testcase name="runActive" time="17.626" classname="swiftpass.testcase.runners.MerchantTestCaseRunner"/>
  <testcase name="runActive" time="17.216" classname="swiftpass.testcase.runners.MerchantTestCaseRunner"/>
  <testcase name="runActive" time="17.644" classname="swiftpass.testcase.runners.MerchantTestCaseRunner"/>
  <testcase name="runActive" time="17.656" classname="swiftpass.testcase.runners.MerchantTestCaseRunner"/>
  <testcase name="runActive" time="17.634" classname="swiftpass.testcase.runners.MerchantTestCaseRunner"/>
  <testcase name="runActive" time="37.412" classname="swiftpass.testcase.runners.MerchantTestCaseRunner"/>
  <testcase name="runActive" time="17.621" classname="swiftpass.testcase.runners.MerchantTestCaseRunner"/>
  <testcase name="runActive" time="17.161" classname="swiftpass.testcase.runners.MerchantTestCaseRunner"/>
  <testcase name="runActive" time="17.64" classname="swiftpass.testcase.runners.MerchantTestCaseRunner"/>
  <testcase name="runActive" time="17.623" classname="swiftpass.testcase.runners.MerchantTestCaseRunner"/>
  <testcase name="runActive" time="17.193" classname="swiftpass.testcase.runners.MerchantTestCaseRunner"/>
  <testcase name="runActive" time="17.591" classname="swiftpass.testcase.runners.MerchantTestCaseRunner"/>
  <testcase name="runActive" time="17.32" classname="swiftpass.testcase.runners.MerchantTestCaseRunner"/>
  <testcase name="runActive" time="17.279" classname="swiftpass.testcase.runners.MerchantTestCaseRunner"/>
  <testcase name="runActive" time="17.233" classname="swiftpass.testcase.runners.MerchantTestCaseRunner"/>
  <testcase name="runActive" time="37.743" classname="swiftpass.testcase.runners.MerchantTestCaseRunner"/>
  <testcase name="runActive" time="17.545" classname="swiftpass.testcase.runners.MerchantTestCaseRunner"/>
  <testcase name="runActive" time="17.292" classname="swiftpass.testcase.runners.MerchantTestCaseRunner"/>
  <testcase name="runActive" time="17.57" classname="swiftpass.testcase.runners.MerchantTestCaseRunner"/>
  <testcase name="runActive" time="17.709" classname="swiftpass.testcase.runners.MerchantTestCaseRunner"/>
  <testcase name="runActive" time="17.814" classname="swiftpass.testcase.runners.MerchantTestCaseRunner"/>
  <testcase name="runActive" time="17.615" classname="swiftpass.testcase.runners.MerchantTestCaseRunner"/>
  <testcase name="runActive" time="11.251" classname="swiftpass.testcase.runners.MerchantTestCaseRunner"/>
  <testcase name="runActive" time="26.049" classname="swiftpass.testcase.runners.MerchantTestCaseRunner"/>
  <testcase name="runActive" time="27.779" classname="swiftpass.testcase.runners.MerchantTestCaseRunner"/>
  <testcase name="runAAA" time="17.119" classname="swiftpass.testcase.runners.MerchantTestCaseRunner"/>
  <testcase name="runAAA" time="17.178" classname="swiftpass.testcase.runners.MerchantTestCaseRunner"/>
  <testcase name="runAAA" time="17.181" classname="swiftpass.testcase.runners.MerchantTestCaseRunner"/>
  <testcase name="runAAA" time="17.128" classname="swiftpass.testcase.runners.MerchantTestCaseRunner"/>
  <testcase name="runAAA" time="17.131" classname="swiftpass.testcase.runners.MerchantTestCaseRunner"/>
  <testcase name="runAAA" time="17.222" classname="swiftpass.testcase.runners.MerchantTestCaseRunner"/>
  <testcase name="runAAA" time="17.117" classname="swiftpass.testcase.runners.MerchantTestCaseRunner"/>
  <testcase name="runAAA" time="17.154" classname="swiftpass.testcase.runners.MerchantTestCaseRunner"/>
  <testcase name="runAAA" time="17.215" classname="swiftpass.testcase.runners.MerchantTestCaseRunner"/>
  <testcase name="runAAA" time="17.286" classname="swiftpass.testcase.runners.MerchantTestCaseRunner"/>
  <testcase name="runAAA" time="17.179" classname="swiftpass.testcase.runners.MerchantTestCaseRunner"/>
  <testcase name="runAAA" time="17.208" classname="swiftpass.testcase.runners.MerchantTestCaseRunner"/>
  <testcase name="runAAA" time="17.206" classname="swiftpass.testcase.runners.MerchantTestCaseRunner"/>
  <testcase name="runAAA" time="17.143" classname="swiftpass.testcase.runners.MerchantTestCaseRunner"/>
  <testcase name="runAAA" time="17.201" classname="swiftpass.testcase.runners.MerchantTestCaseRunner"/>
  <testcase name="runAAA" time="17.301" classname="swiftpass.testcase.runners.MerchantTestCaseRunner"/>
  <testcase name="runAAA" time="17.21" classname="swiftpass.testcase.runners.MerchantTestCaseRunner"/>
  <testcase name="runAAA" time="17.208" classname="swiftpass.testcase.runners.MerchantTestCaseRunner"/>
  <testcase name="runAAA" time="17.3" classname="swiftpass.testcase.runners.MerchantTestCaseRunner"/>
  <testcase name="runAAA" time="17.217" classname="swiftpass.testcase.runners.MerchantTestCaseRunner"/>
  <testcase name="runAAA" time="17.211" classname="swiftpass.testcase.runners.MerchantTestCaseRunner"/>
  <testcase name="runAAA" time="17.277" classname="swiftpass.testcase.runners.MerchantTestCaseRunner"/>
  <testcase name="runAAA" time="17.201" classname="swiftpass.testcase.runners.MerchantTestCaseRunner"/>
  <testcase name="runAAA" time="16.721" classname="swiftpass.testcase.runners.MerchantTestCaseRunner"/>
  <testcase name="runAAA" time="17.143" classname="swiftpass.testcase.runners.MerchantTestCaseRunner"/>
  <testcase name="runAAA" time="17.182" classname="swiftpass.testcase.runners.MerchantTestCaseRunner"/>
  <testcase name="runAAA" time="17.315" classname="swiftpass.testcase.runners.MerchantTestCaseRunner"/>
  <testcase name="runAAA" time="17.228" classname="swiftpass.testcase.runners.MerchantTestCaseRunner"/>
  <testcase name="runAAA" time="17.202" classname="swiftpass.testcase.runners.MerchantTestCaseRunner"/>
  <testcase name="runAAA" time="17.134" classname="swiftpass.testcase.runners.MerchantTestCaseRunner"/>
  <testcase name="runAAA" time="17.224" classname="swiftpass.testcase.runners.MerchantTestCaseRunner"/>
  <testcase name="runAAA" time="17.23" classname="swiftpass.testcase.runners.MerchantTestCaseRunner"/>
  <testcase name="runAAA" time="17.247" classname="swiftpass.testcase.runners.MerchantTestCaseRunner"/>
  <testcase name="runAAA" time="17.215" classname="swiftpass.testcase.runners.MerchantTestCaseRunner"/>
  <testcase name="runAAA" time="17.203" classname="swiftpass.testcase.runners.MerchantTestCaseRunner"/>
  <testcase name="runAAA" time="17.231" classname="swiftpass.testcase.runners.MerchantTestCaseRunner"/>
  <testcase name="runAAA" time="17.194" classname="swiftpass.testcase.runners.MerchantTestCaseRunner"/>
  <testcase name="runAAA" time="17.206" classname="swiftpass.testcase.runners.MerchantTestCaseRunner"/>
  <testcase name="runAAA" time="17.227" classname="swiftpass.testcase.runners.MerchantTestCaseRunner"/>
  <testcase name="runAAA" time="17.14" classname="swiftpass.testcase.runners.MerchantTestCaseRunner"/>
  <testcase name="runAAA" time="17.235" classname="swiftpass.testcase.runners.MerchantTestCaseRunner"/>
  <testcase name="runAAA" time="17.113" classname="swiftpass.testcase.runners.MerchantTestCaseRunner"/>
  <testcase name="runAAA" time="17.129" classname="swiftpass.testcase.runners.MerchantTestCaseRunner"/>
  <testcase name="runAAA" time="17.18" classname="swiftpass.testcase.runners.MerchantTestCaseRunner"/>
  <testcase name="runAAA" time="17.101" classname="swiftpass.testcase.runners.MerchantTestCaseRunner"/>
  <testcase name="runAAA" time="17.178" classname="swiftpass.testcase.runners.MerchantTestCaseRunner"/>
  <testcase name="runAAA" time="17.163" classname="swiftpass.testcase.runners.MerchantTestCaseRunner"/>
  <testcase name="runAAA" time="17.193" classname="swiftpass.testcase.runners.MerchantTestCaseRunner"/>
  <testcase name="runAAA" time="16.88" classname="swiftpass.testcase.runners.MerchantTestCaseRunner"/>
  <testcase name="runAAA" time="16.803" classname="swiftpass.testcase.runners.MerchantTestCaseRunner"/>
  <testcase name="runAAA" time="17.229" classname="swiftpass.testcase.runners.MerchantTestCaseRunner"/>
  <testcase name="runAAA" time="17.223" classname="swiftpass.testcase.runners.MerchantTestCaseRunner"/>
  <testcase name="runAAA" time="16.904" classname="swiftpass.testcase.runners.MerchantTestCaseRunner"/>
  <testcase name="runAAA" time="16.834" classname="swiftpass.testcase.runners.MerchantTestCaseRunner"/>
  <testcase name="runAAA" time="16.94" classname="swiftpass.testcase.runners.MerchantTestCaseRunner"/>
  <testcase name="runAAA" time="16.786" classname="swiftpass.testcase.runners.MerchantTestCaseRunner"/>
  <testcase name="runAAA" time="17.2" classname="swiftpass.testcase.runners.MerchantTestCaseRunner"/>
  <testcase name="runAAA" time="17.251" classname="swiftpass.testcase.runners.MerchantTestCaseRunner"/>
  <testcase name="runAAA" time="16.823" classname="swiftpass.testcase.runners.MerchantTestCaseRunner"/>
  <testcase name="runAAA" time="17.163" classname="swiftpass.testcase.runners.MerchantTestCaseRunner"/>
  <testcase name="runAAA" time="17.109" classname="swiftpass.testcase.runners.MerchantTestCaseRunner"/>
  <testcase name="runAAA" time="17.241" classname="swiftpass.testcase.runners.MerchantTestCaseRunner"/>
  <testcase name="runAAA" time="17.102" classname="swiftpass.testcase.runners.MerchantTestCaseRunner"/>
  <testcase name="runAAA" time="17.111" classname="swiftpass.testcase.runners.MerchantTestCaseRunner"/>
  <testcase name="runAAA" time="17.231" classname="swiftpass.testcase.runners.MerchantTestCaseRunner"/>
  <testcase name="runAAA" time="17.174" classname="swiftpass.testcase.runners.MerchantTestCaseRunner"/>
  <testcase name="runAAA" time="17.152" classname="swiftpass.testcase.runners.MerchantTestCaseRunner"/>
  <testcase name="runAAA" time="17.193" classname="swiftpass.testcase.runners.MerchantTestCaseRunner"/>
  <testcase name="runAAA" time="17.165" classname="swiftpass.testcase.runners.MerchantTestCaseRunner"/>
  <testcase name="runAAA" time="17.24" classname="swiftpass.testcase.runners.MerchantTestCaseRunner"/>
  <testcase name="runAAA" time="17.286" classname="swiftpass.testcase.runners.MerchantTestCaseRunner"/>
  <testcase name="runAAA" time="17.367" classname="swiftpass.testcase.runners.MerchantTestCaseRunner"/>
  <testcase name="runAAA" time="17.108" classname="swiftpass.testcase.runners.MerchantTestCaseRunner"/>
  <testcase name="runAAA" time="17.258" classname="swiftpass.testcase.runners.MerchantTestCaseRunner"/>
  <testcase name="runAAA" time="17.221" classname="swiftpass.testcase.runners.MerchantTestCaseRunner"/>
  <testcase name="runAAA" time="17.28" classname="swiftpass.testcase.runners.MerchantTestCaseRunner"/>
  <testcase name="runAAA" time="17.188" classname="swiftpass.testcase.runners.MerchantTestCaseRunner"/>
  <testcase name="runAAA" time="17.117" classname="swiftpass.testcase.runners.MerchantTestCaseRunner"/>
  <testcase name="runAAA" time="17.258" classname="swiftpass.testcase.runners.MerchantTestCaseRunner"/>
  <testcase name="runAAA" time="17.227" classname="swiftpass.testcase.runners.MerchantTestCaseRunner"/>
  <testcase name="runAAA" time="17.205" classname="swiftpass.testcase.runners.MerchantTestCaseRunner"/>
  <testcase name="runAAA" time="17.14" classname="swiftpass.testcase.runners.MerchantTestCaseRunner"/>
  <testcase name="runAAA" time="17.201" classname="swiftpass.testcase.runners.MerchantTestCaseRunner"/>
  <testcase name="runAAA" time="17.225" classname="swiftpass.testcase.runners.MerchantTestCaseRunner"/>
  <testcase name="runAAA" time="17.223" classname="swiftpass.testcase.runners.MerchantTestCaseRunner"/>
  <testcase name="runAAA" time="17.15" classname="swiftpass.testcase.runners.MerchantTestCaseRunner"/>
  <testcase name="runAAA" time="17.227" classname="swiftpass.testcase.runners.MerchantTestCaseRunner"/>
  <testcase name="runAAA" time="17.228" classname="swiftpass.testcase.runners.MerchantTestCaseRunner"/>
  <testcase name="runAAA" time="16.897" classname="swiftpass.testcase.runners.MerchantTestCaseRunner"/>
  <testcase name="runAAA" time="16.854" classname="swiftpass.testcase.runners.MerchantTestCaseRunner"/>
  <testcase name="runAAA" time="17.12" classname="swiftpass.testcase.runners.MerchantTestCaseRunner"/>
  <testcase name="runAAA" time="17.125" classname="swiftpass.testcase.runners.MerchantTestCaseRunner"/>
  <testcase name="runAAA" time="17.113" classname="swiftpass.testcase.runners.MerchantTestCaseRunner"/>
  <testcase name="runAAA" time="17.157" classname="swiftpass.testcase.runners.MerchantTestCaseRunner"/>
  <testcase name="runAAA" time="17.131" classname="swiftpass.testcase.runners.MerchantTestCaseRunner"/>
  <testcase name="runAAA" time="17.139" classname="swiftpass.testcase.runners.MerchantTestCaseRunner"/>
  <testcase name="runAAA" time="17.118" classname="swiftpass.testcase.runners.MerchantTestCaseRunner"/>
  <testcase name="runAAA" time="17.173" classname="swiftpass.testcase.runners.MerchantTestCaseRunner"/>
  <testcase name="runAAA" time="17.166" classname="swiftpass.testcase.runners.MerchantTestCaseRunner"/>
  <testcase name="runAAA" time="17.089" classname="swiftpass.testcase.runners.MerchantTestCaseRunner"/>
  <testcase name="runAAA" time="17.193" classname="swiftpass.testcase.runners.MerchantTestCaseRunner"/>
  <testcase name="runAAA" time="17.158" classname="swiftpass.testcase.runners.MerchantTestCaseRunner"/>
  <testcase name="runAAA" time="17.184" classname="swiftpass.testcase.runners.MerchantTestCaseRunner"/>
  <testcase name="runAAA" time="17.105" classname="swiftpass.testcase.runners.MerchantTestCaseRunner"/>
  <testcase name="runAAA" time="17.188" classname="swiftpass.testcase.runners.MerchantTestCaseRunner"/>
  <testcase name="runAAA" time="17.273" classname="swiftpass.testcase.runners.MerchantTestCaseRunner"/>
  <testcase name="runAAA" time="17.137" classname="swiftpass.testcase.runners.MerchantTestCaseRunner"/>
  <testcase name="runAAA" time="17.207" classname="swiftpass.testcase.runners.MerchantTestCaseRunner"/>
  <testcase name="runAAA" time="17.284" classname="swiftpass.testcase.runners.MerchantTestCaseRunner"/>
  <testcase name="runAAA" time="17.256" classname="swiftpass.testcase.runners.MerchantTestCaseRunner"/>
  <testcase name="runAAA" time="17.223" classname="swiftpass.testcase.runners.MerchantTestCaseRunner"/>
  <testcase name="runAAA" time="17.244" classname="swiftpass.testcase.runners.MerchantTestCaseRunner"/>
  <testcase name="runAAA" time="17.167" classname="swiftpass.testcase.runners.MerchantTestCaseRunner"/>
  <testcase name="runAAA" time="17.159" classname="swiftpass.testcase.runners.MerchantTestCaseRunner"/>
  <testcase name="runAAA" time="16.79" classname="swiftpass.testcase.runners.MerchantTestCaseRunner"/>
  <testcase name="runAAA" time="16.751" classname="swiftpass.testcase.runners.MerchantTestCaseRunner"/>
  <testcase name="runAAA" time="17.09" classname="swiftpass.testcase.runners.MerchantTestCaseRunner"/>
  <testcase name="runAAA" time="16.828" classname="swiftpass.testcase.runners.MerchantTestCaseRunner"/>
  <testcase name="runAAA" time="16.713" classname="swiftpass.testcase.runners.MerchantTestCaseRunner"/>
  <testcase name="runAAA" time="16.793" classname="swiftpass.testcase.runners.MerchantTestCaseRunner"/>
  <testcase name="runAAA" time="16.817" classname="swiftpass.testcase.runners.MerchantTestCaseRunner"/>
  <testcase name="runAAA" time="16.823" classname="swiftpass.testcase.runners.MerchantTestCaseRunner"/>
  <testcase name="runAAA" time="17.147" classname="swiftpass.testcase.runners.MerchantTestCaseRunner"/>
  <testcase name="runAAA" time="17.189" classname="swiftpass.testcase.runners.MerchantTestCaseRunner"/>
  <testcase name="runAAA" time="17.209" classname="swiftpass.testcase.runners.MerchantTestCaseRunner"/>
  <testcase name="runAAA" time="16.899" classname="swiftpass.testcase.runners.MerchantTestCaseRunner"/>
  <testcase name="runAAA" time="17.182" classname="swiftpass.testcase.runners.MerchantTestCaseRunner"/>
  <testcase name="runAAA" time="16.85" classname="swiftpass.testcase.runners.MerchantTestCaseRunner"/>
  <testcase name="runAAA" time="17.3" classname="swiftpass.testcase.runners.MerchantTestCaseRunner"/>
  <testcase name="runAAA" time="17.177" classname="swiftpass.testcase.runners.MerchantTestCaseRunner"/>
  <testcase name="runAAA" time="16.908" classname="swiftpass.testcase.runners.MerchantTestCaseRunner"/>
  <testcase name="runAAA" time="16.884" classname="swiftpass.testcase.runners.MerchantTestCaseRunner"/>
  <testcase name="runAAA" time="17.081" classname="swiftpass.testcase.runners.MerchantTestCaseRunner"/>
  <testcase name="runAAA" time="17.165" classname="swiftpass.testcase.runners.MerchantTestCaseRunner"/>
  <testcase name="runAAA" time="17.152" classname="swiftpass.testcase.runners.MerchantTestCaseRunner"/>
  <testcase name="runAAA" time="16.877" classname="swiftpass.testcase.runners.MerchantTestCaseRunner"/>
  <testcase name="runAAA" time="16.77" classname="swiftpass.testcase.runners.MerchantTestCaseRunner"/>
  <testcase name="runAAA" time="16.884" classname="swiftpass.testcase.runners.MerchantTestCaseRunner"/>
  <testcase name="runAAA" time="17.184" classname="swiftpass.testcase.runners.MerchantTestCaseRunner"/>
  <testcase name="runAAA" time="17.257" classname="swiftpass.testcase.runners.MerchantTestCaseRunner"/>
  <testcase name="runAAA" time="17.221" classname="swiftpass.testcase.runners.MerchantTestCaseRunner"/>
  <testcase name="runAAA" time="16.968" classname="swiftpass.testcase.runners.MerchantTestCaseRunner"/>
  <testcase name="runAAA" time="17.205" classname="swiftpass.testcase.runners.MerchantTestCaseRunner"/>
  <testcase name="runAAA" time="16.838" classname="swiftpass.testcase.runners.MerchantTestCaseRunner"/>
  <testcase name="runAAA" time="17.125" classname="swiftpass.testcase.runners.MerchantTestCaseRunner"/>
  <testcase name="runAAA" time="17.202" classname="swiftpass.testcase.runners.MerchantTestCaseRunner"/>
  <testcase name="runAAA" time="17.161" classname="swiftpass.testcase.runners.MerchantTestCaseRunner"/>
  <testcase name="runAAA" time="17.192" classname="swiftpass.testcase.runners.MerchantTestCaseRunner"/>
  <testcase name="runAAA" time="16.741" classname="swiftpass.testcase.runners.MerchantTestCaseRunner"/>
  <testcase name="runAAA" time="16.768" classname="swiftpass.testcase.runners.MerchantTestCaseRunner"/>
  <testcase name="runAAA" time="16.861" classname="swiftpass.testcase.runners.MerchantTestCaseRunner"/>
  <testcase name="runAAA" time="16.863" classname="swiftpass.testcase.runners.MerchantTestCaseRunner"/>
  <testcase name="runAAA" time="17.214" classname="swiftpass.testcase.runners.MerchantTestCaseRunner"/>
  <testcase name="runAAA" time="17.192" classname="swiftpass.testcase.runners.MerchantTestCaseRunner"/>
  <testcase name="runAAA" time="16.777" classname="swiftpass.testcase.runners.MerchantTestCaseRunner"/>
  <testcase name="runAAA" time="16.835" classname="swiftpass.testcase.runners.MerchantTestCaseRunner"/>
  <testcase name="runAAA" time="16.828" classname="swiftpass.testcase.runners.MerchantTestCaseRunner"/>
  <testcase name="runAAA" time="16.77" classname="swiftpass.testcase.runners.MerchantTestCaseRunner"/>
  <testcase name="runAAA" time="17.107" classname="swiftpass.testcase.runners.MerchantTestCaseRunner"/>
  <testcase name="runAAA" time="17.179" classname="swiftpass.testcase.runners.MerchantTestCaseRunner"/>
  <testcase name="runAAA" time="16.952" classname="swiftpass.testcase.runners.MerchantTestCaseRunner"/>
  <testcase name="runAAA" time="17.275" classname="swiftpass.testcase.runners.MerchantTestCaseRunner"/>
  <testcase name="runAAA" time="17.282" classname="swiftpass.testcase.runners.MerchantTestCaseRunner"/>
  <testcase name="runAAA" time="17.264" classname="swiftpass.testcase.runners.MerchantTestCaseRunner"/>
  <testcase name="runAAA" time="16.929" classname="swiftpass.testcase.runners.MerchantTestCaseRunner"/>
  <testcase name="runAAA" time="17.177" classname="swiftpass.testcase.runners.MerchantTestCaseRunner"/>
  <testcase name="runAAA" time="16.836" classname="swiftpass.testcase.runners.MerchantTestCaseRunner"/>
  <testcase name="runAAA" time="17.316" classname="swiftpass.testcase.runners.MerchantTestCaseRunner"/>
  <testcase name="runAAA" time="16.91" classname="swiftpass.testcase.runners.MerchantTestCaseRunner"/>
  <testcase name="runAAA" time="18.24" classname="swiftpass.testcase.runners.MerchantTestCaseRunner"/>
  <testcase name="runAAA" time="16.844" classname="swiftpass.testcase.runners.MerchantTestCaseRunner"/>
  <testcase name="runAAA" time="17.082" classname="swiftpass.testcase.runners.MerchantTestCaseRunner"/>
  <testcase name="runAAA" time="16.871" classname="swiftpass.testcase.runners.MerchantTestCaseRunner"/>
  <testcase name="runAAA" time="17.231" classname="swiftpass.testcase.runners.MerchantTestCaseRunner"/>
  <testcase name="runAAA" time="17.201" classname="swiftpass.testcase.runners.MerchantTestCaseRunner"/>
  <testcase name="runAAA" time="17.188" classname="swiftpass.testcase.runners.MerchantTestCaseRunner"/>
  <testcase name="runAAA" time="16.882" classname="swiftpass.testcase.runners.MerchantTestCaseRunner"/>
  <testcase name="runAAA" time="16.354" classname="swiftpass.testcase.runners.MerchantTestCaseRunner"/>
  <testcase name="runAAA" time="17.194" classname="swiftpass.testcase.runners.MerchantTestCaseRunner"/>
  <testcase name="runAAA" time="16.745" classname="swiftpass.testcase.runners.MerchantTestCaseRunner"/>
  <testcase name="runAAA" time="17.202" classname="swiftpass.testcase.runners.MerchantTestCaseRunner"/>
  <testcase name="runAAA" time="16.751" classname="swiftpass.testcase.runners.MerchantTestCaseRunner"/>
  <testcase name="runAAA" time="17.125" classname="swiftpass.testcase.runners.MerchantTestCaseRunner"/>
  <testcase name="runAAA" time="17.173" classname="swiftpass.testcase.runners.MerchantTestCaseRunner"/>
  <testcase name="runAAA" time="17.357" classname="swiftpass.testcase.runners.MerchantTestCaseRunner"/>
  <testcase name="runAAA" time="16.858" classname="swiftpass.testcase.runners.MerchantTestCaseRunner"/>
  <testcase name="runAAA" time="16.827" classname="swiftpass.testcase.runners.MerchantTestCaseRunner"/>
  <testcase name="runAAA" time="16.798" classname="swiftpass.testcase.runners.MerchantTestCaseRunner"/>
  <testcase name="runAAA" time="17.19" classname="swiftpass.testcase.runners.MerchantTestCaseRunner"/>
  <testcase name="runAAA" time="17.167" classname="swiftpass.testcase.runners.MerchantTestCaseRunner"/>
  <testcase name="runAAA" time="16.9" classname="swiftpass.testcase.runners.MerchantTestCaseRunner"/>
  <testcase name="runAAA" time="16.834" classname="swiftpass.testcase.runners.MerchantTestCaseRunner"/>
  <testcase name="runAAA" time="17.24" classname="swiftpass.testcase.runners.MerchantTestCaseRunner"/>
  <testcase name="runAAA" time="17.189" classname="swiftpass.testcase.runners.MerchantTestCaseRunner"/>
  <testcase name="runAAA" time="16.817" classname="swiftpass.testcase.runners.MerchantTestCaseRunner"/>
  <testcase name="runAAA" time="17.87" classname="swiftpass.testcase.runners.MerchantTestCaseRunner"/>
  <testcase name="runAAA" time="16.872" classname="swiftpass.testcase.runners.MerchantTestCaseRunner"/>
  <testcase name="runAAA" time="16.876" classname="swiftpass.testcase.runners.MerchantTestCaseRunner"/>
  <testcase name="runAAA" time="16.842" classname="swiftpass.testcase.runners.MerchantTestCaseRunner"/>
  <testcase name="runAAA" time="16.763" classname="swiftpass.testcase.runners.MerchantTestCaseRunner"/>
  <testcase name="runAAA" time="16.814" classname="swiftpass.testcase.runners.MerchantTestCaseRunner"/>
  <testcase name="runAAA" time="16.798" classname="swiftpass.testcase.runners.MerchantTestCaseRunner"/>
  <testcase name="runAAA" time="16.849" classname="swiftpass.testcase.runners.MerchantTestCaseRunner"/>
  <testcase name="runAAA" time="16.788" classname="swiftpass.testcase.runners.MerchantTestCaseRunner"/>
  <testcase name="runAAA" time="11.384" classname="swiftpass.testcase.runners.MerchantTestCaseRunner"/>
  <testcase name="runAAA" time="25.394" classname="swiftpass.testcase.runners.MerchantTestCaseRunner"/>
  <testcase name="runAAA" time="27.303" classname="swiftpass.testcase.runners.MerchantTestCaseRunner"/>
  <testcase name="runDetail" time="11.297" classname="swiftpass.testcase.runners.MerchantTestCaseRunner"/>
  <testcase name="runDetail" time="26.245" classname="swiftpass.testcase.runners.MerchantTestCaseRunner"/>
  <testcase name="runSearch" time="4.789" classname="swiftpass.testcase.runners.MerchantTestCaseRunner">
    <failure type="java.lang.AssertionError" message="expected [1146] but found [1453]">
      <![CDATA[java.lang.AssertionError: expected [1146] but found [1453]
	at swiftpass.testcase.merchant.MerchantTestCaseImpl.runSearch(MerchantTestCaseImpl.java:561)
	at swiftpass.testcase.runners.MerchantTestCaseRunner.runSearch(MerchantTestCaseRunner.java:203)
... Removed 31 stack frames]]>
    </failure>
  </testcase> <!-- runSearch -->
  <testcase name="runSearch" time="4.782" classname="swiftpass.testcase.runners.MerchantTestCaseRunner"/>
  <testcase name="runSearch" time="19.741" classname="swiftpass.testcase.runners.MerchantTestCaseRunner"/>
  <testcase name="runSearch" time="17.758" classname="swiftpass.testcase.runners.MerchantTestCaseRunner"/>
  <testcase name="runSearch" time="2.233" classname="swiftpass.testcase.runners.MerchantTestCaseRunner"/>
  <testcase name="runSearch" time="4.229" classname="swiftpass.testcase.runners.MerchantTestCaseRunner"/>
  <testcase name="runSearch" time="3.201" classname="swiftpass.testcase.runners.MerchantTestCaseRunner"/>
  <testcase name="runSearch" time="3.263" classname="swiftpass.testcase.runners.MerchantTestCaseRunner"/>
  <testcase name="runSearch" time="3.246" classname="swiftpass.testcase.runners.MerchantTestCaseRunner"/>
  <testcase name="runSearch" time="3.266" classname="swiftpass.testcase.runners.MerchantTestCaseRunner"/>
  <testcase name="runSearch" time="16.137" classname="swiftpass.testcase.runners.MerchantTestCaseRunner">
    <failure type="java.lang.AssertionError" message="expected [19] but found [17]">
      <![CDATA[java.lang.AssertionError: expected [19] but found [17]
	at swiftpass.testcase.merchant.MerchantTestCaseImpl.runSearch(MerchantTestCaseImpl.java:561)
	at swiftpass.testcase.runners.MerchantTestCaseRunner.runSearch(MerchantTestCaseRunner.java:203)
... Removed 31 stack frames]]>
    </failure>
  </testcase> <!-- runSearch -->
  <testcase name="runSearch" time="3.836" classname="swiftpass.testcase.runners.MerchantTestCaseRunner"/>
  <testcase name="runSearch" time="4.186" classname="swiftpass.testcase.runners.MerchantTestCaseRunner"/>
  <testcase name="runSearch" time="4.018" classname="swiftpass.testcase.runners.MerchantTestCaseRunner"/>
  <testcase name="runSearch" time="4.124" classname="swiftpass.testcase.runners.MerchantTestCaseRunner"/>
  <testcase name="runSearch" time="3.736" classname="swiftpass.testcase.runners.MerchantTestCaseRunner"/>
  <testcase name="runSearch" time="4.205" classname="swiftpass.testcase.runners.MerchantTestCaseRunner"/>
  <testcase name="runSearch" time="2.364" classname="swiftpass.testcase.runners.MerchantTestCaseRunner"/>
  <testcase name="runSearch" time="3.744" classname="swiftpass.testcase.runners.MerchantTestCaseRunner"/>
  <testcase name="runSearch" time="3.827" classname="swiftpass.testcase.runners.MerchantTestCaseRunner"/>
  <testcase name="runSearch" time="2.283" classname="swiftpass.testcase.runners.MerchantTestCaseRunner"/>
  <testcase name="runSearch" time="4.217" classname="swiftpass.testcase.runners.MerchantTestCaseRunner"/>
  <testcase name="runSearch" time="3.794" classname="swiftpass.testcase.runners.MerchantTestCaseRunner"/>
  <testcase name="runAddPC" time="14.322" classname="swiftpass.testcase.runners.MerchantTestCaseRunner"/>
  <testcase name="runAddPC" time="24.35" classname="swiftpass.testcase.runners.MerchantTestCaseRunner"/>
  <testcase name="runAddPC" time="24.326" classname="swiftpass.testcase.runners.MerchantTestCaseRunner"/>
  <testcase name="runAddPC" time="24.486" classname="swiftpass.testcase.runners.MerchantTestCaseRunner"/>
  <testcase name="runAddPC" time="24.514" classname="swiftpass.testcase.runners.MerchantTestCaseRunner"/>
  <testcase name="runAddPC" time="24.419" classname="swiftpass.testcase.runners.MerchantTestCaseRunner"/>
  <testcase name="runAddPC" time="24.378" classname="swiftpass.testcase.runners.MerchantTestCaseRunner"/>
  <testcase name="runAddPC" time="24.426" classname="swiftpass.testcase.runners.MerchantTestCaseRunner"/>
  <testcase name="runAddPC" time="33.983" classname="swiftpass.testcase.runners.MerchantTestCaseRunner"/>
  <testcase name="runAddPC" time="35.598" classname="swiftpass.testcase.runners.MerchantTestCaseRunner"/>
  <testcase name="runAddPC" time="24.396" classname="swiftpass.testcase.runners.MerchantTestCaseRunner"/>
  <testcase name="runAddPC" time="24.448" classname="swiftpass.testcase.runners.MerchantTestCaseRunner"/>
  <testcase name="runAddPC" time="27.658" classname="swiftpass.testcase.runners.MerchantTestCaseRunner"/>
  <testcase name="runAddPC" time="25.626" classname="swiftpass.testcase.runners.MerchantTestCaseRunner"/>
  <testcase name="runAddPC" time="25.525" classname="swiftpass.testcase.runners.MerchantTestCaseRunner"/>
  <testcase name="runAddPC" time="3.599" classname="swiftpass.testcase.runners.MerchantTestCaseRunner"/>
  <testcase name="runAddPC" time="3.491" classname="swiftpass.testcase.runners.MerchantTestCaseRunner"/>
  <testcase name="runAddPC" time="71.66" classname="swiftpass.testcase.runners.MerchantTestCaseRunner"/>
  <testcase name="runAddPC" time="48.6" classname="swiftpass.testcase.runners.MerchantTestCaseRunner">
    <failure type="java.lang.AssertionError" message="expected [商户[自动化测试E47FYx]:商户支付类型配置已存在] but found [联行号必须为12位数字！]">
      <![CDATA[java.lang.AssertionError: expected [商户[自动化测试E47FYx]:商户支付类型配置已存在] but found [联行号必须为12位数字！]
	at swiftpass.testcase.merchant.MerchantPCTestCaseImpl.runAddPC(MerchantPCTestCaseImpl.java:347)
	at swiftpass.testcase.runners.MerchantTestCaseRunner.runAddPC(MerchantTestCaseRunner.java:264)
... Removed 30 stack frames]]>
    </failure>
  </testcase> <!-- runAddPC -->
  <testcase name="runAddPC" time="62.259" classname="swiftpass.testcase.runners.MerchantTestCaseRunner"/>
  <testcase name="runAddPC" time="61.854" classname="swiftpass.testcase.runners.MerchantTestCaseRunner"/>
  <testcase name="runAddPC" time="61.371" classname="swiftpass.testcase.runners.MerchantTestCaseRunner"/>
  <testcase name="runAddPC" time="73.083" classname="swiftpass.testcase.runners.MerchantTestCaseRunner"/>
  <testcase name="runEditPC" time="16.329" classname="swiftpass.testcase.runners.MerchantTestCaseRunner"/>
  <testcase name="runEditPC" time="16.363" classname="swiftpass.testcase.runners.MerchantTestCaseRunner"/>
  <testcase name="runEditPC" time="16.218" classname="swiftpass.testcase.runners.MerchantTestCaseRunner"/>
  <testcase name="runEditPC" time="3.553" classname="swiftpass.testcase.runners.MerchantTestCaseRunner"/>
  <testcase name="runEditPC" time="25.784" classname="swiftpass.testcase.runners.MerchantTestCaseRunner"/>
  <testcase name="runEditPC" time="16.243" classname="swiftpass.testcase.runners.MerchantTestCaseRunner">
    <failure type="java.lang.AssertionError" message="expected [正常取消] but found [联行号必须为12位数字！]">
      <![CDATA[java.lang.AssertionError: expected [正常取消] but found [联行号必须为12位数字！]
	at swiftpass.testcase.merchant.MerchantPCTestCaseImpl.runEditPC(MerchantPCTestCaseImpl.java:389)
	at swiftpass.testcase.runners.MerchantTestCaseRunner.runEditPC(MerchantTestCaseRunner.java:272)
... Removed 31 stack frames]]>
    </failure>
  </testcase> <!-- runEditPC -->
  <testcase name="runEditPC" time="16.309" classname="swiftpass.testcase.runners.MerchantTestCaseRunner">
    <failure type="java.lang.AssertionError" message="expected [单笔最小限额不能大于单笔最大限额] but found [联行号必须为12位数字！]">
      <![CDATA[java.lang.AssertionError: expected [单笔最小限额不能大于单笔最大限额] but found [联行号必须为12位数字！]
	at swiftpass.testcase.merchant.MerchantPCTestCaseImpl.runEditPC(MerchantPCTestCaseImpl.java:389)
	at swiftpass.testcase.runners.MerchantTestCaseRunner.runEditPC(MerchantTestCaseRunner.java:272)
... Removed 31 stack frames]]>
    </failure>
  </testcase> <!-- runEditPC -->
  <testcase name="runEditPC" time="16.213" classname="swiftpass.testcase.runners.MerchantTestCaseRunner">
    <failure type="java.lang.AssertionError" message="expected [结算费率必须在[5‰，1000‰]之间。] but found [联行号必须为12位数字！]">
      <![CDATA[java.lang.AssertionError: expected [结算费率必须在[5‰，1000‰]之间。] but found [联行号必须为12位数字！]
	at swiftpass.testcase.merchant.MerchantPCTestCaseImpl.runEditPC(MerchantPCTestCaseImpl.java:389)
	at swiftpass.testcase.runners.MerchantTestCaseRunner.runEditPC(MerchantTestCaseRunner.java:272)
... Removed 31 stack frames]]>
    </failure>
  </testcase> <!-- runEditPC -->
  <testcase name="runEditPC" time="16.377" classname="swiftpass.testcase.runners.MerchantTestCaseRunner">
    <failure type="java.lang.AssertionError" message="expected [结算费率必须在[5‰，1000‰]之间。] but found [联行号必须为12位数字！]">
      <![CDATA[java.lang.AssertionError: expected [结算费率必须在[5‰，1000‰]之间。] but found [联行号必须为12位数字！]
	at swiftpass.testcase.merchant.MerchantPCTestCaseImpl.runEditPC(MerchantPCTestCaseImpl.java:389)
	at swiftpass.testcase.runners.MerchantTestCaseRunner.runEditPC(MerchantTestCaseRunner.java:272)
... Removed 31 stack frames]]>
    </failure>
  </testcase> <!-- runEditPC -->
  <testcase name="runEditPC" time="16.329" classname="swiftpass.testcase.runners.MerchantTestCaseRunner">
    <failure type="java.lang.AssertionError" message="expected [] but found [联行号必须为12位数字！]">
      <![CDATA[java.lang.AssertionError: expected [] but found [联行号必须为12位数字！]
	at swiftpass.testcase.merchant.MerchantPCTestCaseImpl.runEditPC(MerchantPCTestCaseImpl.java:389)
	at swiftpass.testcase.runners.MerchantTestCaseRunner.runEditPC(MerchantTestCaseRunner.java:272)
... Removed 31 stack frames]]>
    </failure>
  </testcase> <!-- runEditPC -->
  <testcase name="runEditPC" time="5.654" classname="swiftpass.testcase.runners.MerchantTestCaseRunner"/>
  <testcase name="runEditPC" time="5.621" classname="swiftpass.testcase.runners.MerchantTestCaseRunner"/>
  <testcase name="runActivePC" time="1.935" classname="swiftpass.testcase.runners.MerchantTestCaseRunner"/>
  <testcase name="runActivePC" time="25.417" classname="swiftpass.testcase.runners.MerchantTestCaseRunner"/>
  <testcase name="runActivePC" time="3.596" classname="swiftpass.testcase.runners.MerchantTestCaseRunner"/>
  <testcase name="runActivePC" time="27.102" classname="swiftpass.testcase.runners.MerchantTestCaseRunner"/>
  <testcase name="runActivePC" time="16.996" classname="swiftpass.testcase.runners.MerchantTestCaseRunner"/>
  <testcase name="runActivePC" time="17.095" classname="swiftpass.testcase.runners.MerchantTestCaseRunner"/>
  <testcase name="runActivePC" time="16.982" classname="swiftpass.testcase.runners.MerchantTestCaseRunner"/>
  <testcase name="runActivePC" time="16.318" classname="swiftpass.testcase.runners.MerchantTestCaseRunner"/>
  <testcase name="runActivePC" time="5.137" classname="swiftpass.testcase.runners.MerchantTestCaseRunner"/>
  <testcase name="runActivePC" time="5.049" classname="swiftpass.testcase.runners.MerchantTestCaseRunner"/>
  <testcase name="runActivePC" time="5.028" classname="swiftpass.testcase.runners.MerchantTestCaseRunner"/>
  <testcase name="runActivePC" time="16.911" classname="swiftpass.testcase.runners.MerchantTestCaseRunner"/>
  <testcase name="runActivePC" time="17.023" classname="swiftpass.testcase.runners.MerchantTestCaseRunner"/>
  <testcase name="runActivePC" time="17.094" classname="swiftpass.testcase.runners.MerchantTestCaseRunner"/>
  <testcase name="runActivePC" time="17.0" classname="swiftpass.testcase.runners.MerchantTestCaseRunner"/>
  <testcase name="runActivePC" time="16.976" classname="swiftpass.testcase.runners.MerchantTestCaseRunner"/>
  <testcase name="runActivePC" time="17.02" classname="swiftpass.testcase.runners.MerchantTestCaseRunner"/>
  <testcase name="runActivePC" time="17.082" classname="swiftpass.testcase.runners.MerchantTestCaseRunner"/>
  <testcase name="runActivePC" time="17.013" classname="swiftpass.testcase.runners.MerchantTestCaseRunner"/>
  <testcase name="runActivePC" time="17.102" classname="swiftpass.testcase.runners.MerchantTestCaseRunner"/>
  <testcase name="runActivePC" time="17.107" classname="swiftpass.testcase.runners.MerchantTestCaseRunner"/>
  <testcase name="runActivePC" time="25.566" classname="swiftpass.testcase.runners.MerchantTestCaseRunner"/>
  <testcase name="runActivePC" time="16.966" classname="swiftpass.testcase.runners.MerchantTestCaseRunner">
    <failure type="java.lang.AssertionError" message="expected [true] but found [false]">
      <![CDATA[java.lang.AssertionError: expected [true] but found [false]
	at swiftpass.testcase.merchant.MerchantPCTestCaseImpl.runActivePC(MerchantPCTestCaseImpl.java:439)
	at swiftpass.testcase.runners.MerchantTestCaseRunner.runActivePC(MerchantTestCaseRunner.java:280)
... Removed 30 stack frames]]>
    </failure>
  </testcase> <!-- runActivePC -->
  <testcase name="runActivePC" time="15.272" classname="swiftpass.testcase.runners.MerchantTestCaseRunner"/>
  <testcase name="runDetailPC" time="2.614" classname="swiftpass.testcase.runners.MerchantTestCaseRunner"/>
  <testcase name="runDetailPC" time="2.495" classname="swiftpass.testcase.runners.MerchantTestCaseRunner"/>
  <testcase name="runDetailPC" time="24.156" classname="swiftpass.testcase.runners.MerchantTestCaseRunner"/>
  <testcase name="runAdd" time="48.657" classname="swiftpass.testcase.runners.ChannelTestCaseRunner"/>
  <testcase name="runAdd" time="48.558" classname="swiftpass.testcase.runners.ChannelTestCaseRunner"/>
  <testcase name="runAdd" time="17.897" classname="swiftpass.testcase.runners.ChannelTestCaseRunner"/>
  <testcase name="runAdd" time="18.085" classname="swiftpass.testcase.runners.ChannelTestCaseRunner"/>
  <testcase name="runAdd" time="13.579" classname="swiftpass.testcase.runners.ChannelTestCaseRunner"/>
  <testcase name="runAdd" time="15.711" classname="swiftpass.testcase.runners.ChannelTestCaseRunner"/>
  <testcase name="runAdd" time="17.83" classname="swiftpass.testcase.runners.ChannelTestCaseRunner"/>
  <testcase name="runAdd" time="17.944" classname="swiftpass.testcase.runners.ChannelTestCaseRunner"/>
  <testcase name="runAdd" time="17.867" classname="swiftpass.testcase.runners.ChannelTestCaseRunner"/>
  <testcase name="runAdd" time="17.756" classname="swiftpass.testcase.runners.ChannelTestCaseRunner"/>
  <testcase name="runAdd" time="17.728" classname="swiftpass.testcase.runners.ChannelTestCaseRunner"/>
  <testcase name="runAdd" time="17.892" classname="swiftpass.testcase.runners.ChannelTestCaseRunner"/>
  <testcase name="runAdd" time="17.834" classname="swiftpass.testcase.runners.ChannelTestCaseRunner"/>
  <testcase name="runAdd" time="15.699" classname="swiftpass.testcase.runners.ChannelTestCaseRunner"/>
  <testcase name="runAdd" time="27.21" classname="swiftpass.testcase.runners.ChannelTestCaseRunner"/>
  <testcase name="runAdd" time="28.989" classname="swiftpass.testcase.runners.ChannelTestCaseRunner"/>
  <testcase name="runAdd" time="17.92" classname="swiftpass.testcase.runners.ChannelTestCaseRunner"/>
  <testcase name="runAdd" time="18.44" classname="swiftpass.testcase.runners.ChannelTestCaseRunner"/>
  <testcase name="runAdd" time="18.591" classname="swiftpass.testcase.runners.ChannelTestCaseRunner"/>
  <testcase name="runAdd" time="18.898" classname="swiftpass.testcase.runners.ChannelTestCaseRunner"/>
  <testcase name="runAdd" time="48.567" classname="swiftpass.testcase.runners.ChannelTestCaseRunner"/>
  <testcase name="runAdd" time="48.546" classname="swiftpass.testcase.runners.ChannelTestCaseRunner"/>
  <testcase name="runAdd" time="17.856" classname="swiftpass.testcase.runners.ChannelTestCaseRunner"/>
  <testcase name="runAdd" time="17.84" classname="swiftpass.testcase.runners.ChannelTestCaseRunner"/>
  <testcase name="runAdd" time="13.487" classname="swiftpass.testcase.runners.ChannelTestCaseRunner"/>
  <testcase name="runAdd" time="15.758" classname="swiftpass.testcase.runners.ChannelTestCaseRunner"/>
  <testcase name="runAdd" time="17.703" classname="swiftpass.testcase.runners.ChannelTestCaseRunner"/>
  <testcase name="runAdd" time="17.79" classname="swiftpass.testcase.runners.ChannelTestCaseRunner"/>
  <testcase name="runAdd" time="17.86" classname="swiftpass.testcase.runners.ChannelTestCaseRunner"/>
  <testcase name="runAdd" time="17.771" classname="swiftpass.testcase.runners.ChannelTestCaseRunner"/>
  <testcase name="runAdd" time="17.734" classname="swiftpass.testcase.runners.ChannelTestCaseRunner"/>
  <testcase name="runAdd" time="17.834" classname="swiftpass.testcase.runners.ChannelTestCaseRunner"/>
  <testcase name="runAdd" time="17.863" classname="swiftpass.testcase.runners.ChannelTestCaseRunner"/>
  <testcase name="runAdd" time="15.664" classname="swiftpass.testcase.runners.ChannelTestCaseRunner"/>
  <testcase name="runAdd" time="27.213" classname="swiftpass.testcase.runners.ChannelTestCaseRunner"/>
  <testcase name="runAdd" time="28.871" classname="swiftpass.testcase.runners.ChannelTestCaseRunner"/>
  <testcase name="runAdd" time="17.98" classname="swiftpass.testcase.runners.ChannelTestCaseRunner"/>
  <testcase name="runAdd" time="18.475" classname="swiftpass.testcase.runners.ChannelTestCaseRunner"/>
  <testcase name="runAdd" time="18.495" classname="swiftpass.testcase.runners.ChannelTestCaseRunner"/>
  <testcase name="runAdd" time="18.975" classname="swiftpass.testcase.runners.ChannelTestCaseRunner"/>
  <testcase name="runEdit" time="16.981" classname="swiftpass.testcase.runners.ChannelTestCaseRunner"/>
  <testcase name="runEdit" time="17.106" classname="swiftpass.testcase.runners.ChannelTestCaseRunner"/>
  <testcase name="runEdit" time="17.109" classname="swiftpass.testcase.runners.ChannelTestCaseRunner"/>
  <testcase name="runEdit" time="25.302" classname="swiftpass.testcase.runners.ChannelTestCaseRunner">
    <failure type="org.openqa.selenium.TimeoutException" message="Expected condition failed: waiting for swiftpass.page.Page$1@6bcefcef (tried for 10 second(s) with 500 MILLISECONDS interval)
Build info: version: &amp;apos;unknown&amp;apos;, revision: &amp;apos;c7b525d&amp;apos;, time: &amp;apos;2016-09-01 14:57:44 -0700&amp;apos;
System info: host: &amp;apos;DESKTOP-N8UCBGL&amp;apos;, ip: &amp;apos;192.168.2.155&amp;apos;, os.name: &amp;apos;Windows 10&amp;apos;, os.arch: &amp;apos;amd64&amp;apos;, os.version: &amp;apos;10.0&amp;apos;, java.version: &amp;apos;1.8.0_121&amp;apos;
Driver info: org.openqa.selenium.chrome.ChromeDriver
Capabilities [{applicationCacheEnabled=false, rotatable=false, mobileEmulationEnabled=false, networkConnectionEnabled=false, chrome={chromedriverVersion=2.24.417431 (9aea000394714d2fbb20850021f6204f2256b9cf), userDataDir=C:\Users\admin\AppData\Local\Temp\scoped_dir16148_20721}, takesHeapSnapshot=true, pageLoadStrategy=normal, databaseEnabled=false, handlesAlerts=true, hasTouchScreen=false, version=56.0.2924.87, platform=XP, browserConnectionEnabled=false, nativeEvents=true, acceptSslCerts=true, locationContextEnabled=true, webStorageEnabled=true, browserName=chrome, takesScreenshot=true, javascriptEnabled=true, cssSelectorsEnabled=true}]
Session ID: 92d49a521c9a309b24ab6c26aa791d7a">
      <![CDATA[org.openqa.selenium.TimeoutException: Expected condition failed: waiting for swiftpass.page.Page$1@6bcefcef (tried for 10 second(s) with 500 MILLISECONDS interval)
Build info: version: 'unknown', revision: 'c7b525d', time: '2016-09-01 14:57:44 -0700'
System info: host: 'DESKTOP-N8UCBGL', ip: '192.168.2.155', os.name: 'Windows 10', os.arch: 'amd64', os.version: '10.0', java.version: '1.8.0_121'
Driver info: org.openqa.selenium.chrome.ChromeDriver
Capabilities [{applicationCacheEnabled=false, rotatable=false, mobileEmulationEnabled=false, networkConnectionEnabled=false, chrome={chromedriverVersion=2.24.417431 (9aea000394714d2fbb20850021f6204f2256b9cf), userDataDir=C:\Users\admin\AppData\Local\Temp\scoped_dir16148_20721}, takesHeapSnapshot=true, pageLoadStrategy=normal, databaseEnabled=false, handlesAlerts=true, hasTouchScreen=false, version=56.0.2924.87, platform=XP, browserConnectionEnabled=false, nativeEvents=true, acceptSslCerts=true, locationContextEnabled=true, webStorageEnabled=true, browserName=chrome, takesScreenshot=true, javascriptEnabled=true, cssSelectorsEnabled=true}]
Session ID: 92d49a521c9a309b24ab6c26aa791d7a
	at org.openqa.selenium.support.ui.WebDriverWait.timeoutException(WebDriverWait.java:80)
	at org.openqa.selenium.support.ui.FluentWait.until(FluentWait.java:260)
	at swiftpass.page.Page.getElementAttribute(Page.java:100)
	at swiftpass.page.channel.ChannelEditPage.checkNonEditable(ChannelEditPage.java:17)
	at swiftpass.testcase.channel.ChannelTestCaseImpl.editChannel(ChannelTestCaseImpl.java:162)
	at swiftpass.testcase.runners.ChannelTestCaseRunner.runEdit(ChannelTestCaseRunner.java:174)
Caused by: org.openqa.selenium.NoSuchElementException: no such element: Unable to locate element: {"method":"xpath","selector":"//td[text() = '所属渠道：']/following-sibling::td//a[2]"}
  (Session info: chrome=56.0.2924.87)
  (Driver info: chromedriver=2.24.417431 (9aea000394714d2fbb20850021f6204f2256b9cf),platform=Windows NT 10.0.15063 x86_64) (WARNING: The server did not provide any stacktrace information)
Command duration or timeout: 3.04 seconds
For documentation on this error, please visit: http://seleniumhq.org/exceptions/no_such_element.html
Build info: version: 'unknown', revision: 'c7b525d', time: '2016-09-01 14:57:44 -0700'
System info: host: 'DESKTOP-N8UCBGL', ip: '192.168.2.155', os.name: 'Windows 10', os.arch: 'amd64', os.version: '10.0', java.version: '1.8.0_121'
Driver info: org.openqa.selenium.chrome.ChromeDriver
Capabilities [{applicationCacheEnabled=false, rotatable=false, mobileEmulationEnabled=false, networkConnectionEnabled=false, chrome={chromedriverVersion=2.24.417431 (9aea000394714d2fbb20850021f6204f2256b9cf), userDataDir=C:\Users\admin\AppData\Local\Temp\scoped_dir16148_20721}, takesHeapSnapshot=true, pageLoadStrategy=normal, databaseEnabled=false, handlesAlerts=true, hasTouchScreen=false, version=56.0.2924.87, platform=XP, browserConnectionEnabled=false, nativeEvents=true, acceptSslCerts=true, locationContextEnabled=true, webStorageEnabled=true, browserName=chrome, takesScreenshot=true, javascriptEnabled=true, cssSelectorsEnabled=true}]
Session ID: 92d49a521c9a309b24ab6c26aa791d7a
*** Element info: {Using=xpath, value=//td[text() = '所属渠道：']/following-sibling::td//a[2]}
	at org.openqa.selenium.remote.ErrorHandler.createThrowable(ErrorHandler.java:206)
	at org.openqa.selenium.remote.ErrorHandler.throwIfResponseFailed(ErrorHandler.java:158)
	at org.openqa.selenium.remote.RemoteWebDriver.execute(RemoteWebDriver.java:631)
	at org.openqa.selenium.remote.RemoteWebDriver.findElement(RemoteWebDriver.java:369)
	at org.openqa.selenium.remote.RemoteWebDriver.findElementByXPath(RemoteWebDriver.java:474)
	at org.openqa.selenium.By$ByXPath.findElement(By.java:361)
	at org.openqa.selenium.remote.RemoteWebDriver.findElement(RemoteWebDriver.java:361)
	at swiftpass.page.Page$1.apply(Page.java:103)
	at swiftpass.page.Page$1.apply(Page.java:1)
	at org.openqa.selenium.support.ui.FluentWait.until(FluentWait.java:238)
	... 29 more
... Removed 28 stack frames]]>
    </failure>
  </testcase> <!-- runEdit -->
  <testcase name="runEdit" time="16.396" classname="swiftpass.testcase.runners.ChannelTestCaseRunner"/>
  <testcase name="runEdit" time="16.35" classname="swiftpass.testcase.runners.ChannelTestCaseRunner"/>
  <testcase name="runEdit" time="16.39" classname="swiftpass.testcase.runners.ChannelTestCaseRunner"/>
  <testcase name="runEdit" time="16.388" classname="swiftpass.testcase.runners.ChannelTestCaseRunner"/>
  <testcase name="runEdit" time="16.351" classname="swiftpass.testcase.runners.ChannelTestCaseRunner"/>
  <testcase name="runEdit" time="25.908" classname="swiftpass.testcase.runners.ChannelTestCaseRunner"/>
  <testcase name="runEdit" time="27.595" classname="swiftpass.testcase.runners.ChannelTestCaseRunner"/>
  <testcase name="runEdit" time="8.102" classname="swiftpass.testcase.runners.ChannelTestCaseRunner"/>
  <testcase name="runEdit" time="16.301" classname="swiftpass.testcase.runners.ChannelTestCaseRunner"/>
  <testcase name="runAudit" time="16.561" classname="swiftpass.testcase.runners.ChannelTestCaseRunner"/>
  <testcase name="runAudit" time="16.494" classname="swiftpass.testcase.runners.ChannelTestCaseRunner"/>
  <testcase name="runAudit" time="16.61" classname="swiftpass.testcase.runners.ChannelTestCaseRunner"/>
  <testcase name="runAudit" time="16.565" classname="swiftpass.testcase.runners.ChannelTestCaseRunner"/>
  <testcase name="runAudit" time="16.625" classname="swiftpass.testcase.runners.ChannelTestCaseRunner"/>
  <testcase name="runAudit" time="16.679" classname="swiftpass.testcase.runners.ChannelTestCaseRunner"/>
  <testcase name="runAudit" time="5.787" classname="swiftpass.testcase.runners.ChannelTestCaseRunner"/>
  <testcase name="runAudit" time="5.707" classname="swiftpass.testcase.runners.ChannelTestCaseRunner"/>
  <testcase name="runAudit" time="16.516" classname="swiftpass.testcase.runners.ChannelTestCaseRunner"/>
  <testcase name="runAudit" time="16.446" classname="swiftpass.testcase.runners.ChannelTestCaseRunner"/>
  <testcase name="runAudit" time="16.535" classname="swiftpass.testcase.runners.ChannelTestCaseRunner"/>
  <testcase name="runAudit" time="16.419" classname="swiftpass.testcase.runners.ChannelTestCaseRunner"/>
  <testcase name="runAudit" time="20.41" classname="swiftpass.testcase.runners.ChannelTestCaseRunner"/>
  <testcase name="runAudit" time="16.555" classname="swiftpass.testcase.runners.ChannelTestCaseRunner"/>
  <testcase name="runAudit" time="5.718" classname="swiftpass.testcase.runners.ChannelTestCaseRunner"/>
  <testcase name="runAudit" time="5.769" classname="swiftpass.testcase.runners.ChannelTestCaseRunner"/>
  <testcase name="runAudit" time="16.511" classname="swiftpass.testcase.runners.ChannelTestCaseRunner"/>
  <testcase name="runAudit" time="16.555" classname="swiftpass.testcase.runners.ChannelTestCaseRunner"/>
  <testcase name="runAudit" time="21.967" classname="swiftpass.testcase.runners.ChannelTestCaseRunner"/>
  <testcase name="runAudit" time="16.558" classname="swiftpass.testcase.runners.ChannelTestCaseRunner"/>
  <testcase name="runAudit" time="20.283" classname="swiftpass.testcase.runners.ChannelTestCaseRunner"/>
  <testcase name="runAudit" time="20.204" classname="swiftpass.testcase.runners.ChannelTestCaseRunner"/>
  <testcase name="runAudit" time="5.682" classname="swiftpass.testcase.runners.ChannelTestCaseRunner"/>
  <testcase name="runAudit" time="5.676" classname="swiftpass.testcase.runners.ChannelTestCaseRunner"/>
  <testcase name="runAudit" time="16.41" classname="swiftpass.testcase.runners.ChannelTestCaseRunner"/>
  <testcase name="runAudit" time="16.483" classname="swiftpass.testcase.runners.ChannelTestCaseRunner"/>
  <testcase name="runAudit" time="21.952" classname="swiftpass.testcase.runners.ChannelTestCaseRunner"/>
  <testcase name="runAudit" time="21.906" classname="swiftpass.testcase.runners.ChannelTestCaseRunner"/>
  <testcase name="runAudit" time="8.129" classname="swiftpass.testcase.runners.ChannelTestCaseRunner"/>
  <testcase name="runAudit" time="25.515" classname="swiftpass.testcase.runners.ChannelTestCaseRunner"/>
  <testcase name="runAudit" time="27.311" classname="swiftpass.testcase.runners.ChannelTestCaseRunner"/>
  <testcase name="runActive" time="8.136" classname="swiftpass.testcase.runners.ChannelTestCaseRunner"/>
  <testcase name="runActive" time="46.112" classname="swiftpass.testcase.runners.ChannelTestCaseRunner"/>
  <testcase name="runActive" time="47.885" classname="swiftpass.testcase.runners.ChannelTestCaseRunner"/>
  <testcase name="runActive" time="16.971" classname="swiftpass.testcase.runners.ChannelTestCaseRunner"/>
  <testcase name="runActive" time="18.041" classname="swiftpass.testcase.runners.ChannelTestCaseRunner"/>
  <testcase name="runActive" time="16.06" classname="swiftpass.testcase.runners.ChannelTestCaseRunner"/>
  <testcase name="runActive" time="16.984" classname="swiftpass.testcase.runners.ChannelTestCaseRunner"/>
  <testcase name="runActive" time="17.071" classname="swiftpass.testcase.runners.ChannelTestCaseRunner"/>
  <testcase name="runActive" time="17.076" classname="swiftpass.testcase.runners.ChannelTestCaseRunner"/>
  <testcase name="runActive" time="16.931" classname="swiftpass.testcase.runners.ChannelTestCaseRunner"/>
  <testcase name="runActive" time="16.976" classname="swiftpass.testcase.runners.ChannelTestCaseRunner"/>
  <testcase name="runActive" time="16.943" classname="swiftpass.testcase.runners.ChannelTestCaseRunner"/>
  <testcase name="runActive" time="17.029" classname="swiftpass.testcase.runners.ChannelTestCaseRunner"/>
  <testcase name="runActive" time="17.057" classname="swiftpass.testcase.runners.ChannelTestCaseRunner"/>
  <testcase name="runActive" time="17.107" classname="swiftpass.testcase.runners.ChannelTestCaseRunner"/>
  <testcase name="runActive" time="17.103" classname="swiftpass.testcase.runners.ChannelTestCaseRunner"/>
  <testcase name="runActive" time="17.047" classname="swiftpass.testcase.runners.ChannelTestCaseRunner"/>
  <testcase name="runActive" time="16.007" classname="swiftpass.testcase.runners.ChannelTestCaseRunner"/>
  <testcase name="runActive" time="17.056" classname="swiftpass.testcase.runners.ChannelTestCaseRunner"/>
  <testcase name="runActive" time="16.965" classname="swiftpass.testcase.runners.ChannelTestCaseRunner"/>
  <testcase name="runActive" time="21.248" classname="swiftpass.testcase.runners.ChannelTestCaseRunner"/>
  <testcase name="runActive" time="16.979" classname="swiftpass.testcase.runners.ChannelTestCaseRunner"/>
  <testcase name="runActive" time="16.982" classname="swiftpass.testcase.runners.ChannelTestCaseRunner"/>
  <testcase name="runActive" time="16.991" classname="swiftpass.testcase.runners.ChannelTestCaseRunner"/>
  <testcase name="runActive" time="17.012" classname="swiftpass.testcase.runners.ChannelTestCaseRunner"/>
  <testcase name="runActive" time="16.966" classname="swiftpass.testcase.runners.ChannelTestCaseRunner"/>
  <testcase name="runActive" time="21.014" classname="swiftpass.testcase.runners.ChannelTestCaseRunner"/>
  <testcase name="runActive" time="16.983" classname="swiftpass.testcase.runners.ChannelTestCaseRunner"/>
  <testcase name="runActive" time="17.018" classname="swiftpass.testcase.runners.ChannelTestCaseRunner"/>
  <testcase name="runActive" time="17.043" classname="swiftpass.testcase.runners.ChannelTestCaseRunner"/>
  <testcase name="runActive" time="16.914" classname="swiftpass.testcase.runners.ChannelTestCaseRunner"/>
  <testcase name="runActive" time="37.179" classname="swiftpass.testcase.runners.ChannelTestCaseRunner"/>
  <testcase name="runActive" time="16.031" classname="swiftpass.testcase.runners.ChannelTestCaseRunner"/>
  <testcase name="runActive" time="16.964" classname="swiftpass.testcase.runners.ChannelTestCaseRunner"/>
  <testcase name="runActive" time="17.017" classname="swiftpass.testcase.runners.ChannelTestCaseRunner"/>
  <testcase name="runActive" time="41.205" classname="swiftpass.testcase.runners.ChannelTestCaseRunner"/>
  <testcase name="runActive" time="16.944" classname="swiftpass.testcase.runners.ChannelTestCaseRunner"/>
  <testcase name="runActive" time="16.965" classname="swiftpass.testcase.runners.ChannelTestCaseRunner"/>
  <testcase name="runActive" time="16.989" classname="swiftpass.testcase.runners.ChannelTestCaseRunner"/>
  <testcase name="runActive" time="37.128" classname="swiftpass.testcase.runners.ChannelTestCaseRunner"/>
  <testcase name="runActive" time="17.033" classname="swiftpass.testcase.runners.ChannelTestCaseRunner"/>
  <testcase name="runActive" time="16.088" classname="swiftpass.testcase.runners.ChannelTestCaseRunner"/>
  <testcase name="runAAA" time="8.1" classname="swiftpass.testcase.runners.ChannelTestCaseRunner"/>
  <testcase name="runAAA" time="16.665" classname="swiftpass.testcase.runners.ChannelTestCaseRunner"/>
  <testcase name="runAAA" time="18.914" classname="swiftpass.testcase.runners.ChannelTestCaseRunner"/>
  <testcase name="runAAA" time="18.87" classname="swiftpass.testcase.runners.ChannelTestCaseRunner"/>
  <testcase name="runAAA" time="16.862" classname="swiftpass.testcase.runners.ChannelTestCaseRunner"/>
  <testcase name="runAAA" time="16.658" classname="swiftpass.testcase.runners.ChannelTestCaseRunner"/>
  <testcase name="runAAA" time="20.544" classname="swiftpass.testcase.runners.ChannelTestCaseRunner"/>
  <testcase name="runAAA" time="16.793" classname="swiftpass.testcase.runners.ChannelTestCaseRunner"/>
  <testcase name="runAAA" time="16.709" classname="swiftpass.testcase.runners.ChannelTestCaseRunner"/>
  <testcase name="runAAA" time="16.688" classname="swiftpass.testcase.runners.ChannelTestCaseRunner"/>
  <testcase name="runAAA" time="16.704" classname="swiftpass.testcase.runners.ChannelTestCaseRunner"/>
  <testcase name="runAAA" time="16.659" classname="swiftpass.testcase.runners.ChannelTestCaseRunner"/>
  <testcase name="runAAA" time="16.724" classname="swiftpass.testcase.runners.ChannelTestCaseRunner"/>
  <testcase name="runAAA" time="16.707" classname="swiftpass.testcase.runners.ChannelTestCaseRunner"/>
  <testcase name="runAAA" time="16.766" classname="swiftpass.testcase.runners.ChannelTestCaseRunner"/>
  <testcase name="runAAA" time="25.141" classname="swiftpass.testcase.runners.ChannelTestCaseRunner"/>
  <testcase name="runAAA" time="16.771" classname="swiftpass.testcase.runners.ChannelTestCaseRunner"/>
  <testcase name="runAAA" time="16.738" classname="swiftpass.testcase.runners.ChannelTestCaseRunner"/>
  <testcase name="runAAA" time="16.7" classname="swiftpass.testcase.runners.ChannelTestCaseRunner"/>
  <testcase name="runAAA" time="16.708" classname="swiftpass.testcase.runners.ChannelTestCaseRunner"/>
  <testcase name="runAAA" time="16.753" classname="swiftpass.testcase.runners.ChannelTestCaseRunner"/>
  <testcase name="runAAA" time="16.608" classname="swiftpass.testcase.runners.ChannelTestCaseRunner"/>
  <testcase name="runAAA" time="20.532" classname="swiftpass.testcase.runners.ChannelTestCaseRunner"/>
  <testcase name="runAAA" time="22.009" classname="swiftpass.testcase.runners.ChannelTestCaseRunner"/>
  <testcase name="runAAA" time="22.045" classname="swiftpass.testcase.runners.ChannelTestCaseRunner"/>
  <testcase name="runAAA" time="25.102" classname="swiftpass.testcase.runners.ChannelTestCaseRunner"/>
  <testcase name="runAAA" time="16.73" classname="swiftpass.testcase.runners.ChannelTestCaseRunner"/>
  <testcase name="runAAA" time="25.079" classname="swiftpass.testcase.runners.ChannelTestCaseRunner"/>
  <testcase name="runAAA" time="25.138" classname="swiftpass.testcase.runners.ChannelTestCaseRunner"/>
  <testcase name="runAAA" time="16.735" classname="swiftpass.testcase.runners.ChannelTestCaseRunner"/>
  <testcase name="runAAA" time="25.11" classname="swiftpass.testcase.runners.ChannelTestCaseRunner"/>
  <testcase name="runAAA" time="16.66" classname="swiftpass.testcase.runners.ChannelTestCaseRunner"/>
  <testcase name="runAAA" time="25.091" classname="swiftpass.testcase.runners.ChannelTestCaseRunner"/>
  <testcase name="runAAA" time="25.095" classname="swiftpass.testcase.runners.ChannelTestCaseRunner"/>
  <testcase name="runAAA" time="25.1" classname="swiftpass.testcase.runners.ChannelTestCaseRunner"/>
  <testcase name="runAAA" time="25.245" classname="swiftpass.testcase.runners.ChannelTestCaseRunner"/>
  <testcase name="runAAA" time="25.056" classname="swiftpass.testcase.runners.ChannelTestCaseRunner"/>
  <testcase name="runAAA" time="20.385" classname="swiftpass.testcase.runners.ChannelTestCaseRunner"/>
  <testcase name="runAAA" time="22.055" classname="swiftpass.testcase.runners.ChannelTestCaseRunner"/>
  <testcase name="runAAA" time="21.957" classname="swiftpass.testcase.runners.ChannelTestCaseRunner"/>
  <testcase name="runAAA" time="16.71" classname="swiftpass.testcase.runners.ChannelTestCaseRunner"/>
  <testcase name="runAAA" time="16.745" classname="swiftpass.testcase.runners.ChannelTestCaseRunner"/>
  <testcase name="runAAA" time="16.757" classname="swiftpass.testcase.runners.ChannelTestCaseRunner"/>
  <testcase name="runAAA" time="25.025" classname="swiftpass.testcase.runners.ChannelTestCaseRunner"/>
  <testcase name="runAAA" time="16.829" classname="swiftpass.testcase.runners.ChannelTestCaseRunner"/>
  <testcase name="runAAA" time="25.147" classname="swiftpass.testcase.runners.ChannelTestCaseRunner"/>
  <testcase name="runAAA" time="16.638" classname="swiftpass.testcase.runners.ChannelTestCaseRunner"/>
  <testcase name="runAAA" time="16.693" classname="swiftpass.testcase.runners.ChannelTestCaseRunner"/>
  <testcase name="runAAA" time="25.14" classname="swiftpass.testcase.runners.ChannelTestCaseRunner"/>
  <testcase name="runAAA" time="25.158" classname="swiftpass.testcase.runners.ChannelTestCaseRunner"/>
  <testcase name="runAAA" time="25.073" classname="swiftpass.testcase.runners.ChannelTestCaseRunner"/>
  <testcase name="runAAA" time="25.136" classname="swiftpass.testcase.runners.ChannelTestCaseRunner"/>
  <testcase name="runAAA" time="16.846" classname="swiftpass.testcase.runners.ChannelTestCaseRunner"/>
  <testcase name="runAAA" time="16.742" classname="swiftpass.testcase.runners.ChannelTestCaseRunner"/>
  <testcase name="runAAA" time="16.79" classname="swiftpass.testcase.runners.ChannelTestCaseRunner"/>
  <testcase name="runAAA" time="16.748" classname="swiftpass.testcase.runners.ChannelTestCaseRunner"/>
  <testcase name="runAAA" time="16.828" classname="swiftpass.testcase.runners.ChannelTestCaseRunner"/>
  <testcase name="runAAA" time="16.716" classname="swiftpass.testcase.runners.ChannelTestCaseRunner"/>
  <testcase name="runAAA" time="16.783" classname="swiftpass.testcase.runners.ChannelTestCaseRunner"/>
  <testcase name="runAAA" time="16.707" classname="swiftpass.testcase.runners.ChannelTestCaseRunner"/>
  <testcase name="runAAA" time="16.733" classname="swiftpass.testcase.runners.ChannelTestCaseRunner"/>
  <testcase name="runAAA" time="16.755" classname="swiftpass.testcase.runners.ChannelTestCaseRunner"/>
  <testcase name="runAAA" time="16.684" classname="swiftpass.testcase.runners.ChannelTestCaseRunner"/>
  <testcase name="runAAA" time="16.614" classname="swiftpass.testcase.runners.ChannelTestCaseRunner"/>
  <testcase name="runAAA" time="16.75" classname="swiftpass.testcase.runners.ChannelTestCaseRunner"/>
  <testcase name="runAAA" time="16.757" classname="swiftpass.testcase.runners.ChannelTestCaseRunner"/>
  <testcase name="runAAA" time="25.06" classname="swiftpass.testcase.runners.ChannelTestCaseRunner"/>
  <testcase name="runAAA" time="16.676" classname="swiftpass.testcase.runners.ChannelTestCaseRunner"/>
  <testcase name="runAAA" time="16.821" classname="swiftpass.testcase.runners.ChannelTestCaseRunner"/>
  <testcase name="runAAA" time="16.728" classname="swiftpass.testcase.runners.ChannelTestCaseRunner"/>
  <testcase name="runAAA" time="16.676" classname="swiftpass.testcase.runners.ChannelTestCaseRunner"/>
  <testcase name="runAAA" time="16.749" classname="swiftpass.testcase.runners.ChannelTestCaseRunner"/>
  <testcase name="runAAA" time="16.681" classname="swiftpass.testcase.runners.ChannelTestCaseRunner"/>
  <testcase name="runAAA" time="16.66" classname="swiftpass.testcase.runners.ChannelTestCaseRunner"/>
  <testcase name="runAAA" time="16.638" classname="swiftpass.testcase.runners.ChannelTestCaseRunner"/>
  <testcase name="runAAA" time="16.888" classname="swiftpass.testcase.runners.ChannelTestCaseRunner"/>
  <testcase name="runAAA" time="25.097" classname="swiftpass.testcase.runners.ChannelTestCaseRunner"/>
  <testcase name="runAAA" time="16.761" classname="swiftpass.testcase.runners.ChannelTestCaseRunner"/>
  <testcase name="runAAA" time="25.083" classname="swiftpass.testcase.runners.ChannelTestCaseRunner"/>
  <testcase name="runAAA" time="24.973" classname="swiftpass.testcase.runners.ChannelTestCaseRunner"/>
  <testcase name="runAAA" time="16.963" classname="swiftpass.testcase.runners.ChannelTestCaseRunner"/>
  <testcase name="runAAA" time="16.694" classname="swiftpass.testcase.runners.ChannelTestCaseRunner"/>
  <testcase name="runAAA" time="16.793" classname="swiftpass.testcase.runners.ChannelTestCaseRunner"/>
  <testcase name="runAAA" time="16.629" classname="swiftpass.testcase.runners.ChannelTestCaseRunner"/>
  <testcase name="runAAA" time="16.703" classname="swiftpass.testcase.runners.ChannelTestCaseRunner"/>
  <testcase name="runAAA" time="16.659" classname="swiftpass.testcase.runners.ChannelTestCaseRunner"/>
  <testcase name="runAAA" time="16.709" classname="swiftpass.testcase.runners.ChannelTestCaseRunner"/>
  <testcase name="runAAA" time="16.609" classname="swiftpass.testcase.runners.ChannelTestCaseRunner"/>
  <testcase name="runAAA" time="20.435" classname="swiftpass.testcase.runners.ChannelTestCaseRunner"/>
  <testcase name="runAAA" time="21.996" classname="swiftpass.testcase.runners.ChannelTestCaseRunner"/>
  <testcase name="runAAA" time="21.934" classname="swiftpass.testcase.runners.ChannelTestCaseRunner"/>
  <testcase name="runAAA" time="16.707" classname="swiftpass.testcase.runners.ChannelTestCaseRunner"/>
  <testcase name="runAAA" time="16.714" classname="swiftpass.testcase.runners.ChannelTestCaseRunner"/>
  <testcase name="runAAA" time="16.726" classname="swiftpass.testcase.runners.ChannelTestCaseRunner"/>
  <testcase name="runAAA" time="25.167" classname="swiftpass.testcase.runners.ChannelTestCaseRunner"/>
  <testcase name="runAAA" time="16.735" classname="swiftpass.testcase.runners.ChannelTestCaseRunner"/>
  <testcase name="runAAA" time="25.06" classname="swiftpass.testcase.runners.ChannelTestCaseRunner"/>
  <testcase name="runAAA" time="16.738" classname="swiftpass.testcase.runners.ChannelTestCaseRunner"/>
  <testcase name="runAAA" time="25.247" classname="swiftpass.testcase.runners.ChannelTestCaseRunner"/>
  <testcase name="runAAA" time="25.071" classname="swiftpass.testcase.runners.ChannelTestCaseRunner"/>
  <testcase name="runAAA" time="25.106" classname="swiftpass.testcase.runners.ChannelTestCaseRunner"/>
  <testcase name="runAAA" time="25.124" classname="swiftpass.testcase.runners.ChannelTestCaseRunner"/>
  <testcase name="runAAA" time="25.212" classname="swiftpass.testcase.runners.ChannelTestCaseRunner"/>
  <testcase name="runScanDetail" time="15.611" classname="swiftpass.testcase.runners.ChannelTestCaseRunner">
    <failure type="java.lang.AssertionError" message="Maps do not match for key:INVITE_CODE actual:1482143 expected:148002146 expected [148002146] but found [1482143]">
      <![CDATA[java.lang.AssertionError: Maps do not match for key:INVITE_CODE actual:1482143 expected:148002146 expected [148002146] but found [1482143]
	at swiftpass.testcase.channel.ChannelTestCaseImpl.scanChannelDetail(ChannelTestCaseImpl.java:203)
	at swiftpass.testcase.runners.ChannelTestCaseRunner.runScanDetail(ChannelTestCaseRunner.java:94)
... Removed 29 stack frames]]>
    </failure>
  </testcase> <!-- runScanDetail -->
  <testcase name="runScanDetail" time="8.137" classname="swiftpass.testcase.runners.ChannelTestCaseRunner"/>
  <testcase name="runSearch" time="5.551" classname="swiftpass.testcase.runners.ChannelTestCaseRunner"/>
  <testcase name="runSearch" time="5.315" classname="swiftpass.testcase.runners.ChannelTestCaseRunner"/>
  <testcase name="runSearch" time="17.556" classname="swiftpass.testcase.runners.ChannelTestCaseRunner"/>
  <testcase name="runSearch" time="4.041" classname="swiftpass.testcase.runners.ChannelTestCaseRunner"/>
  <testcase name="runSearch" time="4.024" classname="swiftpass.testcase.runners.ChannelTestCaseRunner"/>
  <testcase name="runSearch" time="17.589" classname="swiftpass.testcase.runners.ChannelTestCaseRunner"/>
  <testcase name="runSearch" time="3.954" classname="swiftpass.testcase.runners.ChannelTestCaseRunner"/>
  <testcase name="runSearch" time="4.038" classname="swiftpass.testcase.runners.ChannelTestCaseRunner"/>
  <testcase name="runSearch" time="4.004" classname="swiftpass.testcase.runners.ChannelTestCaseRunner"/>
  <testcase name="runSearch" time="3.885" classname="swiftpass.testcase.runners.ChannelTestCaseRunner"/>
  <testcase name="runSearch" time="3.076" classname="swiftpass.testcase.runners.ChannelTestCaseRunner"/>
  <testcase name="runSearch" time="6.855" classname="swiftpass.testcase.runners.ChannelTestCaseRunner"/>
  <testcase name="runSearch" time="5.549" classname="swiftpass.testcase.runners.ChannelTestCaseRunner"/>
  <testcase name="runSearch" time="5.516" classname="swiftpass.testcase.runners.ChannelTestCaseRunner"/>
  <testcase name="runSearch" time="5.495" classname="swiftpass.testcase.runners.ChannelTestCaseRunner"/>
  <testcase name="runSearch" time="5.421" classname="swiftpass.testcase.runners.ChannelTestCaseRunner"/>
  <testcase name="runSearch" time="5.563" classname="swiftpass.testcase.runners.ChannelTestCaseRunner"/>
  <testcase name="runSearch" time="6.973" classname="swiftpass.testcase.runners.ChannelTestCaseRunner"/>
  <testcase name="runSearch" time="3.982" classname="swiftpass.testcase.runners.ChannelTestCaseRunner"/>
  <testcase name="runSearch" time="5.581" classname="swiftpass.testcase.runners.ChannelTestCaseRunner"/>
  <testcase name="runSearch" time="6.993" classname="swiftpass.testcase.runners.ChannelTestCaseRunner"/>
  <testcase name="runSearch" time="5.38" classname="swiftpass.testcase.runners.ChannelTestCaseRunner"/>
  <testcase name="runSearch" time="5.982" classname="swiftpass.testcase.runners.ChannelTestCaseRunner"/>
  <testcase name="runPCAdd" time="15.767" classname="swiftpass.testcase.runners.ChannelTestCaseRunner"/>
  <testcase name="runPCAdd" time="18.036" classname="swiftpass.testcase.runners.ChannelTestCaseRunner"/>
  <testcase name="runPCAdd" time="18.041" classname="swiftpass.testcase.runners.ChannelTestCaseRunner"/>
  <testcase name="runPCAdd" time="27.648" classname="swiftpass.testcase.runners.ChannelTestCaseRunner"/>
  <testcase name="runPCAdd" time="29.281" classname="swiftpass.testcase.runners.ChannelTestCaseRunner"/>
  <testcase name="runPCAdd" time="17.893" classname="swiftpass.testcase.runners.ChannelTestCaseRunner"/>
  <testcase name="runPCAdd" time="19.157" classname="swiftpass.testcase.runners.ChannelTestCaseRunner"/>
  <testcase name="runPCAdd" time="18.104" classname="swiftpass.testcase.runners.ChannelTestCaseRunner"/>
  <testcase name="runPCAdd" time="19.115" classname="swiftpass.testcase.runners.ChannelTestCaseRunner"/>
  <testcase name="runPCAdd" time="19.255" classname="swiftpass.testcase.runners.ChannelTestCaseRunner"/>
  <testcase name="runPCAdd" time="19.086" classname="swiftpass.testcase.runners.ChannelTestCaseRunner"/>
  <testcase name="runPCAdd" time="55.79" classname="swiftpass.testcase.runners.ChannelTestCaseRunner"/>
  <testcase name="runPCAdd" time="55.816" classname="swiftpass.testcase.runners.ChannelTestCaseRunner"/>
  <testcase name="runPCAdd" time="55.898" classname="swiftpass.testcase.runners.ChannelTestCaseRunner"/>
  <testcase name="runPCAdd" time="56.356" classname="swiftpass.testcase.runners.ChannelTestCaseRunner"/>
  <testcase name="runPCAdd" time="55.789" classname="swiftpass.testcase.runners.ChannelTestCaseRunner"/>
  <testcase name="runPCAdd" time="56.991" classname="swiftpass.testcase.runners.ChannelTestCaseRunner"/>
  <testcase name="runPCAdd" time="54.189" classname="swiftpass.testcase.runners.ChannelTestCaseRunner"/>
  <testcase name="runPCAdd" time="7.55" classname="swiftpass.testcase.runners.ChannelTestCaseRunner"/>
  <testcase name="runPCEdit" time="4.416" classname="swiftpass.testcase.runners.ChannelTestCaseRunner"/>
  <testcase name="runPCEdit" time="19.019" classname="swiftpass.testcase.runners.ChannelTestCaseRunner"/>
  <testcase name="runPCEdit" time="28.517" classname="swiftpass.testcase.runners.ChannelTestCaseRunner"/>
  <testcase name="runPCEdit" time="30.229" classname="swiftpass.testcase.runners.ChannelTestCaseRunner"/>
  <testcase name="runPCEdit" time="20.169" classname="swiftpass.testcase.runners.ChannelTestCaseRunner"/>
  <testcase name="runPCEdit" time="19.034" classname="swiftpass.testcase.runners.ChannelTestCaseRunner"/>
  <testcase name="runPCEdit" time="20.054" classname="swiftpass.testcase.runners.ChannelTestCaseRunner"/>
  <testcase name="runPCEdit" time="20.074" classname="swiftpass.testcase.runners.ChannelTestCaseRunner"/>
  <testcase name="runPCEdit" time="20.113" classname="swiftpass.testcase.runners.ChannelTestCaseRunner"/>
  <testcase name="runPCEdit" time="20.079" classname="swiftpass.testcase.runners.ChannelTestCaseRunner"/>
  <testcase name="runPCActive" time="2.703" classname="swiftpass.testcase.runners.ChannelTestCaseRunner"/>
  <testcase name="runPCActive" time="4.419" classname="swiftpass.testcase.runners.ChannelTestCaseRunner"/>
  <testcase name="runPCActive" time="16.202" classname="swiftpass.testcase.runners.ChannelTestCaseRunner"/>
  <testcase name="runPCActive" time="16.907" classname="swiftpass.testcase.runners.ChannelTestCaseRunner"/>
  <testcase name="runPCActive" time="5.961" classname="swiftpass.testcase.runners.ChannelTestCaseRunner"/>
  <testcase name="runPCActive" time="17.834" classname="swiftpass.testcase.runners.ChannelTestCaseRunner"/>
  <testcase name="runPCActive" time="17.923" classname="swiftpass.testcase.runners.ChannelTestCaseRunner"/>
  <testcase name="runPCActive" time="18.01" classname="swiftpass.testcase.runners.ChannelTestCaseRunner"/>
  <testcase name="runPCActive" time="20.057" classname="swiftpass.testcase.runners.ChannelTestCaseRunner"/>
  <testcase name="runPCActive" time="3.999" classname="swiftpass.testcase.runners.ChannelTestCaseRunner"/>
  <testcase name="runPCActive" time="5.949" classname="swiftpass.testcase.runners.ChannelTestCaseRunner"/>
  <testcase name="runPCActive" time="5.877" classname="swiftpass.testcase.runners.ChannelTestCaseRunner"/>
  <testcase name="runPCActive" time="17.844" classname="swiftpass.testcase.runners.ChannelTestCaseRunner"/>
  <testcase name="runPCActive" time="17.935" classname="swiftpass.testcase.runners.ChannelTestCaseRunner"/>
  <testcase name="runPCActive" time="17.884" classname="swiftpass.testcase.runners.ChannelTestCaseRunner"/>
  <testcase name="runPCActive" time="16.235" classname="swiftpass.testcase.runners.ChannelTestCaseRunner"/>
  <testcase name="runPCActive" time="16.244" classname="swiftpass.testcase.runners.ChannelTestCaseRunner"/>
  <testcase name="runPCActive" time="16.166" classname="swiftpass.testcase.runners.ChannelTestCaseRunner"/>
  <testcase name="runPCActive" time="5.965" classname="swiftpass.testcase.runners.ChannelTestCaseRunner"/>
  <testcase name="runPCDetail" time="4.381" classname="swiftpass.testcase.runners.ChannelTestCaseRunner"/>
  <testcase name="runPCDetail" time="4.896" classname="swiftpass.testcase.runners.ChannelTestCaseRunner"/>
  <testcase name="runPCDetail" time="25.777" classname="swiftpass.testcase.runners.ChannelTestCaseRunner"/>
  <testcase name="runAdd" time="26.523" classname="swiftpass.testcase.runners.EmpTestCaseRunner"/>
  <testcase name="runAdd" time="8.363" classname="swiftpass.testcase.runners.EmpTestCaseRunner"/>
  <testcase name="runAdd" time="8.313" classname="swiftpass.testcase.runners.EmpTestCaseRunner"/>
  <testcase name="runAdd" time="8.24" classname="swiftpass.testcase.runners.EmpTestCaseRunner"/>
  <testcase name="runAdd" time="8.187" classname="swiftpass.testcase.runners.EmpTestCaseRunner"/>
  <testcase name="runAdd" time="8.212" classname="swiftpass.testcase.runners.EmpTestCaseRunner"/>
  <testcase name="runAdd" time="9.174" classname="swiftpass.testcase.runners.EmpTestCaseRunner"/>
  <testcase name="runAdd" time="9.363" classname="swiftpass.testcase.runners.EmpTestCaseRunner"/>
  <testcase name="runAdd" time="9.376" classname="swiftpass.testcase.runners.EmpTestCaseRunner"/>
  <testcase name="runAdd" time="9.2" classname="swiftpass.testcase.runners.EmpTestCaseRunner"/>
  <testcase name="runAdd" time="8.899" classname="swiftpass.testcase.runners.EmpTestCaseRunner"/>
  <testcase name="runAdd" time="8.244" classname="swiftpass.testcase.runners.EmpTestCaseRunner"/>
  <testcase name="runAdd" time="9.41" classname="swiftpass.testcase.runners.EmpTestCaseRunner"/>
  <testcase name="runAdd" time="9.703" classname="swiftpass.testcase.runners.EmpTestCaseRunner"/>
  <testcase name="runAdd" time="10.293" classname="swiftpass.testcase.runners.EmpTestCaseRunner"/>
  <testcase name="runAdd" time="17.882" classname="swiftpass.testcase.runners.EmpTestCaseRunner"/>
  <testcase name="runAdd" time="19.674" classname="swiftpass.testcase.runners.EmpTestCaseRunner"/>
  <testcase name="runEdit" time="33.653" classname="swiftpass.testcase.runners.EmpTestCaseRunner"/>
  <testcase name="runEdit" time="19.691" classname="swiftpass.testcase.runners.EmpTestCaseRunner"/>
  <testcase name="runEdit" time="19.611" classname="swiftpass.testcase.runners.EmpTestCaseRunner"/>
  <testcase name="runEdit" time="19.648" classname="swiftpass.testcase.runners.EmpTestCaseRunner"/>
  <testcase name="runEdit" time="19.657" classname="swiftpass.testcase.runners.EmpTestCaseRunner"/>
  <testcase name="runEdit" time="19.574" classname="swiftpass.testcase.runners.EmpTestCaseRunner"/>
  <testcase name="runEdit" time="19.725" classname="swiftpass.testcase.runners.EmpTestCaseRunner"/>
  <testcase name="runEdit" time="19.594" classname="swiftpass.testcase.runners.EmpTestCaseRunner"/>
  <testcase name="runEdit" time="20.692" classname="swiftpass.testcase.runners.EmpTestCaseRunner"/>
  <testcase name="runEdit" time="19.628" classname="swiftpass.testcase.runners.EmpTestCaseRunner"/>
  <testcase name="runEdit" time="19.632" classname="swiftpass.testcase.runners.EmpTestCaseRunner"/>
  <testcase name="runEdit" time="19.734" classname="swiftpass.testcase.runners.EmpTestCaseRunner"/>
  <testcase name="runEdit" time="19.812" classname="swiftpass.testcase.runners.EmpTestCaseRunner"/>
  <testcase name="runEdit" time="20.052" classname="swiftpass.testcase.runners.EmpTestCaseRunner"/>
  <testcase name="runEdit" time="29.222" classname="swiftpass.testcase.runners.EmpTestCaseRunner"/>
  <testcase name="runEdit" time="30.958" classname="swiftpass.testcase.runners.EmpTestCaseRunner"/>
  <testcase name="runEdit" time="7.025" classname="swiftpass.testcase.runners.EmpTestCaseRunner"/>
  <testcase name="runSearch" time="3.698" classname="swiftpass.testcase.runners.EmpTestCaseRunner"/>
  <testcase name="runSearch" time="5.183" classname="swiftpass.testcase.runners.EmpTestCaseRunner"/>
  <testcase name="runSearch" time="5.14" classname="swiftpass.testcase.runners.EmpTestCaseRunner"/>
  <testcase name="runSearch" time="3.721" classname="swiftpass.testcase.runners.EmpTestCaseRunner"/>
  <testcase name="runSearch" time="3.734" classname="swiftpass.testcase.runners.EmpTestCaseRunner"/>
  <testcase name="runSearch" time="3.711" classname="swiftpass.testcase.runners.EmpTestCaseRunner"/>
  <testcase name="runSearch" time="17.356" classname="swiftpass.testcase.runners.EmpTestCaseRunner">
    <failure type="java.lang.AssertionError" message="expected [109] but found [0]">
      <![CDATA[java.lang.AssertionError: expected [109] but found [0]
	at swiftpass.testcase.channel.EmpTestCaseImpl.searchEmp(EmpTestCaseImpl.java:247)
	at swiftpass.testcase.runners.EmpTestCaseRunner.runSearch(EmpTestCaseRunner.java:99)
... Removed 31 stack frames]]>
    </failure>
  </testcase> <!-- runSearch -->
  <testcase name="runSearch" time="5.248" classname="swiftpass.testcase.runners.EmpTestCaseRunner"/>
  <testcase name="runSearch" time="3.683" classname="swiftpass.testcase.runners.EmpTestCaseRunner"/>
  <testcase name="runSearch" time="3.747" classname="swiftpass.testcase.runners.EmpTestCaseRunner"/>
  <testcase name="runSearch" time="5.24" classname="swiftpass.testcase.runners.EmpTestCaseRunner"/>
  <testcase name="runSearch" time="5.181" classname="swiftpass.testcase.runners.EmpTestCaseRunner"/>
  <testcase name="runSearch" time="3.736" classname="swiftpass.testcase.runners.EmpTestCaseRunner"/>
  <testcase name="runSearch" time="3.789" classname="swiftpass.testcase.runners.EmpTestCaseRunner"/>
  <testcase name="runSearch" time="6.671" classname="swiftpass.testcase.runners.EmpTestCaseRunner"/>
  <testcase name="runSearch" time="5.212" classname="swiftpass.testcase.runners.EmpTestCaseRunner"/>
  <testcase name="runSearch" time="3.736" classname="swiftpass.testcase.runners.EmpTestCaseRunner"/>
  <testcase name="runSearch" time="5.196" classname="swiftpass.testcase.runners.EmpTestCaseRunner"/>
  <testcase name="runSearch" time="5.139" classname="swiftpass.testcase.runners.EmpTestCaseRunner"/>
  <testcase name="runAdd" time="19.344" classname="swiftpass.testcase.runners.DepartmentTestCaseRunner"/>
  <testcase name="runAdd" time="19.277" classname="swiftpass.testcase.runners.DepartmentTestCaseRunner"/>
  <testcase name="runAdd" time="3.273" classname="swiftpass.testcase.runners.DepartmentTestCaseRunner"/>
  <testcase name="runAdd" time="3.294" classname="swiftpass.testcase.runners.DepartmentTestCaseRunner"/>
  <testcase name="runAdd" time="3.343" classname="swiftpass.testcase.runners.DepartmentTestCaseRunner"/>
  <testcase name="runAdd" time="4.463" classname="swiftpass.testcase.runners.DepartmentTestCaseRunner"/>
  <testcase name="runAdd" time="12.923" classname="swiftpass.testcase.runners.DepartmentTestCaseRunner"/>
  <testcase name="runAdd" time="14.703" classname="swiftpass.testcase.runners.DepartmentTestCaseRunner"/>
  <testcase name="runEdit" time="30.603" classname="swiftpass.testcase.runners.DepartmentTestCaseRunner"/>
  <testcase name="runEdit" time="15.6" classname="swiftpass.testcase.runners.DepartmentTestCaseRunner"/>
  <testcase name="runEdit" time="15.789" classname="swiftpass.testcase.runners.DepartmentTestCaseRunner"/>
  <testcase name="runEdit" time="10.848" classname="swiftpass.testcase.runners.DepartmentTestCaseRunner"/>
  <testcase name="runEdit" time="25.174" classname="swiftpass.testcase.runners.DepartmentTestCaseRunner"/>
  <testcase name="runEdit" time="25.23" classname="swiftpass.testcase.runners.DepartmentTestCaseRunner"/>
  <testcase name="runSearch" time="2.509" classname="swiftpass.testcase.runners.DepartmentTestCaseRunner"/>
  <testcase name="runSearch" time="2.584" classname="swiftpass.testcase.runners.DepartmentTestCaseRunner"/>
  <testcase name="runSearch" time="16.171" classname="swiftpass.testcase.runners.DepartmentTestCaseRunner"/>
  <testcase name="runSearch" time="16.133" classname="swiftpass.testcase.runners.DepartmentTestCaseRunner"/>
  <testcase name="runSearch" time="16.37" classname="swiftpass.testcase.runners.DepartmentTestCaseRunner"/>
  <testcase name="runSearch" time="16.251" classname="swiftpass.testcase.runners.DepartmentTestCaseRunner"/>
  <testcase name="runAdd" time="7.768" classname="swiftpass.testcase.runners.StoreTestCaseRunner"/>
  <testcase name="runAdd" time="22.154" classname="swiftpass.testcase.runners.StoreTestCaseRunner"/>
  <testcase name="runAdd" time="32.783" classname="swiftpass.testcase.runners.StoreTestCaseRunner"/>
  <testcase name="runAdd" time="24.732" classname="swiftpass.testcase.runners.StoreTestCaseRunner"/>
  <testcase name="runAdd" time="24.435" classname="swiftpass.testcase.runners.StoreTestCaseRunner"/>
  <testcase name="runAdd" time="24.572" classname="swiftpass.testcase.runners.StoreTestCaseRunner"/>
  <testcase name="runEdit" time="13.44" classname="swiftpass.testcase.runners.StoreTestCaseRunner"/>
  <testcase name="runEdit" time="2.483" classname="swiftpass.testcase.runners.StoreTestCaseRunner"/>
  <testcase name="runEdit" time="23.025" classname="swiftpass.testcase.runners.StoreTestCaseRunner"/>
  <testcase name="runEdit" time="24.777" classname="swiftpass.testcase.runners.StoreTestCaseRunner"/>
  <testcase name="runEdit" time="14.663" classname="swiftpass.testcase.runners.StoreTestCaseRunner"/>
  <testcase name="runEdit" time="14.571" classname="swiftpass.testcase.runners.StoreTestCaseRunner"/>
  <testcase name="runScanDetail" time="3.15" classname="swiftpass.testcase.runners.StoreTestCaseRunner"/>
  <testcase name="runScanDetail" time="22.812" classname="swiftpass.testcase.runners.StoreTestCaseRunner"/>
  <testcase name="runScanQRCode" time="23.036" classname="swiftpass.testcase.runners.StoreTestCaseRunner"/>
  <testcase name="runScanQRCode" time="3.105" classname="swiftpass.testcase.runners.StoreTestCaseRunner"/>
  <testcase name="runSearch" time="3.632" classname="swiftpass.testcase.runners.StoreTestCaseRunner"/>
  <testcase name="runSearch" time="3.65" classname="swiftpass.testcase.runners.StoreTestCaseRunner"/>
  <testcase name="runSearch" time="3.648" classname="swiftpass.testcase.runners.StoreTestCaseRunner"/>
  <testcase name="runSearch" time="3.594" classname="swiftpass.testcase.runners.StoreTestCaseRunner"/>
  <testcase name="runSearch" time="3.625" classname="swiftpass.testcase.runners.StoreTestCaseRunner"/>
  <testcase name="runSearch" time="3.688" classname="swiftpass.testcase.runners.StoreTestCaseRunner"/>
  <testcase name="runSearch" time="3.625" classname="swiftpass.testcase.runners.StoreTestCaseRunner"/>
  <testcase name="runSearch" time="3.751" classname="swiftpass.testcase.runners.StoreTestCaseRunner"/>
  <testcase name="runSearch" time="3.731" classname="swiftpass.testcase.runners.StoreTestCaseRunner"/>
  <testcase name="runSearch" time="3.669" classname="swiftpass.testcase.runners.StoreTestCaseRunner"/>
  <testcase name="runSearch" time="3.653" classname="swiftpass.testcase.runners.StoreTestCaseRunner"/>
  <testcase name="runSearch" time="3.73" classname="swiftpass.testcase.runners.StoreTestCaseRunner"/>
  <testcase name="runSearch" time="3.658" classname="swiftpass.testcase.runners.StoreTestCaseRunner"/>
  <testcase name="runSearch" time="3.847" classname="swiftpass.testcase.runners.StoreTestCaseRunner"/>
  <testcase name="runSearch" time="3.705" classname="swiftpass.testcase.runners.StoreTestCaseRunner"/>
  <testcase name="runSearch" time="3.679" classname="swiftpass.testcase.runners.StoreTestCaseRunner"/>
  <testcase name="runSearch" time="3.646" classname="swiftpass.testcase.runners.StoreTestCaseRunner"/>
  <testcase name="runAddTask" time="4.378" classname="swiftpass.testcase.runners.TaskListTestCaseRunner"/>
  <testcase name="runAddTask" time="4.036" classname="swiftpass.testcase.runners.TaskListTestCaseRunner"/>
  <testcase name="runAddTask" time="4.042" classname="swiftpass.testcase.runners.TaskListTestCaseRunner"/>
  <testcase name="runAddTask" time="5.026" classname="swiftpass.testcase.runners.TaskListTestCaseRunner"/>
  <testcase name="runAddTask" time="4.056" classname="swiftpass.testcase.runners.TaskListTestCaseRunner"/>
  <testcase name="runAddTask" time="3.943" classname="swiftpass.testcase.runners.TaskListTestCaseRunner"/>
  <testcase name="runAddTask" time="3.483" classname="swiftpass.testcase.runners.TaskListTestCaseRunner"/>
  <testcase name="runAddTask" time="4.148" classname="swiftpass.testcase.runners.TaskListTestCaseRunner"/>
  <testcase name="runAddTask" time="4.2" classname="swiftpass.testcase.runners.TaskListTestCaseRunner"/>
  <testcase name="runAddTask" time="4.08" classname="swiftpass.testcase.runners.TaskListTestCaseRunner"/>
  <testcase name="runAddTask" time="5.127" classname="swiftpass.testcase.runners.TaskListTestCaseRunner"/>
  <testcase name="runAddTask" time="4.03" classname="swiftpass.testcase.runners.TaskListTestCaseRunner"/>
  <testcase name="runAddTask" time="4.015" classname="swiftpass.testcase.runners.TaskListTestCaseRunner"/>
  <testcase name="runAddTask" time="4.049" classname="swiftpass.testcase.runners.TaskListTestCaseRunner"/>
  <testcase name="runAddTask" time="6.748" classname="swiftpass.testcase.runners.TaskListTestCaseRunner"/>
  <testcase name="runAddTask" time="4.294" classname="swiftpass.testcase.runners.TaskListTestCaseRunner"/>
  <testcase name="runAddTask" time="4.143" classname="swiftpass.testcase.runners.TaskListTestCaseRunner"/>
  <testcase name="runRunTask" time="2.136" classname="swiftpass.testcase.runners.TaskListTestCaseRunner"/>
  <testcase name="runRunTask" time="4.361" classname="swiftpass.testcase.runners.TaskListTestCaseRunner"/>
  <testcase name="runRunTask" time="4.809" classname="swiftpass.testcase.runners.TaskListTestCaseRunner">
    <failure type="java.lang.AssertionError" message="expected [] but found [任务执行失败，请检查具体原因！]">
      <![CDATA[java.lang.AssertionError: expected [] but found [任务执行失败，请检查具体原因！]
	at swiftpass.testcase.task.TaskListTestCaseImpl.runTask(TaskListTestCaseImpl.java:123)
	at swiftpass.testcase.runners.TaskListTestCaseRunner.runRunTask(TaskListTestCaseRunner.java:81)
... Removed 31 stack frames]]>
    </failure>
  </testcase> <!-- runRunTask -->
  <testcase name="runStartOrShutdownTask" time="2.311" classname="swiftpass.testcase.runners.TaskListTestCaseRunner"/>
  <testcase name="runStartOrShutdownTask" time="2.675" classname="swiftpass.testcase.runners.TaskListTestCaseRunner">
    <failure type="org.openqa.selenium.StaleElementReferenceException" message="stale element reference: element is not attached to the page document
  (Session info: chrome=56.0.2924.87)
  (Driver info: chromedriver=2.24.417431 (9aea000394714d2fbb20850021f6204f2256b9cf),platform=Windows NT 10.0.15063 x86_64) (WARNING: The server did not provide any stacktrace information)
Command duration or timeout: 7 milliseconds
For documentation on this error, please visit: http://seleniumhq.org/exceptions/stale_element_reference.html
Build info: version: &amp;apos;unknown&amp;apos;, revision: &amp;apos;c7b525d&amp;apos;, time: &amp;apos;2016-09-01 14:57:44 -0700&amp;apos;
System info: host: &amp;apos;DESKTOP-N8UCBGL&amp;apos;, ip: &amp;apos;192.168.2.155&amp;apos;, os.name: &amp;apos;Windows 10&amp;apos;, os.arch: &amp;apos;amd64&amp;apos;, os.version: &amp;apos;10.0&amp;apos;, java.version: &amp;apos;1.8.0_121&amp;apos;
Driver info: org.openqa.selenium.chrome.ChromeDriver
Capabilities [{applicationCacheEnabled=false, rotatable=false, mobileEmulationEnabled=false, networkConnectionEnabled=false, chrome={chromedriverVersion=2.24.417431 (9aea000394714d2fbb20850021f6204f2256b9cf), userDataDir=C:\Users\admin\AppData\Local\Temp\scoped_dir16148_20721}, takesHeapSnapshot=true, pageLoadStrategy=normal, databaseEnabled=false, handlesAlerts=true, hasTouchScreen=false, version=56.0.2924.87, platform=XP, browserConnectionEnabled=false, nativeEvents=true, acceptSslCerts=true, locationContextEnabled=true, webStorageEnabled=true, browserName=chrome, takesScreenshot=true, javascriptEnabled=true, cssSelectorsEnabled=true}]
Session ID: 92d49a521c9a309b24ab6c26aa791d7a">
      <![CDATA[org.openqa.selenium.StaleElementReferenceException: stale element reference: element is not attached to the page document
  (Session info: chrome=56.0.2924.87)
  (Driver info: chromedriver=2.24.417431 (9aea000394714d2fbb20850021f6204f2256b9cf),platform=Windows NT 10.0.15063 x86_64) (WARNING: The server did not provide any stacktrace information)
Command duration or timeout: 7 milliseconds
For documentation on this error, please visit: http://seleniumhq.org/exceptions/stale_element_reference.html
Build info: version: 'unknown', revision: 'c7b525d', time: '2016-09-01 14:57:44 -0700'
System info: host: 'DESKTOP-N8UCBGL', ip: '192.168.2.155', os.name: 'Windows 10', os.arch: 'amd64', os.version: '10.0', java.version: '1.8.0_121'
Driver info: org.openqa.selenium.chrome.ChromeDriver
Capabilities [{applicationCacheEnabled=false, rotatable=false, mobileEmulationEnabled=false, networkConnectionEnabled=false, chrome={chromedriverVersion=2.24.417431 (9aea000394714d2fbb20850021f6204f2256b9cf), userDataDir=C:\Users\admin\AppData\Local\Temp\scoped_dir16148_20721}, takesHeapSnapshot=true, pageLoadStrategy=normal, databaseEnabled=false, handlesAlerts=true, hasTouchScreen=false, version=56.0.2924.87, platform=XP, browserConnectionEnabled=false, nativeEvents=true, acceptSslCerts=true, locationContextEnabled=true, webStorageEnabled=true, browserName=chrome, takesScreenshot=true, javascriptEnabled=true, cssSelectorsEnabled=true}]
Session ID: 92d49a521c9a309b24ab6c26aa791d7a
	at org.openqa.selenium.remote.ErrorHandler.createThrowable(ErrorHandler.java:206)
	at org.openqa.selenium.remote.ErrorHandler.throwIfResponseFailed(ErrorHandler.java:158)
	at org.openqa.selenium.remote.RemoteWebDriver.execute(RemoteWebDriver.java:631)
	at org.openqa.selenium.remote.RemoteWebElement.execute(RemoteWebElement.java:284)
	at org.openqa.selenium.remote.RemoteWebElement.click(RemoteWebElement.java:84)
	at swiftpass.page.tasklist.TaskStartOrShutdownPage.ClickFirstRow(TaskStartOrShutdownPage.java:22)
	at swiftpass.page.tasklist.TaskStartOrShutdownPage.clickEnableTask(TaskStartOrShutdownPage.java:26)
	at swiftpass.testcase.task.TaskListTestCaseImpl.startOrShutdownTask(TaskListTestCaseImpl.java:141)
	at swiftpass.testcase.runners.TaskListTestCaseRunner.runStartOrShutdownTask(TaskListTestCaseRunner.java:89)
... Removed 29 stack frames]]>
    </failure>
  </testcase> <!-- runStartOrShutdownTask -->
  <testcase name="runStartOrShutdownTask" time="4.438" classname="swiftpass.testcase.runners.TaskListTestCaseRunner"/>
  <testcase name="runStartOrShutdownTask" time="3.919" classname="swiftpass.testcase.runners.TaskListTestCaseRunner"/>
  <testcase name="runResetRunStatus" time="2.257" classname="swiftpass.testcase.runners.TaskListTestCaseRunner"/>
  <testcase name="runResetRunStatus" time="1.667" classname="swiftpass.testcase.runners.TaskListTestCaseRunner">
    <failure type="org.openqa.selenium.WebDriverException" message="unknown error: Element is not clickable at point (406, 311). Other element would receive the click: &amp;lt;div class=&amp;quot;datagrid-mask&amp;quot; style=&amp;quot;display:block&amp;quot;&amp;gt;&amp;lt;/div&amp;gt;
  (Session info: chrome=56.0.2924.87)
  (Driver info: chromedriver=2.24.417431 (9aea000394714d2fbb20850021f6204f2256b9cf),platform=Windows NT 10.0.15063 x86_64) (WARNING: The server did not provide any stacktrace information)
Command duration or timeout: 29 milliseconds
Build info: version: &amp;apos;unknown&amp;apos;, revision: &amp;apos;c7b525d&amp;apos;, time: &amp;apos;2016-09-01 14:57:44 -0700&amp;apos;
System info: host: &amp;apos;DESKTOP-N8UCBGL&amp;apos;, ip: &amp;apos;192.168.2.155&amp;apos;, os.name: &amp;apos;Windows 10&amp;apos;, os.arch: &amp;apos;amd64&amp;apos;, os.version: &amp;apos;10.0&amp;apos;, java.version: &amp;apos;1.8.0_121&amp;apos;
Driver info: org.openqa.selenium.chrome.ChromeDriver
Capabilities [{applicationCacheEnabled=false, rotatable=false, mobileEmulationEnabled=false, networkConnectionEnabled=false, chrome={chromedriverVersion=2.24.417431 (9aea000394714d2fbb20850021f6204f2256b9cf), userDataDir=C:\Users\admin\AppData\Local\Temp\scoped_dir16148_20721}, takesHeapSnapshot=true, pageLoadStrategy=normal, databaseEnabled=false, handlesAlerts=true, hasTouchScreen=false, version=56.0.2924.87, platform=XP, browserConnectionEnabled=false, nativeEvents=true, acceptSslCerts=true, locationContextEnabled=true, webStorageEnabled=true, browserName=chrome, takesScreenshot=true, javascriptEnabled=true, cssSelectorsEnabled=true}]
Session ID: 92d49a521c9a309b24ab6c26aa791d7a">
      <![CDATA[org.openqa.selenium.WebDriverException: unknown error: Element is not clickable at point (406, 311). Other element would receive the click: <div class="datagrid-mask" style="display:block"></div>
  (Session info: chrome=56.0.2924.87)
  (Driver info: chromedriver=2.24.417431 (9aea000394714d2fbb20850021f6204f2256b9cf),platform=Windows NT 10.0.15063 x86_64) (WARNING: The server did not provide any stacktrace information)
Command duration or timeout: 29 milliseconds
Build info: version: 'unknown', revision: 'c7b525d', time: '2016-09-01 14:57:44 -0700'
System info: host: 'DESKTOP-N8UCBGL', ip: '192.168.2.155', os.name: 'Windows 10', os.arch: 'amd64', os.version: '10.0', java.version: '1.8.0_121'
Driver info: org.openqa.selenium.chrome.ChromeDriver
Capabilities [{applicationCacheEnabled=false, rotatable=false, mobileEmulationEnabled=false, networkConnectionEnabled=false, chrome={chromedriverVersion=2.24.417431 (9aea000394714d2fbb20850021f6204f2256b9cf), userDataDir=C:\Users\admin\AppData\Local\Temp\scoped_dir16148_20721}, takesHeapSnapshot=true, pageLoadStrategy=normal, databaseEnabled=false, handlesAlerts=true, hasTouchScreen=false, version=56.0.2924.87, platform=XP, browserConnectionEnabled=false, nativeEvents=true, acceptSslCerts=true, locationContextEnabled=true, webStorageEnabled=true, browserName=chrome, takesScreenshot=true, javascriptEnabled=true, cssSelectorsEnabled=true}]
Session ID: 92d49a521c9a309b24ab6c26aa791d7a
	at org.openqa.selenium.remote.ErrorHandler.createThrowable(ErrorHandler.java:206)
	at org.openqa.selenium.remote.ErrorHandler.throwIfResponseFailed(ErrorHandler.java:158)
	at org.openqa.selenium.remote.RemoteWebDriver.execute(RemoteWebDriver.java:631)
	at org.openqa.selenium.remote.RemoteWebElement.execute(RemoteWebElement.java:284)
	at org.openqa.selenium.remote.RemoteWebElement.click(RemoteWebElement.java:84)
	at swiftpass.page.tasklist.TaskResetPage.clickFirstRow(TaskResetPage.java:20)
	at swiftpass.page.tasklist.TaskResetPage.clickResetRunStatus(TaskResetPage.java:24)
	at swiftpass.testcase.task.TaskListTestCaseImpl.resetRunStatus(TaskListTestCaseImpl.java:167)
	at swiftpass.testcase.runners.TaskListTestCaseRunner.runResetRunStatus(TaskListTestCaseRunner.java:97)
... Removed 28 stack frames]]>
    </failure>
  </testcase> <!-- runResetRunStatus -->
  <testcase name="runResetRunStatus" time="2.913" classname="swiftpass.testcase.runners.TaskListTestCaseRunner"/>
  <testcase name="runResetRunStatus" time="3.395" classname="swiftpass.testcase.runners.TaskListTestCaseRunner"/>
  <testcase name="runSearchTask" time="2.848" classname="swiftpass.testcase.runners.TaskListTestCaseRunner"/>
  <testcase name="runSearchTask" time="2.854" classname="swiftpass.testcase.runners.TaskListTestCaseRunner"/>
  <testcase name="runSearchTask" time="2.864" classname="swiftpass.testcase.runners.TaskListTestCaseRunner"/>
  <testcase name="runSearchTask" time="2.872" classname="swiftpass.testcase.runners.TaskListTestCaseRunner"/>
</testsuite> <!-- NonLogin -->
