<?xml version="1.0" encoding="UTF-8"?>
<!-- Generated by org.testng.reporters.JUnitReportReporter -->
<testsuite hostname="DESKTOP-N8UCBGL" name="swiftpass.testcase.runners.EmpTestCaseRunner" tests="53" failures="1" timestamp="18 Apr 2017 16:31:55 GMT" time="733.145" errors="0">
  <testcase name="runEdit" time="21.387" classname="swiftpass.testcase.runners.EmpTestCaseRunner"/>
  <testcase name="runAdd" time="11.432" classname="swiftpass.testcase.runners.EmpTestCaseRunner"/>
  <testcase name="runSearch" time="5.456" classname="swiftpass.testcase.runners.EmpTestCaseRunner"/>
  <testcase name="runSearch" time="5.469" classname="swiftpass.testcase.runners.EmpTestCaseRunner"/>
  <testcase name="runSearch" time="6.795" classname="swiftpass.testcase.runners.EmpTestCaseRunner"/>
  <testcase name="runEdit" time="21.506" classname="swiftpass.testcase.runners.EmpTestCaseRunner"/>
  <testcase name="runEdit" time="8.657" classname="swiftpass.testcase.runners.EmpTestCaseRunner"/>
  <testcase name="runSearch" time="6.737" classname="swiftpass.testcase.runners.EmpTestCaseRunner"/>
  <testcase name="runEdit" time="21.671" classname="swiftpass.testcase.runners.EmpTestCaseRunner"/>
  <testcase name="runAdd" time="10.574" classname="swiftpass.testcase.runners.EmpTestCaseRunner"/>
  <testcase name="runSearch" time="5.438" classname="swiftpass.testcase.runners.EmpTestCaseRunner"/>
  <testcase name="runSearch" time="5.371" classname="swiftpass.testcase.runners.EmpTestCaseRunner"/>
  <testcase name="runEdit" time="21.389" classname="swiftpass.testcase.runners.EmpTestCaseRunner"/>
  <testcase name="runEdit" time="35.294" classname="swiftpass.testcase.runners.EmpTestCaseRunner"/>
  <testcase name="runEdit" time="21.271" classname="swiftpass.testcase.runners.EmpTestCaseRunner"/>
  <testcase name="runEdit" time="21.296" classname="swiftpass.testcase.runners.EmpTestCaseRunner"/>
  <testcase name="runSearch" time="5.366" classname="swiftpass.testcase.runners.EmpTestCaseRunner"/>
  <testcase name="runSearch" time="6.945" classname="swiftpass.testcase.runners.EmpTestCaseRunner"/>
  <testcase name="runEdit" time="21.256" classname="swiftpass.testcase.runners.EmpTestCaseRunner"/>
  <testcase name="runSearch" time="6.744" classname="swiftpass.testcase.runners.EmpTestCaseRunner"/>
  <testcase name="runAdd" time="11.055" classname="swiftpass.testcase.runners.EmpTestCaseRunner"/>
  <testcase name="runSearch" time="6.834" classname="swiftpass.testcase.runners.EmpTestCaseRunner"/>
  <testcase name="runSearch" time="5.372" classname="swiftpass.testcase.runners.EmpTestCaseRunner"/>
  <testcase name="runAdd" time="9.965" classname="swiftpass.testcase.runners.EmpTestCaseRunner"/>
  <testcase name="runSearch" time="19.056" classname="swiftpass.testcase.runners.EmpTestCaseRunner">
    <failure type="java.lang.AssertionError" message="expected [109] but found [0]">
      <![CDATA[java.lang.AssertionError: expected [109] but found [0]
	at org.testng.Assert.fail(Assert.java:94)
	at org.testng.Assert.failNotEquals(Assert.java:513)
	at org.testng.Assert.assertEqualsImpl(Assert.java:135)
	at org.testng.Assert.assertEquals(Assert.java:116)
	at org.testng.Assert.assertEquals(Assert.java:190)
	at org.testng.Assert.assertEquals(Assert.java:200)
	at swiftpass.testcase.channel.EmpTestCaseImpl.searchEmp(EmpTestCaseImpl.java:247)
	at swiftpass.testcase.runners.EmpTestCaseRunner.runSearch(EmpTestCaseRunner.java:99)
	at sun.reflect.NativeMethodAccessorImpl.invoke0(Native Method)
	at sun.reflect.NativeMethodAccessorImpl.invoke(NativeMethodAccessorImpl.java:62)
	at sun.reflect.DelegatingMethodAccessorImpl.invoke(DelegatingMethodAccessorImpl.java:43)
	at java.lang.reflect.Method.invoke(Method.java:498)
	at org.testng.internal.MethodInvocationHelper.invokeMethod(MethodInvocationHelper.java:100)
	at org.testng.internal.Invoker.invokeMethod(Invoker.java:646)
	at org.testng.internal.Invoker.invokeTestMethod(Invoker.java:811)
	at org.testng.internal.Invoker.invokeTestMethods(Invoker.java:1129)
	at org.testng.internal.TestMethodWorker.invokeTestMethods(TestMethodWorker.java:129)
	at org.testng.internal.TestMethodWorker.run(TestMethodWorker.java:112)
	at org.testng.TestRunner.privateRun(TestRunner.java:746)
	at org.testng.TestRunner.run(TestRunner.java:600)
	at org.testng.SuiteRunner.runTest(SuiteRunner.java:366)
	at org.testng.SuiteRunner.runSequentially(SuiteRunner.java:361)
	at org.testng.SuiteRunner.privateRun(SuiteRunner.java:319)
	at org.testng.SuiteRunner.run(SuiteRunner.java:268)
	at org.testng.SuiteRunnerWorker.runSuite(SuiteRunnerWorker.java:52)
	at org.testng.SuiteRunnerWorker.run(SuiteRunnerWorker.java:86)
	at org.testng.TestNG.runSuitesSequentially(TestNG.java:1264)
	at org.testng.TestNG.runSuitesLocally(TestNG.java:1189)
	at org.testng.TestNG.runSuites(TestNG.java:1104)
	at org.testng.TestNG.run(TestNG.java:1076)
	at org.testng.remote.AbstractRemoteTestNG.run(AbstractRemoteTestNG.java:132)
	at org.testng.remote.RemoteTestNG.initAndRun(RemoteTestNG.java:230)
	at org.testng.remote.RemoteTestNG.main(RemoteTestNG.java:76)
]]>
    </failure>
  </testcase> <!-- runSearch -->
  <testcase name="runAdd" time="11.883" classname="swiftpass.testcase.runners.EmpTestCaseRunner"/>
  <testcase name="runAdd" time="19.520" classname="swiftpass.testcase.runners.EmpTestCaseRunner"/>
  <testcase name="runEdit" time="21.287" classname="swiftpass.testcase.runners.EmpTestCaseRunner"/>
  <testcase name="runSearch" time="6.831" classname="swiftpass.testcase.runners.EmpTestCaseRunner"/>
  <testcase name="runAdd" time="10.980" classname="swiftpass.testcase.runners.EmpTestCaseRunner"/>
  <testcase name="runEdit" time="22.316" classname="swiftpass.testcase.runners.EmpTestCaseRunner"/>
  <testcase name="runAdd" time="9.954" classname="swiftpass.testcase.runners.EmpTestCaseRunner"/>
  <testcase name="runSearch" time="5.303" classname="swiftpass.testcase.runners.EmpTestCaseRunner"/>
  <testcase name="runAdd" time="9.824" classname="swiftpass.testcase.runners.EmpTestCaseRunner"/>
  <testcase name="runAdd" time="10.984" classname="swiftpass.testcase.runners.EmpTestCaseRunner"/>
  <testcase name="runAdd" time="10.862" classname="swiftpass.testcase.runners.EmpTestCaseRunner"/>
  <testcase name="runSearch" time="5.328" classname="swiftpass.testcase.runners.EmpTestCaseRunner"/>
  <testcase name="runEdit" time="32.558" classname="swiftpass.testcase.runners.EmpTestCaseRunner"/>
  <testcase name="runSearch" time="6.741" classname="swiftpass.testcase.runners.EmpTestCaseRunner"/>
  <testcase name="runAdd" time="10.975" classname="swiftpass.testcase.runners.EmpTestCaseRunner"/>
  <testcase name="runEdit" time="21.345" classname="swiftpass.testcase.runners.EmpTestCaseRunner"/>
  <testcase name="runAdd" time="9.897" classname="swiftpass.testcase.runners.EmpTestCaseRunner"/>
  <testcase name="runEdit" time="30.800" classname="swiftpass.testcase.runners.EmpTestCaseRunner"/>
  <testcase name="runSearch" time="6.763" classname="swiftpass.testcase.runners.EmpTestCaseRunner"/>
  <testcase name="runSearch" time="8.228" classname="swiftpass.testcase.runners.EmpTestCaseRunner"/>
  <testcase name="runAdd" time="28.118" classname="swiftpass.testcase.runners.EmpTestCaseRunner"/>
  <testcase name="runEdit" time="21.328" classname="swiftpass.testcase.runners.EmpTestCaseRunner"/>
  <testcase name="runEdit" time="21.215" classname="swiftpass.testcase.runners.EmpTestCaseRunner"/>
  <testcase name="runAdd" time="10.035" classname="swiftpass.testcase.runners.EmpTestCaseRunner"/>
  <testcase name="runSearch" time="5.302" classname="swiftpass.testcase.runners.EmpTestCaseRunner"/>
  <testcase name="runAdd" time="21.296" classname="swiftpass.testcase.runners.EmpTestCaseRunner"/>
  <testcase name="runEdit" time="21.329" classname="swiftpass.testcase.runners.EmpTestCaseRunner"/>
  <testcase name="runAdd" time="9.807" classname="swiftpass.testcase.runners.EmpTestCaseRunner"/>
</testsuite> <!-- swiftpass.testcase.runners.EmpTestCaseRunner -->
