<?xml version="1.0" encoding="UTF-8"?>
<!-- Generated by org.testng.reporters.JUnitXMLReporter -->
<testsuite hostname="DESKTOP-N8UCBGL" name="debug" tests="94"
	failures="18" timestamp="11 Apr 2017 10:33:08 GMT" time="1744.289"
	errors="0">
	<testcase name="runEdit" time="45.627"
		classname="swiftpass.testcase.runners.MerchantTestCaseRunner" />
	<testcase name="runEdit" time="45.209"
		classname="swiftpass.testcase.runners.MerchantTestCaseRunner" />
	<testcase name="runEdit" time="11.271"
		classname="swiftpass.testcase.runners.MerchantTestCaseRunner" />
	<testcase name="runEdit" time="18.093"
		classname="swiftpass.testcase.runners.MerchantTestCaseRunner" />
	<testcase name="runEdit" time="18.202"
		classname="swiftpass.testcase.runners.MerchantTestCaseRunner" />
	<testcase name="runEdit" time="18.197"
		classname="swiftpass.testcase.runners.MerchantTestCaseRunner" />
	<testcase name="runEdit" time="18.126"
		classname="swiftpass.testcase.runners.MerchantTestCaseRunner" />
	<testcase name="runEdit" time="18.181"
		classname="swiftpass.testcase.runners.MerchantTestCaseRunner" />
	<testcase name="runEdit" time="18.162"
		classname="swiftpass.testcase.runners.MerchantTestCaseRunner" />
	<testcase name="runEdit" time="18.231"
		classname="swiftpass.testcase.runners.MerchantTestCaseRunner" />
	<testcase name="runEdit" time="44.949"
		classname="swiftpass.testcase.runners.MerchantTestCaseRunner" />
	<testcase name="runEdit" time="18.147"
		classname="swiftpass.testcase.runners.MerchantTestCaseRunner" />
	<testcase name="runEdit" time="18.198"
		classname="swiftpass.testcase.runners.MerchantTestCaseRunner" />
	<testcase name="runEdit" time="18.095"
		classname="swiftpass.testcase.runners.MerchantTestCaseRunner" />
	<testcase name="runEdit" time="18.123"
		classname="swiftpass.testcase.runners.MerchantTestCaseRunner" />
	<testcase name="runEdit" time="18.218"
		classname="swiftpass.testcase.runners.MerchantTestCaseRunner" />
	<testcase name="runEdit" time="18.156"
		classname="swiftpass.testcase.runners.MerchantTestCaseRunner" />
	<testcase name="runEdit" time="18.144"
		classname="swiftpass.testcase.runners.MerchantTestCaseRunner" />
	<testcase name="runEdit" time="18.159"
		classname="swiftpass.testcase.runners.MerchantTestCaseRunner" />
	<testcase name="runEdit" time="27.643"
		classname="swiftpass.testcase.runners.MerchantTestCaseRunner" />
	<testcase name="runEdit" time="29.399"
		classname="swiftpass.testcase.runners.MerchantTestCaseRunner" />
	<testcase name="runAdd" time="19.242"
		classname="swiftpass.testcase.runners.DepartmentTestCaseRunner" />
	<testcase name="runAdd" time="18.236"
		classname="swiftpass.testcase.runners.DepartmentTestCaseRunner" />
	<testcase name="runAdd" time="3.254"
		classname="swiftpass.testcase.runners.DepartmentTestCaseRunner" />
	<testcase name="runAdd" time="3.221"
		classname="swiftpass.testcase.runners.DepartmentTestCaseRunner" />
	<testcase name="runAdd" time="3.306"
		classname="swiftpass.testcase.runners.DepartmentTestCaseRunner" />
	<testcase name="runAdd" time="4.404"
		classname="swiftpass.testcase.runners.DepartmentTestCaseRunner" />
	<testcase name="runAdd" time="12.85"
		classname="swiftpass.testcase.runners.DepartmentTestCaseRunner" />
	<testcase name="runAdd" time="14.613"
		classname="swiftpass.testcase.runners.DepartmentTestCaseRunner" />
	<testcase name="runSearch" time="2.46"
		classname="swiftpass.testcase.runners.DepartmentTestCaseRunner" />
	<testcase name="runSearch" time="2.469"
		classname="swiftpass.testcase.runners.DepartmentTestCaseRunner" />
	<testcase name="runSearch" time="15.138"
		classname="swiftpass.testcase.runners.DepartmentTestCaseRunner" />
	<testcase name="runSearch" time="15.172"
		classname="swiftpass.testcase.runners.DepartmentTestCaseRunner" />
	<testcase name="runSearch" time="15.195"
		classname="swiftpass.testcase.runners.DepartmentTestCaseRunner" />
	<testcase name="runSearch" time="15.153"
		classname="swiftpass.testcase.runners.DepartmentTestCaseRunner" />
	<testcase name="runEdit" time="30.393"
		classname="swiftpass.testcase.runners.DepartmentTestCaseRunner" />
	<testcase name="runEdit" time="15.557"
		classname="swiftpass.testcase.runners.DepartmentTestCaseRunner" />
	<testcase name="runEdit" time="15.699"
		classname="swiftpass.testcase.runners.DepartmentTestCaseRunner" />
	<testcase name="runEdit" time="10.837"
		classname="swiftpass.testcase.runners.DepartmentTestCaseRunner" />
	<testcase name="runEdit" time="25.251"
		classname="swiftpass.testcase.runners.DepartmentTestCaseRunner" />
	<testcase name="runEdit" time="25.293"
		classname="swiftpass.testcase.runners.DepartmentTestCaseRunner" />
	<testcase name="runAdd" time="23.717"
		classname="swiftpass.testcase.runners.EmpTestCaseRunner">
		<failure type="org.openqa.selenium.TimeoutException"
			message="Expected condition failed: waiting for swiftpass.page.Page$2@1aad0b1 (tried for 10 second(s) with 500 MILLISECONDS interval)
Build info: version: &amp;apos;unknown&amp;apos;, revision: &amp;apos;c7b525d&amp;apos;, time: &amp;apos;2016-09-01 14:57:44 -0700&amp;apos;
System info: host: &amp;apos;DESKTOP-N8UCBGL&amp;apos;, ip: &amp;apos;192.168.2.155&amp;apos;, os.name: &amp;apos;Windows 10&amp;apos;, os.arch: &amp;apos;amd64&amp;apos;, os.version: &amp;apos;10.0&amp;apos;, java.version: &amp;apos;1.8.0_121&amp;apos;
Driver info: org.openqa.selenium.chrome.ChromeDriver
Capabilities [{applicationCacheEnabled=false, rotatable=false, mobileEmulationEnabled=false, networkConnectionEnabled=false, chrome={chromedriverVersion=2.24.417431 (9aea000394714d2fbb20850021f6204f2256b9cf), userDataDir=C:\Users\admin\AppData\Local\Temp\scoped_dir2296_277}, takesHeapSnapshot=true, pageLoadStrategy=normal, databaseEnabled=false, handlesAlerts=true, hasTouchScreen=false, version=56.0.2924.87, platform=XP, browserConnectionEnabled=false, nativeEvents=true, acceptSslCerts=true, locationContextEnabled=true, webStorageEnabled=true, browserName=chrome, takesScreenshot=true, javascriptEnabled=true, cssSelectorsEnabled=true}]
Session ID: 020fc88733d2dbcc6558068bcc92a142">
      <![CDATA[org.openqa.selenium.TimeoutException: Expected condition failed: waiting for swiftpass.page.Page$2@1aad0b1 (tried for 10 second(s) with 500 MILLISECONDS interval)
Build info: version: 'unknown', revision: 'c7b525d', time: '2016-09-01 14:57:44 -0700'
System info: host: 'DESKTOP-N8UCBGL', ip: '192.168.2.155', os.name: 'Windows 10', os.arch: 'amd64', os.version: '10.0', java.version: '1.8.0_121'
Driver info: org.openqa.selenium.chrome.ChromeDriver
Capabilities [{applicationCacheEnabled=false, rotatable=false, mobileEmulationEnabled=false, networkConnectionEnabled=false, chrome={chromedriverVersion=2.24.417431 (9aea000394714d2fbb20850021f6204f2256b9cf), userDataDir=C:\Users\admin\AppData\Local\Temp\scoped_dir2296_277}, takesHeapSnapshot=true, pageLoadStrategy=normal, databaseEnabled=false, handlesAlerts=true, hasTouchScreen=false, version=56.0.2924.87, platform=XP, browserConnectionEnabled=false, nativeEvents=true, acceptSslCerts=true, locationContextEnabled=true, webStorageEnabled=true, browserName=chrome, takesScreenshot=true, javascriptEnabled=true, cssSelectorsEnabled=true}]
Session ID: 020fc88733d2dbcc6558068bcc92a142
	at org.openqa.selenium.support.ui.WebDriverWait.timeoutException(WebDriverWait.java:80)
	at org.openqa.selenium.support.ui.FluentWait.until(FluentWait.java:260)
	at swiftpass.page.Page.getElementWithoutManualWait(Page.java:161)
	at swiftpass.page.Page.getElement(Page.java:94)
	at swiftpass.page.Page.moveToAndClick(Page.java:136)
	at swiftpass.page.channel.EmpAddPage.selectEmpSex(EmpAddPage.java:36)
	at swiftpass.testcase.channel.EmpTestCaseImpl.addEmp(EmpTestCaseImpl.java:285)
	at swiftpass.testcase.runners.EmpTestCaseRunner.runAdd(EmpTestCaseRunner.java:107)
Caused by: org.openqa.selenium.NoSuchElementException: no such element: Unable to locate element: {"method":"xpath","selector":"//form[@id='jq_add_form_emp']//tr[3]//a"}
  (Session info: chrome=56.0.2924.87)
  (Driver info: chromedriver=2.24.417431 (9aea000394714d2fbb20850021f6204f2256b9cf),platform=Windows NT 10.0.14393 x86_64) (WARNING: The server did not provide any stacktrace information)
Command duration or timeout: 3.06 seconds
For documentation on this error, please visit: http://seleniumhq.org/exceptions/no_such_element.html
Build info: version: 'unknown', revision: 'c7b525d', time: '2016-09-01 14:57:44 -0700'
System info: host: 'DESKTOP-N8UCBGL', ip: '192.168.2.155', os.name: 'Windows 10', os.arch: 'amd64', os.version: '10.0', java.version: '1.8.0_121'
Driver info: org.openqa.selenium.chrome.ChromeDriver
Capabilities [{applicationCacheEnabled=false, rotatable=false, mobileEmulationEnabled=false, networkConnectionEnabled=false, chrome={chromedriverVersion=2.24.417431 (9aea000394714d2fbb20850021f6204f2256b9cf), userDataDir=C:\Users\admin\AppData\Local\Temp\scoped_dir2296_277}, takesHeapSnapshot=true, pageLoadStrategy=normal, databaseEnabled=false, handlesAlerts=true, hasTouchScreen=false, version=56.0.2924.87, platform=XP, browserConnectionEnabled=false, nativeEvents=true, acceptSslCerts=true, locationContextEnabled=true, webStorageEnabled=true, browserName=chrome, takesScreenshot=true, javascriptEnabled=true, cssSelectorsEnabled=true}]
Session ID: 020fc88733d2dbcc6558068bcc92a142
*** Element info: {Using=xpath, value=//form[@id='jq_add_form_emp']//tr[3]//a}
	at org.openqa.selenium.remote.ErrorHandler.createThrowable(ErrorHandler.java:206)
	at org.openqa.selenium.remote.ErrorHandler.throwIfResponseFailed(ErrorHandler.java:158)
	at org.openqa.selenium.remote.RemoteWebDriver.execute(RemoteWebDriver.java:631)
	at org.openqa.selenium.remote.RemoteWebDriver.findElement(RemoteWebDriver.java:369)
	at org.openqa.selenium.remote.RemoteWebDriver.findElementByXPath(RemoteWebDriver.java:474)
	at org.openqa.selenium.By$ByXPath.findElement(By.java:361)
	at org.openqa.selenium.remote.RemoteWebDriver.findElement(RemoteWebDriver.java:361)
	at swiftpass.page.Page$2.apply(Page.java:164)
	at swiftpass.page.Page$2.apply(Page.java:1)
	at org.openqa.selenium.support.ui.FluentWait.until(FluentWait.java:238)
	... 31 more
... Removed 28 stack frames]]>
		</failure>
	</testcase> <!-- runAdd -->
	<testcase name="runAdd" time="23.532"
		classname="swiftpass.testcase.runners.EmpTestCaseRunner">
		<failure type="org.openqa.selenium.TimeoutException"
			message="Expected condition failed: waiting for swiftpass.page.Page$2@517a2b0 (tried for 10 second(s) with 500 MILLISECONDS interval)
Build info: version: &amp;apos;unknown&amp;apos;, revision: &amp;apos;c7b525d&amp;apos;, time: &amp;apos;2016-09-01 14:57:44 -0700&amp;apos;
System info: host: &amp;apos;DESKTOP-N8UCBGL&amp;apos;, ip: &amp;apos;192.168.2.155&amp;apos;, os.name: &amp;apos;Windows 10&amp;apos;, os.arch: &amp;apos;amd64&amp;apos;, os.version: &amp;apos;10.0&amp;apos;, java.version: &amp;apos;1.8.0_121&amp;apos;
Driver info: org.openqa.selenium.chrome.ChromeDriver
Capabilities [{applicationCacheEnabled=false, rotatable=false, mobileEmulationEnabled=false, networkConnectionEnabled=false, chrome={chromedriverVersion=2.24.417431 (9aea000394714d2fbb20850021f6204f2256b9cf), userDataDir=C:\Users\admin\AppData\Local\Temp\scoped_dir2296_277}, takesHeapSnapshot=true, pageLoadStrategy=normal, databaseEnabled=false, handlesAlerts=true, hasTouchScreen=false, version=56.0.2924.87, platform=XP, browserConnectionEnabled=false, nativeEvents=true, acceptSslCerts=true, locationContextEnabled=true, webStorageEnabled=true, browserName=chrome, takesScreenshot=true, javascriptEnabled=true, cssSelectorsEnabled=true}]
Session ID: 020fc88733d2dbcc6558068bcc92a142">
      <![CDATA[org.openqa.selenium.TimeoutException: Expected condition failed: waiting for swiftpass.page.Page$2@517a2b0 (tried for 10 second(s) with 500 MILLISECONDS interval)
Build info: version: 'unknown', revision: 'c7b525d', time: '2016-09-01 14:57:44 -0700'
System info: host: 'DESKTOP-N8UCBGL', ip: '192.168.2.155', os.name: 'Windows 10', os.arch: 'amd64', os.version: '10.0', java.version: '1.8.0_121'
Driver info: org.openqa.selenium.chrome.ChromeDriver
Capabilities [{applicationCacheEnabled=false, rotatable=false, mobileEmulationEnabled=false, networkConnectionEnabled=false, chrome={chromedriverVersion=2.24.417431 (9aea000394714d2fbb20850021f6204f2256b9cf), userDataDir=C:\Users\admin\AppData\Local\Temp\scoped_dir2296_277}, takesHeapSnapshot=true, pageLoadStrategy=normal, databaseEnabled=false, handlesAlerts=true, hasTouchScreen=false, version=56.0.2924.87, platform=XP, browserConnectionEnabled=false, nativeEvents=true, acceptSslCerts=true, locationContextEnabled=true, webStorageEnabled=true, browserName=chrome, takesScreenshot=true, javascriptEnabled=true, cssSelectorsEnabled=true}]
Session ID: 020fc88733d2dbcc6558068bcc92a142
	at org.openqa.selenium.support.ui.WebDriverWait.timeoutException(WebDriverWait.java:80)
	at org.openqa.selenium.support.ui.FluentWait.until(FluentWait.java:260)
	at swiftpass.page.Page.getElementWithoutManualWait(Page.java:161)
	at swiftpass.page.Page.getElement(Page.java:94)
	at swiftpass.page.Page.moveToAndClick(Page.java:136)
	at swiftpass.page.channel.EmpAddPage.selectEmpSex(EmpAddPage.java:36)
	at swiftpass.testcase.channel.EmpTestCaseImpl.addEmp(EmpTestCaseImpl.java:285)
	at swiftpass.testcase.runners.EmpTestCaseRunner.runAdd(EmpTestCaseRunner.java:107)
Caused by: org.openqa.selenium.NoSuchElementException: no such element: Unable to locate element: {"method":"xpath","selector":"//form[@id='jq_add_form_emp']//tr[3]//a"}
  (Session info: chrome=56.0.2924.87)
  (Driver info: chromedriver=2.24.417431 (9aea000394714d2fbb20850021f6204f2256b9cf),platform=Windows NT 10.0.14393 x86_64) (WARNING: The server did not provide any stacktrace information)
Command duration or timeout: 3.01 seconds
For documentation on this error, please visit: http://seleniumhq.org/exceptions/no_such_element.html
Build info: version: 'unknown', revision: 'c7b525d', time: '2016-09-01 14:57:44 -0700'
System info: host: 'DESKTOP-N8UCBGL', ip: '192.168.2.155', os.name: 'Windows 10', os.arch: 'amd64', os.version: '10.0', java.version: '1.8.0_121'
Driver info: org.openqa.selenium.chrome.ChromeDriver
Capabilities [{applicationCacheEnabled=false, rotatable=false, mobileEmulationEnabled=false, networkConnectionEnabled=false, chrome={chromedriverVersion=2.24.417431 (9aea000394714d2fbb20850021f6204f2256b9cf), userDataDir=C:\Users\admin\AppData\Local\Temp\scoped_dir2296_277}, takesHeapSnapshot=true, pageLoadStrategy=normal, databaseEnabled=false, handlesAlerts=true, hasTouchScreen=false, version=56.0.2924.87, platform=XP, browserConnectionEnabled=false, nativeEvents=true, acceptSslCerts=true, locationContextEnabled=true, webStorageEnabled=true, browserName=chrome, takesScreenshot=true, javascriptEnabled=true, cssSelectorsEnabled=true}]
Session ID: 020fc88733d2dbcc6558068bcc92a142
*** Element info: {Using=xpath, value=//form[@id='jq_add_form_emp']//tr[3]//a}
	at org.openqa.selenium.remote.ErrorHandler.createThrowable(ErrorHandler.java:206)
	at org.openqa.selenium.remote.ErrorHandler.throwIfResponseFailed(ErrorHandler.java:158)
	at org.openqa.selenium.remote.RemoteWebDriver.execute(RemoteWebDriver.java:631)
	at org.openqa.selenium.remote.RemoteWebDriver.findElement(RemoteWebDriver.java:369)
	at org.openqa.selenium.remote.RemoteWebDriver.findElementByXPath(RemoteWebDriver.java:474)
	at org.openqa.selenium.By$ByXPath.findElement(By.java:361)
	at org.openqa.selenium.remote.RemoteWebDriver.findElement(RemoteWebDriver.java:361)
	at swiftpass.page.Page$2.apply(Page.java:164)
	at swiftpass.page.Page$2.apply(Page.java:1)
	at org.openqa.selenium.support.ui.FluentWait.until(FluentWait.java:238)
	... 31 more
... Removed 28 stack frames]]>
		</failure>
	</testcase> <!-- runAdd -->
	<testcase name="runAdd" time="23.593"
		classname="swiftpass.testcase.runners.EmpTestCaseRunner">
		<failure type="org.openqa.selenium.TimeoutException"
			message="Expected condition failed: waiting for swiftpass.page.Page$2@2f4c2cd4 (tried for 10 second(s) with 500 MILLISECONDS interval)
Build info: version: &amp;apos;unknown&amp;apos;, revision: &amp;apos;c7b525d&amp;apos;, time: &amp;apos;2016-09-01 14:57:44 -0700&amp;apos;
System info: host: &amp;apos;DESKTOP-N8UCBGL&amp;apos;, ip: &amp;apos;192.168.2.155&amp;apos;, os.name: &amp;apos;Windows 10&amp;apos;, os.arch: &amp;apos;amd64&amp;apos;, os.version: &amp;apos;10.0&amp;apos;, java.version: &amp;apos;1.8.0_121&amp;apos;
Driver info: org.openqa.selenium.chrome.ChromeDriver
Capabilities [{applicationCacheEnabled=false, rotatable=false, mobileEmulationEnabled=false, networkConnectionEnabled=false, chrome={chromedriverVersion=2.24.417431 (9aea000394714d2fbb20850021f6204f2256b9cf), userDataDir=C:\Users\admin\AppData\Local\Temp\scoped_dir2296_277}, takesHeapSnapshot=true, pageLoadStrategy=normal, databaseEnabled=false, handlesAlerts=true, hasTouchScreen=false, version=56.0.2924.87, platform=XP, browserConnectionEnabled=false, nativeEvents=true, acceptSslCerts=true, locationContextEnabled=true, webStorageEnabled=true, browserName=chrome, takesScreenshot=true, javascriptEnabled=true, cssSelectorsEnabled=true}]
Session ID: 020fc88733d2dbcc6558068bcc92a142">
      <![CDATA[org.openqa.selenium.TimeoutException: Expected condition failed: waiting for swiftpass.page.Page$2@2f4c2cd4 (tried for 10 second(s) with 500 MILLISECONDS interval)
Build info: version: 'unknown', revision: 'c7b525d', time: '2016-09-01 14:57:44 -0700'
System info: host: 'DESKTOP-N8UCBGL', ip: '192.168.2.155', os.name: 'Windows 10', os.arch: 'amd64', os.version: '10.0', java.version: '1.8.0_121'
Driver info: org.openqa.selenium.chrome.ChromeDriver
Capabilities [{applicationCacheEnabled=false, rotatable=false, mobileEmulationEnabled=false, networkConnectionEnabled=false, chrome={chromedriverVersion=2.24.417431 (9aea000394714d2fbb20850021f6204f2256b9cf), userDataDir=C:\Users\admin\AppData\Local\Temp\scoped_dir2296_277}, takesHeapSnapshot=true, pageLoadStrategy=normal, databaseEnabled=false, handlesAlerts=true, hasTouchScreen=false, version=56.0.2924.87, platform=XP, browserConnectionEnabled=false, nativeEvents=true, acceptSslCerts=true, locationContextEnabled=true, webStorageEnabled=true, browserName=chrome, takesScreenshot=true, javascriptEnabled=true, cssSelectorsEnabled=true}]
Session ID: 020fc88733d2dbcc6558068bcc92a142
	at org.openqa.selenium.support.ui.WebDriverWait.timeoutException(WebDriverWait.java:80)
	at org.openqa.selenium.support.ui.FluentWait.until(FluentWait.java:260)
	at swiftpass.page.Page.getElementWithoutManualWait(Page.java:161)
	at swiftpass.page.Page.getElement(Page.java:94)
	at swiftpass.page.Page.moveToAndClick(Page.java:136)
	at swiftpass.page.channel.EmpAddPage.selectEmpSex(EmpAddPage.java:36)
	at swiftpass.testcase.channel.EmpTestCaseImpl.addEmp(EmpTestCaseImpl.java:285)
	at swiftpass.testcase.runners.EmpTestCaseRunner.runAdd(EmpTestCaseRunner.java:107)
Caused by: org.openqa.selenium.NoSuchElementException: no such element: Unable to locate element: {"method":"xpath","selector":"//form[@id='jq_add_form_emp']//tr[3]//a"}
  (Session info: chrome=56.0.2924.87)
  (Driver info: chromedriver=2.24.417431 (9aea000394714d2fbb20850021f6204f2256b9cf),platform=Windows NT 10.0.14393 x86_64) (WARNING: The server did not provide any stacktrace information)
Command duration or timeout: 3.06 seconds
For documentation on this error, please visit: http://seleniumhq.org/exceptions/no_such_element.html
Build info: version: 'unknown', revision: 'c7b525d', time: '2016-09-01 14:57:44 -0700'
System info: host: 'DESKTOP-N8UCBGL', ip: '192.168.2.155', os.name: 'Windows 10', os.arch: 'amd64', os.version: '10.0', java.version: '1.8.0_121'
Driver info: org.openqa.selenium.chrome.ChromeDriver
Capabilities [{applicationCacheEnabled=false, rotatable=false, mobileEmulationEnabled=false, networkConnectionEnabled=false, chrome={chromedriverVersion=2.24.417431 (9aea000394714d2fbb20850021f6204f2256b9cf), userDataDir=C:\Users\admin\AppData\Local\Temp\scoped_dir2296_277}, takesHeapSnapshot=true, pageLoadStrategy=normal, databaseEnabled=false, handlesAlerts=true, hasTouchScreen=false, version=56.0.2924.87, platform=XP, browserConnectionEnabled=false, nativeEvents=true, acceptSslCerts=true, locationContextEnabled=true, webStorageEnabled=true, browserName=chrome, takesScreenshot=true, javascriptEnabled=true, cssSelectorsEnabled=true}]
Session ID: 020fc88733d2dbcc6558068bcc92a142
*** Element info: {Using=xpath, value=//form[@id='jq_add_form_emp']//tr[3]//a}
	at org.openqa.selenium.remote.ErrorHandler.createThrowable(ErrorHandler.java:206)
	at org.openqa.selenium.remote.ErrorHandler.throwIfResponseFailed(ErrorHandler.java:158)
	at org.openqa.selenium.remote.RemoteWebDriver.execute(RemoteWebDriver.java:631)
	at org.openqa.selenium.remote.RemoteWebDriver.findElement(RemoteWebDriver.java:369)
	at org.openqa.selenium.remote.RemoteWebDriver.findElementByXPath(RemoteWebDriver.java:474)
	at org.openqa.selenium.By$ByXPath.findElement(By.java:361)
	at org.openqa.selenium.remote.RemoteWebDriver.findElement(RemoteWebDriver.java:361)
	at swiftpass.page.Page$2.apply(Page.java:164)
	at swiftpass.page.Page$2.apply(Page.java:1)
	at org.openqa.selenium.support.ui.FluentWait.until(FluentWait.java:238)
	... 31 more
... Removed 28 stack frames]]>
		</failure>
	</testcase> <!-- runAdd -->
	<testcase name="runAdd" time="23.656"
		classname="swiftpass.testcase.runners.EmpTestCaseRunner">
		<failure type="org.openqa.selenium.TimeoutException"
			message="Expected condition failed: waiting for swiftpass.page.Page$2@4996c99 (tried for 10 second(s) with 500 MILLISECONDS interval)
Build info: version: &amp;apos;unknown&amp;apos;, revision: &amp;apos;c7b525d&amp;apos;, time: &amp;apos;2016-09-01 14:57:44 -0700&amp;apos;
System info: host: &amp;apos;DESKTOP-N8UCBGL&amp;apos;, ip: &amp;apos;192.168.2.155&amp;apos;, os.name: &amp;apos;Windows 10&amp;apos;, os.arch: &amp;apos;amd64&amp;apos;, os.version: &amp;apos;10.0&amp;apos;, java.version: &amp;apos;1.8.0_121&amp;apos;
Driver info: org.openqa.selenium.chrome.ChromeDriver
Capabilities [{applicationCacheEnabled=false, rotatable=false, mobileEmulationEnabled=false, networkConnectionEnabled=false, chrome={chromedriverVersion=2.24.417431 (9aea000394714d2fbb20850021f6204f2256b9cf), userDataDir=C:\Users\admin\AppData\Local\Temp\scoped_dir2296_277}, takesHeapSnapshot=true, pageLoadStrategy=normal, databaseEnabled=false, handlesAlerts=true, hasTouchScreen=false, version=56.0.2924.87, platform=XP, browserConnectionEnabled=false, nativeEvents=true, acceptSslCerts=true, locationContextEnabled=true, webStorageEnabled=true, browserName=chrome, takesScreenshot=true, javascriptEnabled=true, cssSelectorsEnabled=true}]
Session ID: 020fc88733d2dbcc6558068bcc92a142">
      <![CDATA[org.openqa.selenium.TimeoutException: Expected condition failed: waiting for swiftpass.page.Page$2@4996c99 (tried for 10 second(s) with 500 MILLISECONDS interval)
Build info: version: 'unknown', revision: 'c7b525d', time: '2016-09-01 14:57:44 -0700'
System info: host: 'DESKTOP-N8UCBGL', ip: '192.168.2.155', os.name: 'Windows 10', os.arch: 'amd64', os.version: '10.0', java.version: '1.8.0_121'
Driver info: org.openqa.selenium.chrome.ChromeDriver
Capabilities [{applicationCacheEnabled=false, rotatable=false, mobileEmulationEnabled=false, networkConnectionEnabled=false, chrome={chromedriverVersion=2.24.417431 (9aea000394714d2fbb20850021f6204f2256b9cf), userDataDir=C:\Users\admin\AppData\Local\Temp\scoped_dir2296_277}, takesHeapSnapshot=true, pageLoadStrategy=normal, databaseEnabled=false, handlesAlerts=true, hasTouchScreen=false, version=56.0.2924.87, platform=XP, browserConnectionEnabled=false, nativeEvents=true, acceptSslCerts=true, locationContextEnabled=true, webStorageEnabled=true, browserName=chrome, takesScreenshot=true, javascriptEnabled=true, cssSelectorsEnabled=true}]
Session ID: 020fc88733d2dbcc6558068bcc92a142
	at org.openqa.selenium.support.ui.WebDriverWait.timeoutException(WebDriverWait.java:80)
	at org.openqa.selenium.support.ui.FluentWait.until(FluentWait.java:260)
	at swiftpass.page.Page.getElementWithoutManualWait(Page.java:161)
	at swiftpass.page.Page.getElement(Page.java:94)
	at swiftpass.page.Page.moveToAndClick(Page.java:136)
	at swiftpass.page.channel.EmpAddPage.selectEmpSex(EmpAddPage.java:36)
	at swiftpass.testcase.channel.EmpTestCaseImpl.addEmp(EmpTestCaseImpl.java:285)
	at swiftpass.testcase.runners.EmpTestCaseRunner.runAdd(EmpTestCaseRunner.java:107)
Caused by: org.openqa.selenium.NoSuchElementException: no such element: Unable to locate element: {"method":"xpath","selector":"//form[@id='jq_add_form_emp']//tr[3]//a"}
  (Session info: chrome=56.0.2924.87)
  (Driver info: chromedriver=2.24.417431 (9aea000394714d2fbb20850021f6204f2256b9cf),platform=Windows NT 10.0.14393 x86_64) (WARNING: The server did not provide any stacktrace information)
Command duration or timeout: 3.05 seconds
For documentation on this error, please visit: http://seleniumhq.org/exceptions/no_such_element.html
Build info: version: 'unknown', revision: 'c7b525d', time: '2016-09-01 14:57:44 -0700'
System info: host: 'DESKTOP-N8UCBGL', ip: '192.168.2.155', os.name: 'Windows 10', os.arch: 'amd64', os.version: '10.0', java.version: '1.8.0_121'
Driver info: org.openqa.selenium.chrome.ChromeDriver
Capabilities [{applicationCacheEnabled=false, rotatable=false, mobileEmulationEnabled=false, networkConnectionEnabled=false, chrome={chromedriverVersion=2.24.417431 (9aea000394714d2fbb20850021f6204f2256b9cf), userDataDir=C:\Users\admin\AppData\Local\Temp\scoped_dir2296_277}, takesHeapSnapshot=true, pageLoadStrategy=normal, databaseEnabled=false, handlesAlerts=true, hasTouchScreen=false, version=56.0.2924.87, platform=XP, browserConnectionEnabled=false, nativeEvents=true, acceptSslCerts=true, locationContextEnabled=true, webStorageEnabled=true, browserName=chrome, takesScreenshot=true, javascriptEnabled=true, cssSelectorsEnabled=true}]
Session ID: 020fc88733d2dbcc6558068bcc92a142
*** Element info: {Using=xpath, value=//form[@id='jq_add_form_emp']//tr[3]//a}
	at org.openqa.selenium.remote.ErrorHandler.createThrowable(ErrorHandler.java:206)
	at org.openqa.selenium.remote.ErrorHandler.throwIfResponseFailed(ErrorHandler.java:158)
	at org.openqa.selenium.remote.RemoteWebDriver.execute(RemoteWebDriver.java:631)
	at org.openqa.selenium.remote.RemoteWebDriver.findElement(RemoteWebDriver.java:369)
	at org.openqa.selenium.remote.RemoteWebDriver.findElementByXPath(RemoteWebDriver.java:474)
	at org.openqa.selenium.By$ByXPath.findElement(By.java:361)
	at org.openqa.selenium.remote.RemoteWebDriver.findElement(RemoteWebDriver.java:361)
	at swiftpass.page.Page$2.apply(Page.java:164)
	at swiftpass.page.Page$2.apply(Page.java:1)
	at org.openqa.selenium.support.ui.FluentWait.until(FluentWait.java:238)
	... 31 more
... Removed 28 stack frames]]>
		</failure>
	</testcase> <!-- runAdd -->
	<testcase name="runAdd" time="23.497"
		classname="swiftpass.testcase.runners.EmpTestCaseRunner">
		<failure type="org.openqa.selenium.TimeoutException"
			message="Expected condition failed: waiting for swiftpass.page.Page$2@4acb7ecc (tried for 10 second(s) with 500 MILLISECONDS interval)
Build info: version: &amp;apos;unknown&amp;apos;, revision: &amp;apos;c7b525d&amp;apos;, time: &amp;apos;2016-09-01 14:57:44 -0700&amp;apos;
System info: host: &amp;apos;DESKTOP-N8UCBGL&amp;apos;, ip: &amp;apos;192.168.2.155&amp;apos;, os.name: &amp;apos;Windows 10&amp;apos;, os.arch: &amp;apos;amd64&amp;apos;, os.version: &amp;apos;10.0&amp;apos;, java.version: &amp;apos;1.8.0_121&amp;apos;
Driver info: org.openqa.selenium.chrome.ChromeDriver
Capabilities [{applicationCacheEnabled=false, rotatable=false, mobileEmulationEnabled=false, networkConnectionEnabled=false, chrome={chromedriverVersion=2.24.417431 (9aea000394714d2fbb20850021f6204f2256b9cf), userDataDir=C:\Users\admin\AppData\Local\Temp\scoped_dir2296_277}, takesHeapSnapshot=true, pageLoadStrategy=normal, databaseEnabled=false, handlesAlerts=true, hasTouchScreen=false, version=56.0.2924.87, platform=XP, browserConnectionEnabled=false, nativeEvents=true, acceptSslCerts=true, locationContextEnabled=true, webStorageEnabled=true, browserName=chrome, takesScreenshot=true, javascriptEnabled=true, cssSelectorsEnabled=true}]
Session ID: 020fc88733d2dbcc6558068bcc92a142">
      <![CDATA[org.openqa.selenium.TimeoutException: Expected condition failed: waiting for swiftpass.page.Page$2@4acb7ecc (tried for 10 second(s) with 500 MILLISECONDS interval)
Build info: version: 'unknown', revision: 'c7b525d', time: '2016-09-01 14:57:44 -0700'
System info: host: 'DESKTOP-N8UCBGL', ip: '192.168.2.155', os.name: 'Windows 10', os.arch: 'amd64', os.version: '10.0', java.version: '1.8.0_121'
Driver info: org.openqa.selenium.chrome.ChromeDriver
Capabilities [{applicationCacheEnabled=false, rotatable=false, mobileEmulationEnabled=false, networkConnectionEnabled=false, chrome={chromedriverVersion=2.24.417431 (9aea000394714d2fbb20850021f6204f2256b9cf), userDataDir=C:\Users\admin\AppData\Local\Temp\scoped_dir2296_277}, takesHeapSnapshot=true, pageLoadStrategy=normal, databaseEnabled=false, handlesAlerts=true, hasTouchScreen=false, version=56.0.2924.87, platform=XP, browserConnectionEnabled=false, nativeEvents=true, acceptSslCerts=true, locationContextEnabled=true, webStorageEnabled=true, browserName=chrome, takesScreenshot=true, javascriptEnabled=true, cssSelectorsEnabled=true}]
Session ID: 020fc88733d2dbcc6558068bcc92a142
	at org.openqa.selenium.support.ui.WebDriverWait.timeoutException(WebDriverWait.java:80)
	at org.openqa.selenium.support.ui.FluentWait.until(FluentWait.java:260)
	at swiftpass.page.Page.getElementWithoutManualWait(Page.java:161)
	at swiftpass.page.Page.getElement(Page.java:94)
	at swiftpass.page.Page.moveToAndClick(Page.java:136)
	at swiftpass.page.channel.EmpAddPage.selectEmpSex(EmpAddPage.java:36)
	at swiftpass.testcase.channel.EmpTestCaseImpl.addEmp(EmpTestCaseImpl.java:285)
	at swiftpass.testcase.runners.EmpTestCaseRunner.runAdd(EmpTestCaseRunner.java:107)
Caused by: org.openqa.selenium.NoSuchElementException: no such element: Unable to locate element: {"method":"xpath","selector":"//form[@id='jq_add_form_emp']//tr[3]//a"}
  (Session info: chrome=56.0.2924.87)
  (Driver info: chromedriver=2.24.417431 (9aea000394714d2fbb20850021f6204f2256b9cf),platform=Windows NT 10.0.14393 x86_64) (WARNING: The server did not provide any stacktrace information)
Command duration or timeout: 3.02 seconds
For documentation on this error, please visit: http://seleniumhq.org/exceptions/no_such_element.html
Build info: version: 'unknown', revision: 'c7b525d', time: '2016-09-01 14:57:44 -0700'
System info: host: 'DESKTOP-N8UCBGL', ip: '192.168.2.155', os.name: 'Windows 10', os.arch: 'amd64', os.version: '10.0', java.version: '1.8.0_121'
Driver info: org.openqa.selenium.chrome.ChromeDriver
Capabilities [{applicationCacheEnabled=false, rotatable=false, mobileEmulationEnabled=false, networkConnectionEnabled=false, chrome={chromedriverVersion=2.24.417431 (9aea000394714d2fbb20850021f6204f2256b9cf), userDataDir=C:\Users\admin\AppData\Local\Temp\scoped_dir2296_277}, takesHeapSnapshot=true, pageLoadStrategy=normal, databaseEnabled=false, handlesAlerts=true, hasTouchScreen=false, version=56.0.2924.87, platform=XP, browserConnectionEnabled=false, nativeEvents=true, acceptSslCerts=true, locationContextEnabled=true, webStorageEnabled=true, browserName=chrome, takesScreenshot=true, javascriptEnabled=true, cssSelectorsEnabled=true}]
Session ID: 020fc88733d2dbcc6558068bcc92a142
*** Element info: {Using=xpath, value=//form[@id='jq_add_form_emp']//tr[3]//a}
	at org.openqa.selenium.remote.ErrorHandler.createThrowable(ErrorHandler.java:206)
	at org.openqa.selenium.remote.ErrorHandler.throwIfResponseFailed(ErrorHandler.java:158)
	at org.openqa.selenium.remote.RemoteWebDriver.execute(RemoteWebDriver.java:631)
	at org.openqa.selenium.remote.RemoteWebDriver.findElement(RemoteWebDriver.java:369)
	at org.openqa.selenium.remote.RemoteWebDriver.findElementByXPath(RemoteWebDriver.java:474)
	at org.openqa.selenium.By$ByXPath.findElement(By.java:361)
	at org.openqa.selenium.remote.RemoteWebDriver.findElement(RemoteWebDriver.java:361)
	at swiftpass.page.Page$2.apply(Page.java:164)
	at swiftpass.page.Page$2.apply(Page.java:1)
	at org.openqa.selenium.support.ui.FluentWait.until(FluentWait.java:238)
	... 31 more
... Removed 28 stack frames]]>
		</failure>
	</testcase> <!-- runAdd -->
	<testcase name="runAdd" time="23.593"
		classname="swiftpass.testcase.runners.EmpTestCaseRunner">
		<failure type="org.openqa.selenium.TimeoutException"
			message="Expected condition failed: waiting for swiftpass.page.Page$2@1de9b505 (tried for 10 second(s) with 500 MILLISECONDS interval)
Build info: version: &amp;apos;unknown&amp;apos;, revision: &amp;apos;c7b525d&amp;apos;, time: &amp;apos;2016-09-01 14:57:44 -0700&amp;apos;
System info: host: &amp;apos;DESKTOP-N8UCBGL&amp;apos;, ip: &amp;apos;192.168.2.155&amp;apos;, os.name: &amp;apos;Windows 10&amp;apos;, os.arch: &amp;apos;amd64&amp;apos;, os.version: &amp;apos;10.0&amp;apos;, java.version: &amp;apos;1.8.0_121&amp;apos;
Driver info: org.openqa.selenium.chrome.ChromeDriver
Capabilities [{applicationCacheEnabled=false, rotatable=false, mobileEmulationEnabled=false, networkConnectionEnabled=false, chrome={chromedriverVersion=2.24.417431 (9aea000394714d2fbb20850021f6204f2256b9cf), userDataDir=C:\Users\admin\AppData\Local\Temp\scoped_dir2296_277}, takesHeapSnapshot=true, pageLoadStrategy=normal, databaseEnabled=false, handlesAlerts=true, hasTouchScreen=false, version=56.0.2924.87, platform=XP, browserConnectionEnabled=false, nativeEvents=true, acceptSslCerts=true, locationContextEnabled=true, webStorageEnabled=true, browserName=chrome, takesScreenshot=true, javascriptEnabled=true, cssSelectorsEnabled=true}]
Session ID: 020fc88733d2dbcc6558068bcc92a142">
      <![CDATA[org.openqa.selenium.TimeoutException: Expected condition failed: waiting for swiftpass.page.Page$2@1de9b505 (tried for 10 second(s) with 500 MILLISECONDS interval)
Build info: version: 'unknown', revision: 'c7b525d', time: '2016-09-01 14:57:44 -0700'
System info: host: 'DESKTOP-N8UCBGL', ip: '192.168.2.155', os.name: 'Windows 10', os.arch: 'amd64', os.version: '10.0', java.version: '1.8.0_121'
Driver info: org.openqa.selenium.chrome.ChromeDriver
Capabilities [{applicationCacheEnabled=false, rotatable=false, mobileEmulationEnabled=false, networkConnectionEnabled=false, chrome={chromedriverVersion=2.24.417431 (9aea000394714d2fbb20850021f6204f2256b9cf), userDataDir=C:\Users\admin\AppData\Local\Temp\scoped_dir2296_277}, takesHeapSnapshot=true, pageLoadStrategy=normal, databaseEnabled=false, handlesAlerts=true, hasTouchScreen=false, version=56.0.2924.87, platform=XP, browserConnectionEnabled=false, nativeEvents=true, acceptSslCerts=true, locationContextEnabled=true, webStorageEnabled=true, browserName=chrome, takesScreenshot=true, javascriptEnabled=true, cssSelectorsEnabled=true}]
Session ID: 020fc88733d2dbcc6558068bcc92a142
	at org.openqa.selenium.support.ui.WebDriverWait.timeoutException(WebDriverWait.java:80)
	at org.openqa.selenium.support.ui.FluentWait.until(FluentWait.java:260)
	at swiftpass.page.Page.getElementWithoutManualWait(Page.java:161)
	at swiftpass.page.Page.getElement(Page.java:94)
	at swiftpass.page.Page.moveToAndClick(Page.java:136)
	at swiftpass.page.channel.EmpAddPage.selectEmpSex(EmpAddPage.java:36)
	at swiftpass.testcase.channel.EmpTestCaseImpl.addEmp(EmpTestCaseImpl.java:285)
	at swiftpass.testcase.runners.EmpTestCaseRunner.runAdd(EmpTestCaseRunner.java:107)
Caused by: org.openqa.selenium.NoSuchElementException: no such element: Unable to locate element: {"method":"xpath","selector":"//form[@id='jq_add_form_emp']//tr[3]//a"}
  (Session info: chrome=56.0.2924.87)
  (Driver info: chromedriver=2.24.417431 (9aea000394714d2fbb20850021f6204f2256b9cf),platform=Windows NT 10.0.14393 x86_64) (WARNING: The server did not provide any stacktrace information)
Command duration or timeout: 3.02 seconds
For documentation on this error, please visit: http://seleniumhq.org/exceptions/no_such_element.html
Build info: version: 'unknown', revision: 'c7b525d', time: '2016-09-01 14:57:44 -0700'
System info: host: 'DESKTOP-N8UCBGL', ip: '192.168.2.155', os.name: 'Windows 10', os.arch: 'amd64', os.version: '10.0', java.version: '1.8.0_121'
Driver info: org.openqa.selenium.chrome.ChromeDriver
Capabilities [{applicationCacheEnabled=false, rotatable=false, mobileEmulationEnabled=false, networkConnectionEnabled=false, chrome={chromedriverVersion=2.24.417431 (9aea000394714d2fbb20850021f6204f2256b9cf), userDataDir=C:\Users\admin\AppData\Local\Temp\scoped_dir2296_277}, takesHeapSnapshot=true, pageLoadStrategy=normal, databaseEnabled=false, handlesAlerts=true, hasTouchScreen=false, version=56.0.2924.87, platform=XP, browserConnectionEnabled=false, nativeEvents=true, acceptSslCerts=true, locationContextEnabled=true, webStorageEnabled=true, browserName=chrome, takesScreenshot=true, javascriptEnabled=true, cssSelectorsEnabled=true}]
Session ID: 020fc88733d2dbcc6558068bcc92a142
*** Element info: {Using=xpath, value=//form[@id='jq_add_form_emp']//tr[3]//a}
	at org.openqa.selenium.remote.ErrorHandler.createThrowable(ErrorHandler.java:206)
	at org.openqa.selenium.remote.ErrorHandler.throwIfResponseFailed(ErrorHandler.java:158)
	at org.openqa.selenium.remote.RemoteWebDriver.execute(RemoteWebDriver.java:631)
	at org.openqa.selenium.remote.RemoteWebDriver.findElement(RemoteWebDriver.java:369)
	at org.openqa.selenium.remote.RemoteWebDriver.findElementByXPath(RemoteWebDriver.java:474)
	at org.openqa.selenium.By$ByXPath.findElement(By.java:361)
	at org.openqa.selenium.remote.RemoteWebDriver.findElement(RemoteWebDriver.java:361)
	at swiftpass.page.Page$2.apply(Page.java:164)
	at swiftpass.page.Page$2.apply(Page.java:1)
	at org.openqa.selenium.support.ui.FluentWait.until(FluentWait.java:238)
	... 31 more
... Removed 28 stack frames]]>
		</failure>
	</testcase> <!-- runAdd -->
	<testcase name="runAdd" time="23.512"
		classname="swiftpass.testcase.runners.EmpTestCaseRunner">
		<failure type="org.openqa.selenium.TimeoutException"
			message="Expected condition failed: waiting for swiftpass.page.Page$2@7d3c09ec (tried for 10 second(s) with 500 MILLISECONDS interval)
Build info: version: &amp;apos;unknown&amp;apos;, revision: &amp;apos;c7b525d&amp;apos;, time: &amp;apos;2016-09-01 14:57:44 -0700&amp;apos;
System info: host: &amp;apos;DESKTOP-N8UCBGL&amp;apos;, ip: &amp;apos;192.168.2.155&amp;apos;, os.name: &amp;apos;Windows 10&amp;apos;, os.arch: &amp;apos;amd64&amp;apos;, os.version: &amp;apos;10.0&amp;apos;, java.version: &amp;apos;1.8.0_121&amp;apos;
Driver info: org.openqa.selenium.chrome.ChromeDriver
Capabilities [{applicationCacheEnabled=false, rotatable=false, mobileEmulationEnabled=false, networkConnectionEnabled=false, chrome={chromedriverVersion=2.24.417431 (9aea000394714d2fbb20850021f6204f2256b9cf), userDataDir=C:\Users\admin\AppData\Local\Temp\scoped_dir2296_277}, takesHeapSnapshot=true, pageLoadStrategy=normal, databaseEnabled=false, handlesAlerts=true, hasTouchScreen=false, version=56.0.2924.87, platform=XP, browserConnectionEnabled=false, nativeEvents=true, acceptSslCerts=true, locationContextEnabled=true, webStorageEnabled=true, browserName=chrome, takesScreenshot=true, javascriptEnabled=true, cssSelectorsEnabled=true}]
Session ID: 020fc88733d2dbcc6558068bcc92a142">
      <![CDATA[org.openqa.selenium.TimeoutException: Expected condition failed: waiting for swiftpass.page.Page$2@7d3c09ec (tried for 10 second(s) with 500 MILLISECONDS interval)
Build info: version: 'unknown', revision: 'c7b525d', time: '2016-09-01 14:57:44 -0700'
System info: host: 'DESKTOP-N8UCBGL', ip: '192.168.2.155', os.name: 'Windows 10', os.arch: 'amd64', os.version: '10.0', java.version: '1.8.0_121'
Driver info: org.openqa.selenium.chrome.ChromeDriver
Capabilities [{applicationCacheEnabled=false, rotatable=false, mobileEmulationEnabled=false, networkConnectionEnabled=false, chrome={chromedriverVersion=2.24.417431 (9aea000394714d2fbb20850021f6204f2256b9cf), userDataDir=C:\Users\admin\AppData\Local\Temp\scoped_dir2296_277}, takesHeapSnapshot=true, pageLoadStrategy=normal, databaseEnabled=false, handlesAlerts=true, hasTouchScreen=false, version=56.0.2924.87, platform=XP, browserConnectionEnabled=false, nativeEvents=true, acceptSslCerts=true, locationContextEnabled=true, webStorageEnabled=true, browserName=chrome, takesScreenshot=true, javascriptEnabled=true, cssSelectorsEnabled=true}]
Session ID: 020fc88733d2dbcc6558068bcc92a142
	at org.openqa.selenium.support.ui.WebDriverWait.timeoutException(WebDriverWait.java:80)
	at org.openqa.selenium.support.ui.FluentWait.until(FluentWait.java:260)
	at swiftpass.page.Page.getElementWithoutManualWait(Page.java:161)
	at swiftpass.page.Page.getElement(Page.java:94)
	at swiftpass.page.Page.moveToAndClick(Page.java:136)
	at swiftpass.page.channel.EmpAddPage.selectEmpSex(EmpAddPage.java:36)
	at swiftpass.testcase.channel.EmpTestCaseImpl.addEmp(EmpTestCaseImpl.java:285)
	at swiftpass.testcase.runners.EmpTestCaseRunner.runAdd(EmpTestCaseRunner.java:107)
Caused by: org.openqa.selenium.NoSuchElementException: no such element: Unable to locate element: {"method":"xpath","selector":"//form[@id='jq_add_form_emp']//tr[3]//a"}
  (Session info: chrome=56.0.2924.87)
  (Driver info: chromedriver=2.24.417431 (9aea000394714d2fbb20850021f6204f2256b9cf),platform=Windows NT 10.0.14393 x86_64) (WARNING: The server did not provide any stacktrace information)
Command duration or timeout: 3.02 seconds
For documentation on this error, please visit: http://seleniumhq.org/exceptions/no_such_element.html
Build info: version: 'unknown', revision: 'c7b525d', time: '2016-09-01 14:57:44 -0700'
System info: host: 'DESKTOP-N8UCBGL', ip: '192.168.2.155', os.name: 'Windows 10', os.arch: 'amd64', os.version: '10.0', java.version: '1.8.0_121'
Driver info: org.openqa.selenium.chrome.ChromeDriver
Capabilities [{applicationCacheEnabled=false, rotatable=false, mobileEmulationEnabled=false, networkConnectionEnabled=false, chrome={chromedriverVersion=2.24.417431 (9aea000394714d2fbb20850021f6204f2256b9cf), userDataDir=C:\Users\admin\AppData\Local\Temp\scoped_dir2296_277}, takesHeapSnapshot=true, pageLoadStrategy=normal, databaseEnabled=false, handlesAlerts=true, hasTouchScreen=false, version=56.0.2924.87, platform=XP, browserConnectionEnabled=false, nativeEvents=true, acceptSslCerts=true, locationContextEnabled=true, webStorageEnabled=true, browserName=chrome, takesScreenshot=true, javascriptEnabled=true, cssSelectorsEnabled=true}]
Session ID: 020fc88733d2dbcc6558068bcc92a142
*** Element info: {Using=xpath, value=//form[@id='jq_add_form_emp']//tr[3]//a}
	at org.openqa.selenium.remote.ErrorHandler.createThrowable(ErrorHandler.java:206)
	at org.openqa.selenium.remote.ErrorHandler.throwIfResponseFailed(ErrorHandler.java:158)
	at org.openqa.selenium.remote.RemoteWebDriver.execute(RemoteWebDriver.java:631)
	at org.openqa.selenium.remote.RemoteWebDriver.findElement(RemoteWebDriver.java:369)
	at org.openqa.selenium.remote.RemoteWebDriver.findElementByXPath(RemoteWebDriver.java:474)
	at org.openqa.selenium.By$ByXPath.findElement(By.java:361)
	at org.openqa.selenium.remote.RemoteWebDriver.findElement(RemoteWebDriver.java:361)
	at swiftpass.page.Page$2.apply(Page.java:164)
	at swiftpass.page.Page$2.apply(Page.java:1)
	at org.openqa.selenium.support.ui.FluentWait.until(FluentWait.java:238)
	... 31 more
... Removed 28 stack frames]]>
		</failure>
	</testcase> <!-- runAdd -->
	<testcase name="runAdd" time="23.565"
		classname="swiftpass.testcase.runners.EmpTestCaseRunner">
		<failure type="org.openqa.selenium.TimeoutException"
			message="Expected condition failed: waiting for swiftpass.page.Page$2@67064bdc (tried for 10 second(s) with 500 MILLISECONDS interval)
Build info: version: &amp;apos;unknown&amp;apos;, revision: &amp;apos;c7b525d&amp;apos;, time: &amp;apos;2016-09-01 14:57:44 -0700&amp;apos;
System info: host: &amp;apos;DESKTOP-N8UCBGL&amp;apos;, ip: &amp;apos;192.168.2.155&amp;apos;, os.name: &amp;apos;Windows 10&amp;apos;, os.arch: &amp;apos;amd64&amp;apos;, os.version: &amp;apos;10.0&amp;apos;, java.version: &amp;apos;1.8.0_121&amp;apos;
Driver info: org.openqa.selenium.chrome.ChromeDriver
Capabilities [{applicationCacheEnabled=false, rotatable=false, mobileEmulationEnabled=false, networkConnectionEnabled=false, chrome={chromedriverVersion=2.24.417431 (9aea000394714d2fbb20850021f6204f2256b9cf), userDataDir=C:\Users\admin\AppData\Local\Temp\scoped_dir2296_277}, takesHeapSnapshot=true, pageLoadStrategy=normal, databaseEnabled=false, handlesAlerts=true, hasTouchScreen=false, version=56.0.2924.87, platform=XP, browserConnectionEnabled=false, nativeEvents=true, acceptSslCerts=true, locationContextEnabled=true, webStorageEnabled=true, browserName=chrome, takesScreenshot=true, javascriptEnabled=true, cssSelectorsEnabled=true}]
Session ID: 020fc88733d2dbcc6558068bcc92a142">
      <![CDATA[org.openqa.selenium.TimeoutException: Expected condition failed: waiting for swiftpass.page.Page$2@67064bdc (tried for 10 second(s) with 500 MILLISECONDS interval)
Build info: version: 'unknown', revision: 'c7b525d', time: '2016-09-01 14:57:44 -0700'
System info: host: 'DESKTOP-N8UCBGL', ip: '192.168.2.155', os.name: 'Windows 10', os.arch: 'amd64', os.version: '10.0', java.version: '1.8.0_121'
Driver info: org.openqa.selenium.chrome.ChromeDriver
Capabilities [{applicationCacheEnabled=false, rotatable=false, mobileEmulationEnabled=false, networkConnectionEnabled=false, chrome={chromedriverVersion=2.24.417431 (9aea000394714d2fbb20850021f6204f2256b9cf), userDataDir=C:\Users\admin\AppData\Local\Temp\scoped_dir2296_277}, takesHeapSnapshot=true, pageLoadStrategy=normal, databaseEnabled=false, handlesAlerts=true, hasTouchScreen=false, version=56.0.2924.87, platform=XP, browserConnectionEnabled=false, nativeEvents=true, acceptSslCerts=true, locationContextEnabled=true, webStorageEnabled=true, browserName=chrome, takesScreenshot=true, javascriptEnabled=true, cssSelectorsEnabled=true}]
Session ID: 020fc88733d2dbcc6558068bcc92a142
	at org.openqa.selenium.support.ui.WebDriverWait.timeoutException(WebDriverWait.java:80)
	at org.openqa.selenium.support.ui.FluentWait.until(FluentWait.java:260)
	at swiftpass.page.Page.getElementWithoutManualWait(Page.java:161)
	at swiftpass.page.Page.getElement(Page.java:94)
	at swiftpass.page.Page.moveToAndClick(Page.java:136)
	at swiftpass.page.channel.EmpAddPage.selectEmpSex(EmpAddPage.java:36)
	at swiftpass.testcase.channel.EmpTestCaseImpl.addEmp(EmpTestCaseImpl.java:285)
	at swiftpass.testcase.runners.EmpTestCaseRunner.runAdd(EmpTestCaseRunner.java:107)
Caused by: org.openqa.selenium.NoSuchElementException: no such element: Unable to locate element: {"method":"xpath","selector":"//form[@id='jq_add_form_emp']//tr[3]//a"}
  (Session info: chrome=56.0.2924.87)
  (Driver info: chromedriver=2.24.417431 (9aea000394714d2fbb20850021f6204f2256b9cf),platform=Windows NT 10.0.14393 x86_64) (WARNING: The server did not provide any stacktrace information)
Command duration or timeout: 3.06 seconds
For documentation on this error, please visit: http://seleniumhq.org/exceptions/no_such_element.html
Build info: version: 'unknown', revision: 'c7b525d', time: '2016-09-01 14:57:44 -0700'
System info: host: 'DESKTOP-N8UCBGL', ip: '192.168.2.155', os.name: 'Windows 10', os.arch: 'amd64', os.version: '10.0', java.version: '1.8.0_121'
Driver info: org.openqa.selenium.chrome.ChromeDriver
Capabilities [{applicationCacheEnabled=false, rotatable=false, mobileEmulationEnabled=false, networkConnectionEnabled=false, chrome={chromedriverVersion=2.24.417431 (9aea000394714d2fbb20850021f6204f2256b9cf), userDataDir=C:\Users\admin\AppData\Local\Temp\scoped_dir2296_277}, takesHeapSnapshot=true, pageLoadStrategy=normal, databaseEnabled=false, handlesAlerts=true, hasTouchScreen=false, version=56.0.2924.87, platform=XP, browserConnectionEnabled=false, nativeEvents=true, acceptSslCerts=true, locationContextEnabled=true, webStorageEnabled=true, browserName=chrome, takesScreenshot=true, javascriptEnabled=true, cssSelectorsEnabled=true}]
Session ID: 020fc88733d2dbcc6558068bcc92a142
*** Element info: {Using=xpath, value=//form[@id='jq_add_form_emp']//tr[3]//a}
	at org.openqa.selenium.remote.ErrorHandler.createThrowable(ErrorHandler.java:206)
	at org.openqa.selenium.remote.ErrorHandler.throwIfResponseFailed(ErrorHandler.java:158)
	at org.openqa.selenium.remote.RemoteWebDriver.execute(RemoteWebDriver.java:631)
	at org.openqa.selenium.remote.RemoteWebDriver.findElement(RemoteWebDriver.java:369)
	at org.openqa.selenium.remote.RemoteWebDriver.findElementByXPath(RemoteWebDriver.java:474)
	at org.openqa.selenium.By$ByXPath.findElement(By.java:361)
	at org.openqa.selenium.remote.RemoteWebDriver.findElement(RemoteWebDriver.java:361)
	at swiftpass.page.Page$2.apply(Page.java:164)
	at swiftpass.page.Page$2.apply(Page.java:1)
	at org.openqa.selenium.support.ui.FluentWait.until(FluentWait.java:238)
	... 31 more
... Removed 28 stack frames]]>
		</failure>
	</testcase> <!-- runAdd -->
	<testcase name="runAdd" time="23.575"
		classname="swiftpass.testcase.runners.EmpTestCaseRunner">
		<failure type="org.openqa.selenium.TimeoutException"
			message="Expected condition failed: waiting for swiftpass.page.Page$2@707b1a44 (tried for 10 second(s) with 500 MILLISECONDS interval)
Build info: version: &amp;apos;unknown&amp;apos;, revision: &amp;apos;c7b525d&amp;apos;, time: &amp;apos;2016-09-01 14:57:44 -0700&amp;apos;
System info: host: &amp;apos;DESKTOP-N8UCBGL&amp;apos;, ip: &amp;apos;192.168.2.155&amp;apos;, os.name: &amp;apos;Windows 10&amp;apos;, os.arch: &amp;apos;amd64&amp;apos;, os.version: &amp;apos;10.0&amp;apos;, java.version: &amp;apos;1.8.0_121&amp;apos;
Driver info: org.openqa.selenium.chrome.ChromeDriver
Capabilities [{applicationCacheEnabled=false, rotatable=false, mobileEmulationEnabled=false, networkConnectionEnabled=false, chrome={chromedriverVersion=2.24.417431 (9aea000394714d2fbb20850021f6204f2256b9cf), userDataDir=C:\Users\admin\AppData\Local\Temp\scoped_dir2296_277}, takesHeapSnapshot=true, pageLoadStrategy=normal, databaseEnabled=false, handlesAlerts=true, hasTouchScreen=false, version=56.0.2924.87, platform=XP, browserConnectionEnabled=false, nativeEvents=true, acceptSslCerts=true, locationContextEnabled=true, webStorageEnabled=true, browserName=chrome, takesScreenshot=true, javascriptEnabled=true, cssSelectorsEnabled=true}]
Session ID: 020fc88733d2dbcc6558068bcc92a142">
      <![CDATA[org.openqa.selenium.TimeoutException: Expected condition failed: waiting for swiftpass.page.Page$2@707b1a44 (tried for 10 second(s) with 500 MILLISECONDS interval)
Build info: version: 'unknown', revision: 'c7b525d', time: '2016-09-01 14:57:44 -0700'
System info: host: 'DESKTOP-N8UCBGL', ip: '192.168.2.155', os.name: 'Windows 10', os.arch: 'amd64', os.version: '10.0', java.version: '1.8.0_121'
Driver info: org.openqa.selenium.chrome.ChromeDriver
Capabilities [{applicationCacheEnabled=false, rotatable=false, mobileEmulationEnabled=false, networkConnectionEnabled=false, chrome={chromedriverVersion=2.24.417431 (9aea000394714d2fbb20850021f6204f2256b9cf), userDataDir=C:\Users\admin\AppData\Local\Temp\scoped_dir2296_277}, takesHeapSnapshot=true, pageLoadStrategy=normal, databaseEnabled=false, handlesAlerts=true, hasTouchScreen=false, version=56.0.2924.87, platform=XP, browserConnectionEnabled=false, nativeEvents=true, acceptSslCerts=true, locationContextEnabled=true, webStorageEnabled=true, browserName=chrome, takesScreenshot=true, javascriptEnabled=true, cssSelectorsEnabled=true}]
Session ID: 020fc88733d2dbcc6558068bcc92a142
	at org.openqa.selenium.support.ui.WebDriverWait.timeoutException(WebDriverWait.java:80)
	at org.openqa.selenium.support.ui.FluentWait.until(FluentWait.java:260)
	at swiftpass.page.Page.getElementWithoutManualWait(Page.java:161)
	at swiftpass.page.Page.getElement(Page.java:94)
	at swiftpass.page.Page.moveToAndClick(Page.java:136)
	at swiftpass.page.channel.EmpAddPage.selectEmpSex(EmpAddPage.java:36)
	at swiftpass.testcase.channel.EmpTestCaseImpl.addEmp(EmpTestCaseImpl.java:285)
	at swiftpass.testcase.runners.EmpTestCaseRunner.runAdd(EmpTestCaseRunner.java:107)
Caused by: org.openqa.selenium.NoSuchElementException: no such element: Unable to locate element: {"method":"xpath","selector":"//form[@id='jq_add_form_emp']//tr[3]//a"}
  (Session info: chrome=56.0.2924.87)
  (Driver info: chromedriver=2.24.417431 (9aea000394714d2fbb20850021f6204f2256b9cf),platform=Windows NT 10.0.14393 x86_64) (WARNING: The server did not provide any stacktrace information)
Command duration or timeout: 3.05 seconds
For documentation on this error, please visit: http://seleniumhq.org/exceptions/no_such_element.html
Build info: version: 'unknown', revision: 'c7b525d', time: '2016-09-01 14:57:44 -0700'
System info: host: 'DESKTOP-N8UCBGL', ip: '192.168.2.155', os.name: 'Windows 10', os.arch: 'amd64', os.version: '10.0', java.version: '1.8.0_121'
Driver info: org.openqa.selenium.chrome.ChromeDriver
Capabilities [{applicationCacheEnabled=false, rotatable=false, mobileEmulationEnabled=false, networkConnectionEnabled=false, chrome={chromedriverVersion=2.24.417431 (9aea000394714d2fbb20850021f6204f2256b9cf), userDataDir=C:\Users\admin\AppData\Local\Temp\scoped_dir2296_277}, takesHeapSnapshot=true, pageLoadStrategy=normal, databaseEnabled=false, handlesAlerts=true, hasTouchScreen=false, version=56.0.2924.87, platform=XP, browserConnectionEnabled=false, nativeEvents=true, acceptSslCerts=true, locationContextEnabled=true, webStorageEnabled=true, browserName=chrome, takesScreenshot=true, javascriptEnabled=true, cssSelectorsEnabled=true}]
Session ID: 020fc88733d2dbcc6558068bcc92a142
*** Element info: {Using=xpath, value=//form[@id='jq_add_form_emp']//tr[3]//a}
	at org.openqa.selenium.remote.ErrorHandler.createThrowable(ErrorHandler.java:206)
	at org.openqa.selenium.remote.ErrorHandler.throwIfResponseFailed(ErrorHandler.java:158)
	at org.openqa.selenium.remote.RemoteWebDriver.execute(RemoteWebDriver.java:631)
	at org.openqa.selenium.remote.RemoteWebDriver.findElement(RemoteWebDriver.java:369)
	at org.openqa.selenium.remote.RemoteWebDriver.findElementByXPath(RemoteWebDriver.java:474)
	at org.openqa.selenium.By$ByXPath.findElement(By.java:361)
	at org.openqa.selenium.remote.RemoteWebDriver.findElement(RemoteWebDriver.java:361)
	at swiftpass.page.Page$2.apply(Page.java:164)
	at swiftpass.page.Page$2.apply(Page.java:1)
	at org.openqa.selenium.support.ui.FluentWait.until(FluentWait.java:238)
	... 31 more
... Removed 28 stack frames]]>
		</failure>
	</testcase> <!-- runAdd -->
	<testcase name="runAdd" time="23.529"
		classname="swiftpass.testcase.runners.EmpTestCaseRunner">
		<failure type="org.openqa.selenium.TimeoutException"
			message="Expected condition failed: waiting for swiftpass.page.Page$2@26c89563 (tried for 10 second(s) with 500 MILLISECONDS interval)
Build info: version: &amp;apos;unknown&amp;apos;, revision: &amp;apos;c7b525d&amp;apos;, time: &amp;apos;2016-09-01 14:57:44 -0700&amp;apos;
System info: host: &amp;apos;DESKTOP-N8UCBGL&amp;apos;, ip: &amp;apos;192.168.2.155&amp;apos;, os.name: &amp;apos;Windows 10&amp;apos;, os.arch: &amp;apos;amd64&amp;apos;, os.version: &amp;apos;10.0&amp;apos;, java.version: &amp;apos;1.8.0_121&amp;apos;
Driver info: org.openqa.selenium.chrome.ChromeDriver
Capabilities [{applicationCacheEnabled=false, rotatable=false, mobileEmulationEnabled=false, networkConnectionEnabled=false, chrome={chromedriverVersion=2.24.417431 (9aea000394714d2fbb20850021f6204f2256b9cf), userDataDir=C:\Users\admin\AppData\Local\Temp\scoped_dir2296_277}, takesHeapSnapshot=true, pageLoadStrategy=normal, databaseEnabled=false, handlesAlerts=true, hasTouchScreen=false, version=56.0.2924.87, platform=XP, browserConnectionEnabled=false, nativeEvents=true, acceptSslCerts=true, locationContextEnabled=true, webStorageEnabled=true, browserName=chrome, takesScreenshot=true, javascriptEnabled=true, cssSelectorsEnabled=true}]
Session ID: 020fc88733d2dbcc6558068bcc92a142">
      <![CDATA[org.openqa.selenium.TimeoutException: Expected condition failed: waiting for swiftpass.page.Page$2@26c89563 (tried for 10 second(s) with 500 MILLISECONDS interval)
Build info: version: 'unknown', revision: 'c7b525d', time: '2016-09-01 14:57:44 -0700'
System info: host: 'DESKTOP-N8UCBGL', ip: '192.168.2.155', os.name: 'Windows 10', os.arch: 'amd64', os.version: '10.0', java.version: '1.8.0_121'
Driver info: org.openqa.selenium.chrome.ChromeDriver
Capabilities [{applicationCacheEnabled=false, rotatable=false, mobileEmulationEnabled=false, networkConnectionEnabled=false, chrome={chromedriverVersion=2.24.417431 (9aea000394714d2fbb20850021f6204f2256b9cf), userDataDir=C:\Users\admin\AppData\Local\Temp\scoped_dir2296_277}, takesHeapSnapshot=true, pageLoadStrategy=normal, databaseEnabled=false, handlesAlerts=true, hasTouchScreen=false, version=56.0.2924.87, platform=XP, browserConnectionEnabled=false, nativeEvents=true, acceptSslCerts=true, locationContextEnabled=true, webStorageEnabled=true, browserName=chrome, takesScreenshot=true, javascriptEnabled=true, cssSelectorsEnabled=true}]
Session ID: 020fc88733d2dbcc6558068bcc92a142
	at org.openqa.selenium.support.ui.WebDriverWait.timeoutException(WebDriverWait.java:80)
	at org.openqa.selenium.support.ui.FluentWait.until(FluentWait.java:260)
	at swiftpass.page.Page.getElementWithoutManualWait(Page.java:161)
	at swiftpass.page.Page.getElement(Page.java:94)
	at swiftpass.page.Page.moveToAndClick(Page.java:136)
	at swiftpass.page.channel.EmpAddPage.selectEmpSex(EmpAddPage.java:36)
	at swiftpass.testcase.channel.EmpTestCaseImpl.addEmp(EmpTestCaseImpl.java:285)
	at swiftpass.testcase.runners.EmpTestCaseRunner.runAdd(EmpTestCaseRunner.java:107)
Caused by: org.openqa.selenium.NoSuchElementException: no such element: Unable to locate element: {"method":"xpath","selector":"//form[@id='jq_add_form_emp']//tr[3]//a"}
  (Session info: chrome=56.0.2924.87)
  (Driver info: chromedriver=2.24.417431 (9aea000394714d2fbb20850021f6204f2256b9cf),platform=Windows NT 10.0.14393 x86_64) (WARNING: The server did not provide any stacktrace information)
Command duration or timeout: 3.01 seconds
For documentation on this error, please visit: http://seleniumhq.org/exceptions/no_such_element.html
Build info: version: 'unknown', revision: 'c7b525d', time: '2016-09-01 14:57:44 -0700'
System info: host: 'DESKTOP-N8UCBGL', ip: '192.168.2.155', os.name: 'Windows 10', os.arch: 'amd64', os.version: '10.0', java.version: '1.8.0_121'
Driver info: org.openqa.selenium.chrome.ChromeDriver
Capabilities [{applicationCacheEnabled=false, rotatable=false, mobileEmulationEnabled=false, networkConnectionEnabled=false, chrome={chromedriverVersion=2.24.417431 (9aea000394714d2fbb20850021f6204f2256b9cf), userDataDir=C:\Users\admin\AppData\Local\Temp\scoped_dir2296_277}, takesHeapSnapshot=true, pageLoadStrategy=normal, databaseEnabled=false, handlesAlerts=true, hasTouchScreen=false, version=56.0.2924.87, platform=XP, browserConnectionEnabled=false, nativeEvents=true, acceptSslCerts=true, locationContextEnabled=true, webStorageEnabled=true, browserName=chrome, takesScreenshot=true, javascriptEnabled=true, cssSelectorsEnabled=true}]
Session ID: 020fc88733d2dbcc6558068bcc92a142
*** Element info: {Using=xpath, value=//form[@id='jq_add_form_emp']//tr[3]//a}
	at org.openqa.selenium.remote.ErrorHandler.createThrowable(ErrorHandler.java:206)
	at org.openqa.selenium.remote.ErrorHandler.throwIfResponseFailed(ErrorHandler.java:158)
	at org.openqa.selenium.remote.RemoteWebDriver.execute(RemoteWebDriver.java:631)
	at org.openqa.selenium.remote.RemoteWebDriver.findElement(RemoteWebDriver.java:369)
	at org.openqa.selenium.remote.RemoteWebDriver.findElementByXPath(RemoteWebDriver.java:474)
	at org.openqa.selenium.By$ByXPath.findElement(By.java:361)
	at org.openqa.selenium.remote.RemoteWebDriver.findElement(RemoteWebDriver.java:361)
	at swiftpass.page.Page$2.apply(Page.java:164)
	at swiftpass.page.Page$2.apply(Page.java:1)
	at org.openqa.selenium.support.ui.FluentWait.until(FluentWait.java:238)
	... 31 more
... Removed 28 stack frames]]>
		</failure>
	</testcase> <!-- runAdd -->
	<testcase name="runAdd" time="23.599"
		classname="swiftpass.testcase.runners.EmpTestCaseRunner">
		<failure type="org.openqa.selenium.TimeoutException"
			message="Expected condition failed: waiting for swiftpass.page.Page$2@24a86066 (tried for 10 second(s) with 500 MILLISECONDS interval)
Build info: version: &amp;apos;unknown&amp;apos;, revision: &amp;apos;c7b525d&amp;apos;, time: &amp;apos;2016-09-01 14:57:44 -0700&amp;apos;
System info: host: &amp;apos;DESKTOP-N8UCBGL&amp;apos;, ip: &amp;apos;192.168.2.155&amp;apos;, os.name: &amp;apos;Windows 10&amp;apos;, os.arch: &amp;apos;amd64&amp;apos;, os.version: &amp;apos;10.0&amp;apos;, java.version: &amp;apos;1.8.0_121&amp;apos;
Driver info: org.openqa.selenium.chrome.ChromeDriver
Capabilities [{applicationCacheEnabled=false, rotatable=false, mobileEmulationEnabled=false, networkConnectionEnabled=false, chrome={chromedriverVersion=2.24.417431 (9aea000394714d2fbb20850021f6204f2256b9cf), userDataDir=C:\Users\admin\AppData\Local\Temp\scoped_dir2296_277}, takesHeapSnapshot=true, pageLoadStrategy=normal, databaseEnabled=false, handlesAlerts=true, hasTouchScreen=false, version=56.0.2924.87, platform=XP, browserConnectionEnabled=false, nativeEvents=true, acceptSslCerts=true, locationContextEnabled=true, webStorageEnabled=true, browserName=chrome, takesScreenshot=true, javascriptEnabled=true, cssSelectorsEnabled=true}]
Session ID: 020fc88733d2dbcc6558068bcc92a142">
      <![CDATA[org.openqa.selenium.TimeoutException: Expected condition failed: waiting for swiftpass.page.Page$2@24a86066 (tried for 10 second(s) with 500 MILLISECONDS interval)
Build info: version: 'unknown', revision: 'c7b525d', time: '2016-09-01 14:57:44 -0700'
System info: host: 'DESKTOP-N8UCBGL', ip: '192.168.2.155', os.name: 'Windows 10', os.arch: 'amd64', os.version: '10.0', java.version: '1.8.0_121'
Driver info: org.openqa.selenium.chrome.ChromeDriver
Capabilities [{applicationCacheEnabled=false, rotatable=false, mobileEmulationEnabled=false, networkConnectionEnabled=false, chrome={chromedriverVersion=2.24.417431 (9aea000394714d2fbb20850021f6204f2256b9cf), userDataDir=C:\Users\admin\AppData\Local\Temp\scoped_dir2296_277}, takesHeapSnapshot=true, pageLoadStrategy=normal, databaseEnabled=false, handlesAlerts=true, hasTouchScreen=false, version=56.0.2924.87, platform=XP, browserConnectionEnabled=false, nativeEvents=true, acceptSslCerts=true, locationContextEnabled=true, webStorageEnabled=true, browserName=chrome, takesScreenshot=true, javascriptEnabled=true, cssSelectorsEnabled=true}]
Session ID: 020fc88733d2dbcc6558068bcc92a142
	at org.openqa.selenium.support.ui.WebDriverWait.timeoutException(WebDriverWait.java:80)
	at org.openqa.selenium.support.ui.FluentWait.until(FluentWait.java:260)
	at swiftpass.page.Page.getElementWithoutManualWait(Page.java:161)
	at swiftpass.page.Page.getElement(Page.java:94)
	at swiftpass.page.Page.moveToAndClick(Page.java:136)
	at swiftpass.page.channel.EmpAddPage.selectEmpSex(EmpAddPage.java:36)
	at swiftpass.testcase.channel.EmpTestCaseImpl.addEmp(EmpTestCaseImpl.java:285)
	at swiftpass.testcase.runners.EmpTestCaseRunner.runAdd(EmpTestCaseRunner.java:107)
Caused by: org.openqa.selenium.NoSuchElementException: no such element: Unable to locate element: {"method":"xpath","selector":"//form[@id='jq_add_form_emp']//tr[3]//a"}
  (Session info: chrome=56.0.2924.87)
  (Driver info: chromedriver=2.24.417431 (9aea000394714d2fbb20850021f6204f2256b9cf),platform=Windows NT 10.0.14393 x86_64) (WARNING: The server did not provide any stacktrace information)
Command duration or timeout: 3.02 seconds
For documentation on this error, please visit: http://seleniumhq.org/exceptions/no_such_element.html
Build info: version: 'unknown', revision: 'c7b525d', time: '2016-09-01 14:57:44 -0700'
System info: host: 'DESKTOP-N8UCBGL', ip: '192.168.2.155', os.name: 'Windows 10', os.arch: 'amd64', os.version: '10.0', java.version: '1.8.0_121'
Driver info: org.openqa.selenium.chrome.ChromeDriver
Capabilities [{applicationCacheEnabled=false, rotatable=false, mobileEmulationEnabled=false, networkConnectionEnabled=false, chrome={chromedriverVersion=2.24.417431 (9aea000394714d2fbb20850021f6204f2256b9cf), userDataDir=C:\Users\admin\AppData\Local\Temp\scoped_dir2296_277}, takesHeapSnapshot=true, pageLoadStrategy=normal, databaseEnabled=false, handlesAlerts=true, hasTouchScreen=false, version=56.0.2924.87, platform=XP, browserConnectionEnabled=false, nativeEvents=true, acceptSslCerts=true, locationContextEnabled=true, webStorageEnabled=true, browserName=chrome, takesScreenshot=true, javascriptEnabled=true, cssSelectorsEnabled=true}]
Session ID: 020fc88733d2dbcc6558068bcc92a142
*** Element info: {Using=xpath, value=//form[@id='jq_add_form_emp']//tr[3]//a}
	at org.openqa.selenium.remote.ErrorHandler.createThrowable(ErrorHandler.java:206)
	at org.openqa.selenium.remote.ErrorHandler.throwIfResponseFailed(ErrorHandler.java:158)
	at org.openqa.selenium.remote.RemoteWebDriver.execute(RemoteWebDriver.java:631)
	at org.openqa.selenium.remote.RemoteWebDriver.findElement(RemoteWebDriver.java:369)
	at org.openqa.selenium.remote.RemoteWebDriver.findElementByXPath(RemoteWebDriver.java:474)
	at org.openqa.selenium.By$ByXPath.findElement(By.java:361)
	at org.openqa.selenium.remote.RemoteWebDriver.findElement(RemoteWebDriver.java:361)
	at swiftpass.page.Page$2.apply(Page.java:164)
	at swiftpass.page.Page$2.apply(Page.java:1)
	at org.openqa.selenium.support.ui.FluentWait.until(FluentWait.java:238)
	... 31 more
... Removed 28 stack frames]]>
		</failure>
	</testcase> <!-- runAdd -->
	<testcase name="runAdd" time="23.52"
		classname="swiftpass.testcase.runners.EmpTestCaseRunner">
		<failure type="org.openqa.selenium.TimeoutException"
			message="Expected condition failed: waiting for swiftpass.page.Page$2@6f76c2cc (tried for 10 second(s) with 500 MILLISECONDS interval)
Build info: version: &amp;apos;unknown&amp;apos;, revision: &amp;apos;c7b525d&amp;apos;, time: &amp;apos;2016-09-01 14:57:44 -0700&amp;apos;
System info: host: &amp;apos;DESKTOP-N8UCBGL&amp;apos;, ip: &amp;apos;192.168.2.155&amp;apos;, os.name: &amp;apos;Windows 10&amp;apos;, os.arch: &amp;apos;amd64&amp;apos;, os.version: &amp;apos;10.0&amp;apos;, java.version: &amp;apos;1.8.0_121&amp;apos;
Driver info: org.openqa.selenium.chrome.ChromeDriver
Capabilities [{applicationCacheEnabled=false, rotatable=false, mobileEmulationEnabled=false, networkConnectionEnabled=false, chrome={chromedriverVersion=2.24.417431 (9aea000394714d2fbb20850021f6204f2256b9cf), userDataDir=C:\Users\admin\AppData\Local\Temp\scoped_dir2296_277}, takesHeapSnapshot=true, pageLoadStrategy=normal, databaseEnabled=false, handlesAlerts=true, hasTouchScreen=false, version=56.0.2924.87, platform=XP, browserConnectionEnabled=false, nativeEvents=true, acceptSslCerts=true, locationContextEnabled=true, webStorageEnabled=true, browserName=chrome, takesScreenshot=true, javascriptEnabled=true, cssSelectorsEnabled=true}]
Session ID: 020fc88733d2dbcc6558068bcc92a142">
      <![CDATA[org.openqa.selenium.TimeoutException: Expected condition failed: waiting for swiftpass.page.Page$2@6f76c2cc (tried for 10 second(s) with 500 MILLISECONDS interval)
Build info: version: 'unknown', revision: 'c7b525d', time: '2016-09-01 14:57:44 -0700'
System info: host: 'DESKTOP-N8UCBGL', ip: '192.168.2.155', os.name: 'Windows 10', os.arch: 'amd64', os.version: '10.0', java.version: '1.8.0_121'
Driver info: org.openqa.selenium.chrome.ChromeDriver
Capabilities [{applicationCacheEnabled=false, rotatable=false, mobileEmulationEnabled=false, networkConnectionEnabled=false, chrome={chromedriverVersion=2.24.417431 (9aea000394714d2fbb20850021f6204f2256b9cf), userDataDir=C:\Users\admin\AppData\Local\Temp\scoped_dir2296_277}, takesHeapSnapshot=true, pageLoadStrategy=normal, databaseEnabled=false, handlesAlerts=true, hasTouchScreen=false, version=56.0.2924.87, platform=XP, browserConnectionEnabled=false, nativeEvents=true, acceptSslCerts=true, locationContextEnabled=true, webStorageEnabled=true, browserName=chrome, takesScreenshot=true, javascriptEnabled=true, cssSelectorsEnabled=true}]
Session ID: 020fc88733d2dbcc6558068bcc92a142
	at org.openqa.selenium.support.ui.WebDriverWait.timeoutException(WebDriverWait.java:80)
	at org.openqa.selenium.support.ui.FluentWait.until(FluentWait.java:260)
	at swiftpass.page.Page.getElementWithoutManualWait(Page.java:161)
	at swiftpass.page.Page.getElement(Page.java:94)
	at swiftpass.page.Page.moveToAndClick(Page.java:136)
	at swiftpass.page.channel.EmpAddPage.selectEmpSex(EmpAddPage.java:36)
	at swiftpass.testcase.channel.EmpTestCaseImpl.addEmp(EmpTestCaseImpl.java:285)
	at swiftpass.testcase.runners.EmpTestCaseRunner.runAdd(EmpTestCaseRunner.java:107)
Caused by: org.openqa.selenium.NoSuchElementException: no such element: Unable to locate element: {"method":"xpath","selector":"//form[@id='jq_add_form_emp']//tr[3]//a"}
  (Session info: chrome=56.0.2924.87)
  (Driver info: chromedriver=2.24.417431 (9aea000394714d2fbb20850021f6204f2256b9cf),platform=Windows NT 10.0.14393 x86_64) (WARNING: The server did not provide any stacktrace information)
Command duration or timeout: 3.01 seconds
For documentation on this error, please visit: http://seleniumhq.org/exceptions/no_such_element.html
Build info: version: 'unknown', revision: 'c7b525d', time: '2016-09-01 14:57:44 -0700'
System info: host: 'DESKTOP-N8UCBGL', ip: '192.168.2.155', os.name: 'Windows 10', os.arch: 'amd64', os.version: '10.0', java.version: '1.8.0_121'
Driver info: org.openqa.selenium.chrome.ChromeDriver
Capabilities [{applicationCacheEnabled=false, rotatable=false, mobileEmulationEnabled=false, networkConnectionEnabled=false, chrome={chromedriverVersion=2.24.417431 (9aea000394714d2fbb20850021f6204f2256b9cf), userDataDir=C:\Users\admin\AppData\Local\Temp\scoped_dir2296_277}, takesHeapSnapshot=true, pageLoadStrategy=normal, databaseEnabled=false, handlesAlerts=true, hasTouchScreen=false, version=56.0.2924.87, platform=XP, browserConnectionEnabled=false, nativeEvents=true, acceptSslCerts=true, locationContextEnabled=true, webStorageEnabled=true, browserName=chrome, takesScreenshot=true, javascriptEnabled=true, cssSelectorsEnabled=true}]
Session ID: 020fc88733d2dbcc6558068bcc92a142
*** Element info: {Using=xpath, value=//form[@id='jq_add_form_emp']//tr[3]//a}
	at org.openqa.selenium.remote.ErrorHandler.createThrowable(ErrorHandler.java:206)
	at org.openqa.selenium.remote.ErrorHandler.throwIfResponseFailed(ErrorHandler.java:158)
	at org.openqa.selenium.remote.RemoteWebDriver.execute(RemoteWebDriver.java:631)
	at org.openqa.selenium.remote.RemoteWebDriver.findElement(RemoteWebDriver.java:369)
	at org.openqa.selenium.remote.RemoteWebDriver.findElementByXPath(RemoteWebDriver.java:474)
	at org.openqa.selenium.By$ByXPath.findElement(By.java:361)
	at org.openqa.selenium.remote.RemoteWebDriver.findElement(RemoteWebDriver.java:361)
	at swiftpass.page.Page$2.apply(Page.java:164)
	at swiftpass.page.Page$2.apply(Page.java:1)
	at org.openqa.selenium.support.ui.FluentWait.until(FluentWait.java:238)
	... 31 more
... Removed 28 stack frames]]>
		</failure>
	</testcase> <!-- runAdd -->
	<testcase name="runAdd" time="23.638"
		classname="swiftpass.testcase.runners.EmpTestCaseRunner">
		<failure type="org.openqa.selenium.TimeoutException"
			message="Expected condition failed: waiting for swiftpass.page.Page$2@24d61e4 (tried for 10 second(s) with 500 MILLISECONDS interval)
Build info: version: &amp;apos;unknown&amp;apos;, revision: &amp;apos;c7b525d&amp;apos;, time: &amp;apos;2016-09-01 14:57:44 -0700&amp;apos;
System info: host: &amp;apos;DESKTOP-N8UCBGL&amp;apos;, ip: &amp;apos;192.168.2.155&amp;apos;, os.name: &amp;apos;Windows 10&amp;apos;, os.arch: &amp;apos;amd64&amp;apos;, os.version: &amp;apos;10.0&amp;apos;, java.version: &amp;apos;1.8.0_121&amp;apos;
Driver info: org.openqa.selenium.chrome.ChromeDriver
Capabilities [{applicationCacheEnabled=false, rotatable=false, mobileEmulationEnabled=false, networkConnectionEnabled=false, chrome={chromedriverVersion=2.24.417431 (9aea000394714d2fbb20850021f6204f2256b9cf), userDataDir=C:\Users\admin\AppData\Local\Temp\scoped_dir2296_277}, takesHeapSnapshot=true, pageLoadStrategy=normal, databaseEnabled=false, handlesAlerts=true, hasTouchScreen=false, version=56.0.2924.87, platform=XP, browserConnectionEnabled=false, nativeEvents=true, acceptSslCerts=true, locationContextEnabled=true, webStorageEnabled=true, browserName=chrome, takesScreenshot=true, javascriptEnabled=true, cssSelectorsEnabled=true}]
Session ID: 020fc88733d2dbcc6558068bcc92a142">
      <![CDATA[org.openqa.selenium.TimeoutException: Expected condition failed: waiting for swiftpass.page.Page$2@24d61e4 (tried for 10 second(s) with 500 MILLISECONDS interval)
Build info: version: 'unknown', revision: 'c7b525d', time: '2016-09-01 14:57:44 -0700'
System info: host: 'DESKTOP-N8UCBGL', ip: '192.168.2.155', os.name: 'Windows 10', os.arch: 'amd64', os.version: '10.0', java.version: '1.8.0_121'
Driver info: org.openqa.selenium.chrome.ChromeDriver
Capabilities [{applicationCacheEnabled=false, rotatable=false, mobileEmulationEnabled=false, networkConnectionEnabled=false, chrome={chromedriverVersion=2.24.417431 (9aea000394714d2fbb20850021f6204f2256b9cf), userDataDir=C:\Users\admin\AppData\Local\Temp\scoped_dir2296_277}, takesHeapSnapshot=true, pageLoadStrategy=normal, databaseEnabled=false, handlesAlerts=true, hasTouchScreen=false, version=56.0.2924.87, platform=XP, browserConnectionEnabled=false, nativeEvents=true, acceptSslCerts=true, locationContextEnabled=true, webStorageEnabled=true, browserName=chrome, takesScreenshot=true, javascriptEnabled=true, cssSelectorsEnabled=true}]
Session ID: 020fc88733d2dbcc6558068bcc92a142
	at org.openqa.selenium.support.ui.WebDriverWait.timeoutException(WebDriverWait.java:80)
	at org.openqa.selenium.support.ui.FluentWait.until(FluentWait.java:260)
	at swiftpass.page.Page.getElementWithoutManualWait(Page.java:161)
	at swiftpass.page.Page.getElement(Page.java:94)
	at swiftpass.page.Page.moveToAndClick(Page.java:136)
	at swiftpass.page.channel.EmpAddPage.selectEmpSex(EmpAddPage.java:36)
	at swiftpass.testcase.channel.EmpTestCaseImpl.addEmp(EmpTestCaseImpl.java:285)
	at swiftpass.testcase.runners.EmpTestCaseRunner.runAdd(EmpTestCaseRunner.java:107)
Caused by: org.openqa.selenium.NoSuchElementException: no such element: Unable to locate element: {"method":"xpath","selector":"//form[@id='jq_add_form_emp']//tr[3]//a"}
  (Session info: chrome=56.0.2924.87)
  (Driver info: chromedriver=2.24.417431 (9aea000394714d2fbb20850021f6204f2256b9cf),platform=Windows NT 10.0.14393 x86_64) (WARNING: The server did not provide any stacktrace information)
Command duration or timeout: 3.06 seconds
For documentation on this error, please visit: http://seleniumhq.org/exceptions/no_such_element.html
Build info: version: 'unknown', revision: 'c7b525d', time: '2016-09-01 14:57:44 -0700'
System info: host: 'DESKTOP-N8UCBGL', ip: '192.168.2.155', os.name: 'Windows 10', os.arch: 'amd64', os.version: '10.0', java.version: '1.8.0_121'
Driver info: org.openqa.selenium.chrome.ChromeDriver
Capabilities [{applicationCacheEnabled=false, rotatable=false, mobileEmulationEnabled=false, networkConnectionEnabled=false, chrome={chromedriverVersion=2.24.417431 (9aea000394714d2fbb20850021f6204f2256b9cf), userDataDir=C:\Users\admin\AppData\Local\Temp\scoped_dir2296_277}, takesHeapSnapshot=true, pageLoadStrategy=normal, databaseEnabled=false, handlesAlerts=true, hasTouchScreen=false, version=56.0.2924.87, platform=XP, browserConnectionEnabled=false, nativeEvents=true, acceptSslCerts=true, locationContextEnabled=true, webStorageEnabled=true, browserName=chrome, takesScreenshot=true, javascriptEnabled=true, cssSelectorsEnabled=true}]
Session ID: 020fc88733d2dbcc6558068bcc92a142
*** Element info: {Using=xpath, value=//form[@id='jq_add_form_emp']//tr[3]//a}
	at org.openqa.selenium.remote.ErrorHandler.createThrowable(ErrorHandler.java:206)
	at org.openqa.selenium.remote.ErrorHandler.throwIfResponseFailed(ErrorHandler.java:158)
	at org.openqa.selenium.remote.RemoteWebDriver.execute(RemoteWebDriver.java:631)
	at org.openqa.selenium.remote.RemoteWebDriver.findElement(RemoteWebDriver.java:369)
	at org.openqa.selenium.remote.RemoteWebDriver.findElementByXPath(RemoteWebDriver.java:474)
	at org.openqa.selenium.By$ByXPath.findElement(By.java:361)
	at org.openqa.selenium.remote.RemoteWebDriver.findElement(RemoteWebDriver.java:361)
	at swiftpass.page.Page$2.apply(Page.java:164)
	at swiftpass.page.Page$2.apply(Page.java:1)
	at org.openqa.selenium.support.ui.FluentWait.until(FluentWait.java:238)
	... 31 more
... Removed 28 stack frames]]>
		</failure>
	</testcase> <!-- runAdd -->
	<testcase name="runAdd" time="24.59"
		classname="swiftpass.testcase.runners.EmpTestCaseRunner">
		<failure type="org.openqa.selenium.TimeoutException"
			message="Expected condition failed: waiting for swiftpass.page.Page$2@4a37191a (tried for 10 second(s) with 500 MILLISECONDS interval)
Build info: version: &amp;apos;unknown&amp;apos;, revision: &amp;apos;c7b525d&amp;apos;, time: &amp;apos;2016-09-01 14:57:44 -0700&amp;apos;
System info: host: &amp;apos;DESKTOP-N8UCBGL&amp;apos;, ip: &amp;apos;192.168.2.155&amp;apos;, os.name: &amp;apos;Windows 10&amp;apos;, os.arch: &amp;apos;amd64&amp;apos;, os.version: &amp;apos;10.0&amp;apos;, java.version: &amp;apos;1.8.0_121&amp;apos;
Driver info: org.openqa.selenium.chrome.ChromeDriver
Capabilities [{applicationCacheEnabled=false, rotatable=false, mobileEmulationEnabled=false, networkConnectionEnabled=false, chrome={chromedriverVersion=2.24.417431 (9aea000394714d2fbb20850021f6204f2256b9cf), userDataDir=C:\Users\admin\AppData\Local\Temp\scoped_dir2296_277}, takesHeapSnapshot=true, pageLoadStrategy=normal, databaseEnabled=false, handlesAlerts=true, hasTouchScreen=false, version=56.0.2924.87, platform=XP, browserConnectionEnabled=false, nativeEvents=true, acceptSslCerts=true, locationContextEnabled=true, webStorageEnabled=true, browserName=chrome, takesScreenshot=true, javascriptEnabled=true, cssSelectorsEnabled=true}]
Session ID: 020fc88733d2dbcc6558068bcc92a142">
      <![CDATA[org.openqa.selenium.TimeoutException: Expected condition failed: waiting for swiftpass.page.Page$2@4a37191a (tried for 10 second(s) with 500 MILLISECONDS interval)
Build info: version: 'unknown', revision: 'c7b525d', time: '2016-09-01 14:57:44 -0700'
System info: host: 'DESKTOP-N8UCBGL', ip: '192.168.2.155', os.name: 'Windows 10', os.arch: 'amd64', os.version: '10.0', java.version: '1.8.0_121'
Driver info: org.openqa.selenium.chrome.ChromeDriver
Capabilities [{applicationCacheEnabled=false, rotatable=false, mobileEmulationEnabled=false, networkConnectionEnabled=false, chrome={chromedriverVersion=2.24.417431 (9aea000394714d2fbb20850021f6204f2256b9cf), userDataDir=C:\Users\admin\AppData\Local\Temp\scoped_dir2296_277}, takesHeapSnapshot=true, pageLoadStrategy=normal, databaseEnabled=false, handlesAlerts=true, hasTouchScreen=false, version=56.0.2924.87, platform=XP, browserConnectionEnabled=false, nativeEvents=true, acceptSslCerts=true, locationContextEnabled=true, webStorageEnabled=true, browserName=chrome, takesScreenshot=true, javascriptEnabled=true, cssSelectorsEnabled=true}]
Session ID: 020fc88733d2dbcc6558068bcc92a142
	at org.openqa.selenium.support.ui.WebDriverWait.timeoutException(WebDriverWait.java:80)
	at org.openqa.selenium.support.ui.FluentWait.until(FluentWait.java:260)
	at swiftpass.page.Page.getElementWithoutManualWait(Page.java:161)
	at swiftpass.page.Page.getElement(Page.java:94)
	at swiftpass.page.Page.moveToAndClick(Page.java:136)
	at swiftpass.page.channel.EmpAddPage.selectEmpSex(EmpAddPage.java:36)
	at swiftpass.testcase.channel.EmpTestCaseImpl.addEmp(EmpTestCaseImpl.java:285)
	at swiftpass.testcase.runners.EmpTestCaseRunner.runAdd(EmpTestCaseRunner.java:107)
Caused by: org.openqa.selenium.NoSuchElementException: no such element: Unable to locate element: {"method":"xpath","selector":"//form[@id='jq_add_form_emp']//tr[3]//a"}
  (Session info: chrome=56.0.2924.87)
  (Driver info: chromedriver=2.24.417431 (9aea000394714d2fbb20850021f6204f2256b9cf),platform=Windows NT 10.0.14393 x86_64) (WARNING: The server did not provide any stacktrace information)
Command duration or timeout: 3.06 seconds
For documentation on this error, please visit: http://seleniumhq.org/exceptions/no_such_element.html
Build info: version: 'unknown', revision: 'c7b525d', time: '2016-09-01 14:57:44 -0700'
System info: host: 'DESKTOP-N8UCBGL', ip: '192.168.2.155', os.name: 'Windows 10', os.arch: 'amd64', os.version: '10.0', java.version: '1.8.0_121'
Driver info: org.openqa.selenium.chrome.ChromeDriver
Capabilities [{applicationCacheEnabled=false, rotatable=false, mobileEmulationEnabled=false, networkConnectionEnabled=false, chrome={chromedriverVersion=2.24.417431 (9aea000394714d2fbb20850021f6204f2256b9cf), userDataDir=C:\Users\admin\AppData\Local\Temp\scoped_dir2296_277}, takesHeapSnapshot=true, pageLoadStrategy=normal, databaseEnabled=false, handlesAlerts=true, hasTouchScreen=false, version=56.0.2924.87, platform=XP, browserConnectionEnabled=false, nativeEvents=true, acceptSslCerts=true, locationContextEnabled=true, webStorageEnabled=true, browserName=chrome, takesScreenshot=true, javascriptEnabled=true, cssSelectorsEnabled=true}]
Session ID: 020fc88733d2dbcc6558068bcc92a142
*** Element info: {Using=xpath, value=//form[@id='jq_add_form_emp']//tr[3]//a}
	at org.openqa.selenium.remote.ErrorHandler.createThrowable(ErrorHandler.java:206)
	at org.openqa.selenium.remote.ErrorHandler.throwIfResponseFailed(ErrorHandler.java:158)
	at org.openqa.selenium.remote.RemoteWebDriver.execute(RemoteWebDriver.java:631)
	at org.openqa.selenium.remote.RemoteWebDriver.findElement(RemoteWebDriver.java:369)
	at org.openqa.selenium.remote.RemoteWebDriver.findElementByXPath(RemoteWebDriver.java:474)
	at org.openqa.selenium.By$ByXPath.findElement(By.java:361)
	at org.openqa.selenium.remote.RemoteWebDriver.findElement(RemoteWebDriver.java:361)
	at swiftpass.page.Page$2.apply(Page.java:164)
	at swiftpass.page.Page$2.apply(Page.java:1)
	at org.openqa.selenium.support.ui.FluentWait.until(FluentWait.java:238)
	... 31 more
... Removed 28 stack frames]]>
		</failure>
	</testcase> <!-- runAdd -->
	<testcase name="runAdd" time="24.599"
		classname="swiftpass.testcase.runners.EmpTestCaseRunner">
		<failure type="org.openqa.selenium.TimeoutException"
			message="Expected condition failed: waiting for swiftpass.page.Page$2@6dab01d9 (tried for 10 second(s) with 500 MILLISECONDS interval)
Build info: version: &amp;apos;unknown&amp;apos;, revision: &amp;apos;c7b525d&amp;apos;, time: &amp;apos;2016-09-01 14:57:44 -0700&amp;apos;
System info: host: &amp;apos;DESKTOP-N8UCBGL&amp;apos;, ip: &amp;apos;192.168.2.155&amp;apos;, os.name: &amp;apos;Windows 10&amp;apos;, os.arch: &amp;apos;amd64&amp;apos;, os.version: &amp;apos;10.0&amp;apos;, java.version: &amp;apos;1.8.0_121&amp;apos;
Driver info: org.openqa.selenium.chrome.ChromeDriver
Capabilities [{applicationCacheEnabled=false, rotatable=false, mobileEmulationEnabled=false, networkConnectionEnabled=false, chrome={chromedriverVersion=2.24.417431 (9aea000394714d2fbb20850021f6204f2256b9cf), userDataDir=C:\Users\admin\AppData\Local\Temp\scoped_dir2296_277}, takesHeapSnapshot=true, pageLoadStrategy=normal, databaseEnabled=false, handlesAlerts=true, hasTouchScreen=false, version=56.0.2924.87, platform=XP, browserConnectionEnabled=false, nativeEvents=true, acceptSslCerts=true, locationContextEnabled=true, webStorageEnabled=true, browserName=chrome, takesScreenshot=true, javascriptEnabled=true, cssSelectorsEnabled=true}]
Session ID: 020fc88733d2dbcc6558068bcc92a142">
      <![CDATA[org.openqa.selenium.TimeoutException: Expected condition failed: waiting for swiftpass.page.Page$2@6dab01d9 (tried for 10 second(s) with 500 MILLISECONDS interval)
Build info: version: 'unknown', revision: 'c7b525d', time: '2016-09-01 14:57:44 -0700'
System info: host: 'DESKTOP-N8UCBGL', ip: '192.168.2.155', os.name: 'Windows 10', os.arch: 'amd64', os.version: '10.0', java.version: '1.8.0_121'
Driver info: org.openqa.selenium.chrome.ChromeDriver
Capabilities [{applicationCacheEnabled=false, rotatable=false, mobileEmulationEnabled=false, networkConnectionEnabled=false, chrome={chromedriverVersion=2.24.417431 (9aea000394714d2fbb20850021f6204f2256b9cf), userDataDir=C:\Users\admin\AppData\Local\Temp\scoped_dir2296_277}, takesHeapSnapshot=true, pageLoadStrategy=normal, databaseEnabled=false, handlesAlerts=true, hasTouchScreen=false, version=56.0.2924.87, platform=XP, browserConnectionEnabled=false, nativeEvents=true, acceptSslCerts=true, locationContextEnabled=true, webStorageEnabled=true, browserName=chrome, takesScreenshot=true, javascriptEnabled=true, cssSelectorsEnabled=true}]
Session ID: 020fc88733d2dbcc6558068bcc92a142
	at org.openqa.selenium.support.ui.WebDriverWait.timeoutException(WebDriverWait.java:80)
	at org.openqa.selenium.support.ui.FluentWait.until(FluentWait.java:260)
	at swiftpass.page.Page.getElementWithoutManualWait(Page.java:161)
	at swiftpass.page.Page.getElement(Page.java:94)
	at swiftpass.page.Page.moveToAndClick(Page.java:136)
	at swiftpass.page.channel.EmpAddPage.selectEmpSex(EmpAddPage.java:36)
	at swiftpass.testcase.channel.EmpTestCaseImpl.addEmp(EmpTestCaseImpl.java:285)
	at swiftpass.testcase.runners.EmpTestCaseRunner.runAdd(EmpTestCaseRunner.java:107)
Caused by: org.openqa.selenium.NoSuchElementException: no such element: Unable to locate element: {"method":"xpath","selector":"//form[@id='jq_add_form_emp']//tr[3]//a"}
  (Session info: chrome=56.0.2924.87)
  (Driver info: chromedriver=2.24.417431 (9aea000394714d2fbb20850021f6204f2256b9cf),platform=Windows NT 10.0.14393 x86_64) (WARNING: The server did not provide any stacktrace information)
Command duration or timeout: 3.06 seconds
For documentation on this error, please visit: http://seleniumhq.org/exceptions/no_such_element.html
Build info: version: 'unknown', revision: 'c7b525d', time: '2016-09-01 14:57:44 -0700'
System info: host: 'DESKTOP-N8UCBGL', ip: '192.168.2.155', os.name: 'Windows 10', os.arch: 'amd64', os.version: '10.0', java.version: '1.8.0_121'
Driver info: org.openqa.selenium.chrome.ChromeDriver
Capabilities [{applicationCacheEnabled=false, rotatable=false, mobileEmulationEnabled=false, networkConnectionEnabled=false, chrome={chromedriverVersion=2.24.417431 (9aea000394714d2fbb20850021f6204f2256b9cf), userDataDir=C:\Users\admin\AppData\Local\Temp\scoped_dir2296_277}, takesHeapSnapshot=true, pageLoadStrategy=normal, databaseEnabled=false, handlesAlerts=true, hasTouchScreen=false, version=56.0.2924.87, platform=XP, browserConnectionEnabled=false, nativeEvents=true, acceptSslCerts=true, locationContextEnabled=true, webStorageEnabled=true, browserName=chrome, takesScreenshot=true, javascriptEnabled=true, cssSelectorsEnabled=true}]
Session ID: 020fc88733d2dbcc6558068bcc92a142
*** Element info: {Using=xpath, value=//form[@id='jq_add_form_emp']//tr[3]//a}
	at org.openqa.selenium.remote.ErrorHandler.createThrowable(ErrorHandler.java:206)
	at org.openqa.selenium.remote.ErrorHandler.throwIfResponseFailed(ErrorHandler.java:158)
	at org.openqa.selenium.remote.RemoteWebDriver.execute(RemoteWebDriver.java:631)
	at org.openqa.selenium.remote.RemoteWebDriver.findElement(RemoteWebDriver.java:369)
	at org.openqa.selenium.remote.RemoteWebDriver.findElementByXPath(RemoteWebDriver.java:474)
	at org.openqa.selenium.By$ByXPath.findElement(By.java:361)
	at org.openqa.selenium.remote.RemoteWebDriver.findElement(RemoteWebDriver.java:361)
	at swiftpass.page.Page$2.apply(Page.java:164)
	at swiftpass.page.Page$2.apply(Page.java:1)
	at org.openqa.selenium.support.ui.FluentWait.until(FluentWait.java:238)
	... 31 more
... Removed 28 stack frames]]>
		</failure>
	</testcase> <!-- runAdd -->
	<testcase name="runAdd" time="23.509"
		classname="swiftpass.testcase.runners.EmpTestCaseRunner">
		<failure type="org.openqa.selenium.TimeoutException"
			message="Expected condition failed: waiting for swiftpass.page.Page$2@12a14b74 (tried for 10 second(s) with 500 MILLISECONDS interval)
Build info: version: &amp;apos;unknown&amp;apos;, revision: &amp;apos;c7b525d&amp;apos;, time: &amp;apos;2016-09-01 14:57:44 -0700&amp;apos;
System info: host: &amp;apos;DESKTOP-N8UCBGL&amp;apos;, ip: &amp;apos;192.168.2.155&amp;apos;, os.name: &amp;apos;Windows 10&amp;apos;, os.arch: &amp;apos;amd64&amp;apos;, os.version: &amp;apos;10.0&amp;apos;, java.version: &amp;apos;1.8.0_121&amp;apos;
Driver info: org.openqa.selenium.chrome.ChromeDriver
Capabilities [{applicationCacheEnabled=false, rotatable=false, mobileEmulationEnabled=false, networkConnectionEnabled=false, chrome={chromedriverVersion=2.24.417431 (9aea000394714d2fbb20850021f6204f2256b9cf), userDataDir=C:\Users\admin\AppData\Local\Temp\scoped_dir2296_277}, takesHeapSnapshot=true, pageLoadStrategy=normal, databaseEnabled=false, handlesAlerts=true, hasTouchScreen=false, version=56.0.2924.87, platform=XP, browserConnectionEnabled=false, nativeEvents=true, acceptSslCerts=true, locationContextEnabled=true, webStorageEnabled=true, browserName=chrome, takesScreenshot=true, javascriptEnabled=true, cssSelectorsEnabled=true}]
Session ID: 020fc88733d2dbcc6558068bcc92a142">
      <![CDATA[org.openqa.selenium.TimeoutException: Expected condition failed: waiting for swiftpass.page.Page$2@12a14b74 (tried for 10 second(s) with 500 MILLISECONDS interval)
Build info: version: 'unknown', revision: 'c7b525d', time: '2016-09-01 14:57:44 -0700'
System info: host: 'DESKTOP-N8UCBGL', ip: '192.168.2.155', os.name: 'Windows 10', os.arch: 'amd64', os.version: '10.0', java.version: '1.8.0_121'
Driver info: org.openqa.selenium.chrome.ChromeDriver
Capabilities [{applicationCacheEnabled=false, rotatable=false, mobileEmulationEnabled=false, networkConnectionEnabled=false, chrome={chromedriverVersion=2.24.417431 (9aea000394714d2fbb20850021f6204f2256b9cf), userDataDir=C:\Users\admin\AppData\Local\Temp\scoped_dir2296_277}, takesHeapSnapshot=true, pageLoadStrategy=normal, databaseEnabled=false, handlesAlerts=true, hasTouchScreen=false, version=56.0.2924.87, platform=XP, browserConnectionEnabled=false, nativeEvents=true, acceptSslCerts=true, locationContextEnabled=true, webStorageEnabled=true, browserName=chrome, takesScreenshot=true, javascriptEnabled=true, cssSelectorsEnabled=true}]
Session ID: 020fc88733d2dbcc6558068bcc92a142
	at org.openqa.selenium.support.ui.WebDriverWait.timeoutException(WebDriverWait.java:80)
	at org.openqa.selenium.support.ui.FluentWait.until(FluentWait.java:260)
	at swiftpass.page.Page.getElementWithoutManualWait(Page.java:161)
	at swiftpass.page.Page.getElement(Page.java:94)
	at swiftpass.page.Page.moveToAndClick(Page.java:136)
	at swiftpass.page.channel.EmpAddPage.selectEmpSex(EmpAddPage.java:36)
	at swiftpass.testcase.channel.EmpTestCaseImpl.addEmp(EmpTestCaseImpl.java:285)
	at swiftpass.testcase.runners.EmpTestCaseRunner.runAdd(EmpTestCaseRunner.java:107)
Caused by: org.openqa.selenium.NoSuchElementException: no such element: Unable to locate element: {"method":"xpath","selector":"//form[@id='jq_add_form_emp']//tr[3]//a"}
  (Session info: chrome=56.0.2924.87)
  (Driver info: chromedriver=2.24.417431 (9aea000394714d2fbb20850021f6204f2256b9cf),platform=Windows NT 10.0.14393 x86_64) (WARNING: The server did not provide any stacktrace information)
Command duration or timeout: 3.06 seconds
For documentation on this error, please visit: http://seleniumhq.org/exceptions/no_such_element.html
Build info: version: 'unknown', revision: 'c7b525d', time: '2016-09-01 14:57:44 -0700'
System info: host: 'DESKTOP-N8UCBGL', ip: '192.168.2.155', os.name: 'Windows 10', os.arch: 'amd64', os.version: '10.0', java.version: '1.8.0_121'
Driver info: org.openqa.selenium.chrome.ChromeDriver
Capabilities [{applicationCacheEnabled=false, rotatable=false, mobileEmulationEnabled=false, networkConnectionEnabled=false, chrome={chromedriverVersion=2.24.417431 (9aea000394714d2fbb20850021f6204f2256b9cf), userDataDir=C:\Users\admin\AppData\Local\Temp\scoped_dir2296_277}, takesHeapSnapshot=true, pageLoadStrategy=normal, databaseEnabled=false, handlesAlerts=true, hasTouchScreen=false, version=56.0.2924.87, platform=XP, browserConnectionEnabled=false, nativeEvents=true, acceptSslCerts=true, locationContextEnabled=true, webStorageEnabled=true, browserName=chrome, takesScreenshot=true, javascriptEnabled=true, cssSelectorsEnabled=true}]
Session ID: 020fc88733d2dbcc6558068bcc92a142
*** Element info: {Using=xpath, value=//form[@id='jq_add_form_emp']//tr[3]//a}
	at org.openqa.selenium.remote.ErrorHandler.createThrowable(ErrorHandler.java:206)
	at org.openqa.selenium.remote.ErrorHandler.throwIfResponseFailed(ErrorHandler.java:158)
	at org.openqa.selenium.remote.RemoteWebDriver.execute(RemoteWebDriver.java:631)
	at org.openqa.selenium.remote.RemoteWebDriver.findElement(RemoteWebDriver.java:369)
	at org.openqa.selenium.remote.RemoteWebDriver.findElementByXPath(RemoteWebDriver.java:474)
	at org.openqa.selenium.By$ByXPath.findElement(By.java:361)
	at org.openqa.selenium.remote.RemoteWebDriver.findElement(RemoteWebDriver.java:361)
	at swiftpass.page.Page$2.apply(Page.java:164)
	at swiftpass.page.Page$2.apply(Page.java:1)
	at org.openqa.selenium.support.ui.FluentWait.until(FluentWait.java:238)
	... 31 more
... Removed 28 stack frames]]>
		</failure>
	</testcase> <!-- runAdd -->
	<testcase name="runAdd" time="23.456"
		classname="swiftpass.testcase.runners.EmpTestCaseRunner">
		<failure type="org.openqa.selenium.TimeoutException"
			message="Expected condition failed: waiting for swiftpass.page.Page$2@70d63e05 (tried for 10 second(s) with 500 MILLISECONDS interval)
Build info: version: &amp;apos;unknown&amp;apos;, revision: &amp;apos;c7b525d&amp;apos;, time: &amp;apos;2016-09-01 14:57:44 -0700&amp;apos;
System info: host: &amp;apos;DESKTOP-N8UCBGL&amp;apos;, ip: &amp;apos;192.168.2.155&amp;apos;, os.name: &amp;apos;Windows 10&amp;apos;, os.arch: &amp;apos;amd64&amp;apos;, os.version: &amp;apos;10.0&amp;apos;, java.version: &amp;apos;1.8.0_121&amp;apos;
Driver info: org.openqa.selenium.chrome.ChromeDriver
Capabilities [{applicationCacheEnabled=false, rotatable=false, mobileEmulationEnabled=false, networkConnectionEnabled=false, chrome={chromedriverVersion=2.24.417431 (9aea000394714d2fbb20850021f6204f2256b9cf), userDataDir=C:\Users\admin\AppData\Local\Temp\scoped_dir2296_277}, takesHeapSnapshot=true, pageLoadStrategy=normal, databaseEnabled=false, handlesAlerts=true, hasTouchScreen=false, version=56.0.2924.87, platform=XP, browserConnectionEnabled=false, nativeEvents=true, acceptSslCerts=true, locationContextEnabled=true, webStorageEnabled=true, browserName=chrome, takesScreenshot=true, javascriptEnabled=true, cssSelectorsEnabled=true}]
Session ID: 020fc88733d2dbcc6558068bcc92a142">
      <![CDATA[org.openqa.selenium.TimeoutException: Expected condition failed: waiting for swiftpass.page.Page$2@70d63e05 (tried for 10 second(s) with 500 MILLISECONDS interval)
Build info: version: 'unknown', revision: 'c7b525d', time: '2016-09-01 14:57:44 -0700'
System info: host: 'DESKTOP-N8UCBGL', ip: '192.168.2.155', os.name: 'Windows 10', os.arch: 'amd64', os.version: '10.0', java.version: '1.8.0_121'
Driver info: org.openqa.selenium.chrome.ChromeDriver
Capabilities [{applicationCacheEnabled=false, rotatable=false, mobileEmulationEnabled=false, networkConnectionEnabled=false, chrome={chromedriverVersion=2.24.417431 (9aea000394714d2fbb20850021f6204f2256b9cf), userDataDir=C:\Users\admin\AppData\Local\Temp\scoped_dir2296_277}, takesHeapSnapshot=true, pageLoadStrategy=normal, databaseEnabled=false, handlesAlerts=true, hasTouchScreen=false, version=56.0.2924.87, platform=XP, browserConnectionEnabled=false, nativeEvents=true, acceptSslCerts=true, locationContextEnabled=true, webStorageEnabled=true, browserName=chrome, takesScreenshot=true, javascriptEnabled=true, cssSelectorsEnabled=true}]
Session ID: 020fc88733d2dbcc6558068bcc92a142
	at org.openqa.selenium.support.ui.WebDriverWait.timeoutException(WebDriverWait.java:80)
	at org.openqa.selenium.support.ui.FluentWait.until(FluentWait.java:260)
	at swiftpass.page.Page.getElementWithoutManualWait(Page.java:161)
	at swiftpass.page.Page.getElement(Page.java:94)
	at swiftpass.page.Page.moveToAndClick(Page.java:136)
	at swiftpass.page.channel.EmpAddPage.selectEmpSex(EmpAddPage.java:36)
	at swiftpass.testcase.channel.EmpTestCaseImpl.addEmp(EmpTestCaseImpl.java:285)
	at swiftpass.testcase.runners.EmpTestCaseRunner.runAdd(EmpTestCaseRunner.java:107)
Caused by: org.openqa.selenium.NoSuchElementException: no such element: Unable to locate element: {"method":"xpath","selector":"//form[@id='jq_add_form_emp']//tr[3]//a"}
  (Session info: chrome=56.0.2924.87)
  (Driver info: chromedriver=2.24.417431 (9aea000394714d2fbb20850021f6204f2256b9cf),platform=Windows NT 10.0.14393 x86_64) (WARNING: The server did not provide any stacktrace information)
Command duration or timeout: 3.01 seconds
For documentation on this error, please visit: http://seleniumhq.org/exceptions/no_such_element.html
Build info: version: 'unknown', revision: 'c7b525d', time: '2016-09-01 14:57:44 -0700'
System info: host: 'DESKTOP-N8UCBGL', ip: '192.168.2.155', os.name: 'Windows 10', os.arch: 'amd64', os.version: '10.0', java.version: '1.8.0_121'
Driver info: org.openqa.selenium.chrome.ChromeDriver
Capabilities [{applicationCacheEnabled=false, rotatable=false, mobileEmulationEnabled=false, networkConnectionEnabled=false, chrome={chromedriverVersion=2.24.417431 (9aea000394714d2fbb20850021f6204f2256b9cf), userDataDir=C:\Users\admin\AppData\Local\Temp\scoped_dir2296_277}, takesHeapSnapshot=true, pageLoadStrategy=normal, databaseEnabled=false, handlesAlerts=true, hasTouchScreen=false, version=56.0.2924.87, platform=XP, browserConnectionEnabled=false, nativeEvents=true, acceptSslCerts=true, locationContextEnabled=true, webStorageEnabled=true, browserName=chrome, takesScreenshot=true, javascriptEnabled=true, cssSelectorsEnabled=true}]
Session ID: 020fc88733d2dbcc6558068bcc92a142
*** Element info: {Using=xpath, value=//form[@id='jq_add_form_emp']//tr[3]//a}
	at org.openqa.selenium.remote.ErrorHandler.createThrowable(ErrorHandler.java:206)
	at org.openqa.selenium.remote.ErrorHandler.throwIfResponseFailed(ErrorHandler.java:158)
	at org.openqa.selenium.remote.RemoteWebDriver.execute(RemoteWebDriver.java:631)
	at org.openqa.selenium.remote.RemoteWebDriver.findElement(RemoteWebDriver.java:369)
	at org.openqa.selenium.remote.RemoteWebDriver.findElementByXPath(RemoteWebDriver.java:474)
	at org.openqa.selenium.By$ByXPath.findElement(By.java:361)
	at org.openqa.selenium.remote.RemoteWebDriver.findElement(RemoteWebDriver.java:361)
	at swiftpass.page.Page$2.apply(Page.java:164)
	at swiftpass.page.Page$2.apply(Page.java:1)
	at org.openqa.selenium.support.ui.FluentWait.until(FluentWait.java:238)
	... 30 more
... Removed 27 stack frames]]>
		</failure>
	</testcase> <!-- runAdd -->
	<testcase name="runSearch" time="3.777"
		classname="swiftpass.testcase.runners.EmpTestCaseRunner" />
	<testcase name="runSearch" time="5.255"
		classname="swiftpass.testcase.runners.EmpTestCaseRunner" />
	<testcase name="runSearch" time="5.147"
		classname="swiftpass.testcase.runners.EmpTestCaseRunner" />
	<testcase name="runSearch" time="3.68"
		classname="swiftpass.testcase.runners.EmpTestCaseRunner" />
	<testcase name="runSearch" time="3.665"
		classname="swiftpass.testcase.runners.EmpTestCaseRunner" />
	<testcase name="runSearch" time="3.673"
		classname="swiftpass.testcase.runners.EmpTestCaseRunner" />
	<testcase name="runSearch" time="16.4"
		classname="swiftpass.testcase.runners.EmpTestCaseRunner">
		<failure type="java.lang.AssertionError" message="expected [109] but found [0]">
      <![CDATA[java.lang.AssertionError: expected [109] but found [0]
	at swiftpass.testcase.channel.EmpTestCaseImpl.searchEmp(EmpTestCaseImpl.java:247)
	at swiftpass.testcase.runners.EmpTestCaseRunner.runSearch(EmpTestCaseRunner.java:99)
... Removed 31 stack frames]]>
		</failure>
	</testcase> <!-- runSearch -->
	<testcase name="runSearch" time="5.235"
		classname="swiftpass.testcase.runners.EmpTestCaseRunner" />
	<testcase name="runSearch" time="5.151"
		classname="swiftpass.testcase.runners.EmpTestCaseRunner" />
	<testcase name="runSearch" time="3.689"
		classname="swiftpass.testcase.runners.EmpTestCaseRunner" />
	<testcase name="runSearch" time="5.222"
		classname="swiftpass.testcase.runners.EmpTestCaseRunner" />
	<testcase name="runSearch" time="3.687"
		classname="swiftpass.testcase.runners.EmpTestCaseRunner" />
	<testcase name="runSearch" time="5.222"
		classname="swiftpass.testcase.runners.EmpTestCaseRunner" />
	<testcase name="runSearch" time="3.677"
		classname="swiftpass.testcase.runners.EmpTestCaseRunner" />
	<testcase name="runSearch" time="5.213"
		classname="swiftpass.testcase.runners.EmpTestCaseRunner" />
	<testcase name="runSearch" time="5.187"
		classname="swiftpass.testcase.runners.EmpTestCaseRunner" />
	<testcase name="runSearch" time="5.132"
		classname="swiftpass.testcase.runners.EmpTestCaseRunner" />
	<testcase name="runSearch" time="6.68"
		classname="swiftpass.testcase.runners.EmpTestCaseRunner" />
	<testcase name="runSearch" time="6.56"
		classname="swiftpass.testcase.runners.EmpTestCaseRunner" />
	<testcase name="runEdit" time="31.282"
		classname="swiftpass.testcase.runners.EmpTestCaseRunner" />
	<testcase name="runEdit" time="17.589"
		classname="swiftpass.testcase.runners.EmpTestCaseRunner" />
	<testcase name="runEdit" time="17.597"
		classname="swiftpass.testcase.runners.EmpTestCaseRunner" />
	<testcase name="runEdit" time="17.575"
		classname="swiftpass.testcase.runners.EmpTestCaseRunner" />
	<testcase name="runEdit" time="17.579"
		classname="swiftpass.testcase.runners.EmpTestCaseRunner" />
	<testcase name="runEdit" time="17.57"
		classname="swiftpass.testcase.runners.EmpTestCaseRunner" />
	<testcase name="runEdit" time="17.617"
		classname="swiftpass.testcase.runners.EmpTestCaseRunner" />
	<testcase name="runEdit" time="17.632"
		classname="swiftpass.testcase.runners.EmpTestCaseRunner" />
	<testcase name="runEdit" time="18.663"
		classname="swiftpass.testcase.runners.EmpTestCaseRunner" />
	<testcase name="runEdit" time="17.533"
		classname="swiftpass.testcase.runners.EmpTestCaseRunner" />
	<testcase name="runEdit" time="17.676"
		classname="swiftpass.testcase.runners.EmpTestCaseRunner" />
	<testcase name="runEdit" time="17.628"
		classname="swiftpass.testcase.runners.EmpTestCaseRunner" />
	<testcase name="runEdit" time="17.669"
		classname="swiftpass.testcase.runners.EmpTestCaseRunner" />
	<testcase name="runEdit" time="17.951"
		classname="swiftpass.testcase.runners.EmpTestCaseRunner" />
	<testcase name="runEdit" time="27.01"
		classname="swiftpass.testcase.runners.EmpTestCaseRunner" />
	<testcase name="runEdit" time="28.729"
		classname="swiftpass.testcase.runners.EmpTestCaseRunner" />
	<testcase name="runEdit" time="6.938"
		classname="swiftpass.testcase.runners.EmpTestCaseRunner" />
</testsuite> <!-- debug -->
